Removed Pin From Net: NetName=GND Pin=P1-9
Removed Pin From Net: NetName=VCC24 Pin=P1-10
Removed Member From Class: ClassName=总图 Member=P1
Added Component: Designator=C12(0603)
Added Component: Designator=C13(0603)
Added Component: Designator=C14(0603)
Added Component: Designator=C15(0603)
Added Component: Designator=C16(0603)
Added Component: Designator=C17(0603)
Added Component: Designator=C18(0603)
Added Component: Designator=C19(C0805)
Added Component: Designator=P3(IDE4)
Added Component: Designator=R105(0603)
Added Component: Designator=U2(LC-SOT-223)
Added Component: Designator=U26(LC-LQFP-48)
Added Component: Designator=U27(SOP-8)
Added Component: Designator=Y1(XTAL_US)
Added Pin To Net: NetName=GND Pin=C12-2
Added Pin To Net: NetName=GND Pin=C13-2
Added Pin To Net: NetName=GND Pin=C14-2
Added Pin To Net: NetName=GND Pin=C15-2
Added Pin To Net: NetName=GND Pin=C16-2
Added Pin To Net: NetName=GND Pin=C17-2
Added Pin To Net: NetName=GND Pin=C18-1
Added Pin To Net: NetName=GND Pin=C19-2
Added Pin To Net: NetName=GND Pin=P3-2
Added Pin To Net: NetName=GND Pin=U2-1
Added Pin To Net: NetName=VCC8 Pin=U2-3
Added Pin To Net: NetName=GND Pin=U26-8
Added Pin To Net: NetName=GND Pin=U26-23
Added Pin To Net: NetName=GND Pin=U26-35
Added Pin To Net: NetName=GND Pin=U26-44
Added Pin To Net: NetName=GND Pin=U26-47
Added Pin To Net: NetName=GND Pin=U27-2
Added Pin To Net: NetName=GND Pin=U27-8
Added Pin To Net: NetName=CAN_H Pin=R105-2
Added Pin To Net: NetName=CAN_H Pin=U27-7
Added Net: Name=CAN_H
Added Pin To Net: NetName=CAN_L Pin=R105-1
Added Pin To Net: NetName=CAN_L Pin=U27-6
Added Net: Name=CAN_L
Added Pin To Net: NetName=CAN_RX Pin=U26-45
Added Pin To Net: NetName=CAN_RX Pin=U27-4
Added Net: Name=CAN_RX
Added Pin To Net: NetName=CAN_TX Pin=U26-46
Added Pin To Net: NetName=CAN_TX Pin=U27-1
Added Net: Name=CAN_TX
Added Pin To Net: NetName=JTCK Pin=P3-4
Added Pin To Net: NetName=JTCK Pin=U26-37
Added Net: Name=JTCK
Added Pin To Net: NetName=JTMS Pin=P3-3
Added Pin To Net: NetName=JTMS Pin=U26-34
Added Net: Name=JTMS
Added Pin To Net: NetName=NetC16_1 Pin=C16-1
Added Pin To Net: NetName=NetC16_1 Pin=U26-5
Added Pin To Net: NetName=NetC16_1 Pin=Y1-1
Added Net: Name=NetC16_1
Added Pin To Net: NetName=NetC17_1 Pin=C17-1
Added Pin To Net: NetName=NetC17_1 Pin=U26-6
Added Pin To Net: NetName=NetC17_1 Pin=Y1-2
Added Net: Name=NetC17_1
Added Pin To Net: NetName=NRST Pin=C18-2
Added Pin To Net: NetName=NRST Pin=U26-7
Added Net: Name=NRST
Added Pin To Net: NetName=VCC3.3 Pin=C12-1
Added Pin To Net: NetName=VCC3.3 Pin=C13-1
Added Pin To Net: NetName=VCC3.3 Pin=C14-1
Added Pin To Net: NetName=VCC3.3 Pin=C15-1
Added Pin To Net: NetName=VCC3.3 Pin=P3-1
Added Pin To Net: NetName=VCC3.3 Pin=U2-2
Added Pin To Net: NetName=VCC3.3 Pin=U2-2
Added Pin To Net: NetName=VCC3.3 Pin=U26-1
Added Pin To Net: NetName=VCC3.3 Pin=U26-9
Added Pin To Net: NetName=VCC3.3 Pin=U26-24
Added Pin To Net: NetName=VCC3.3 Pin=U26-36
Added Pin To Net: NetName=VCC3.3 Pin=U26-48
Added Net: Name=VCC3.3
Added Pin To Net: NetName=VCC Pin=C19-1
Added Pin To Net: NetName=VCC Pin=U27-3
Added Net: Name=VCC
Added Member To Class: ClassName=总图 Member=Component C12 Cap
Added Member To Class: ClassName=总图 Member=Component C13 Cap
Added Member To Class: ClassName=总图 Member=Component C14 Cap
Added Member To Class: ClassName=总图 Member=Component C15 Cap
Added Member To Class: ClassName=总图 Member=Component C16 Cap
Added Member To Class: ClassName=总图 Member=Component C17 Cap
Added Member To Class: ClassName=总图 Member=Component C18 0.1uF
Added Member To Class: ClassName=总图 Member=Component C19 104
Added Member To Class: ClassName=总图 Member=Component P3 Header 4
Added Member To Class: ClassName=总图 Member=Component R105 120R
Added Member To Class: ClassName=总图 Member=Component U2 AMS1117
Added Member To Class: ClassName=总图 Member=Component U26 STM32F103C8T6
Added Member To Class: ClassName=总图 Member=Component U27 TJA1050
Added Member To Class: ClassName=总图 Member=Component Y1 8M
