Added Component: Designator=C12(0603-CAP)
Added Pin To Net: NetName=VCC3.3 Pin=C12-1
Added Pin To Net: NetName=GND Pin=C12-2
Added Member To Class: ClassName=cdh12 Member=Component C2_cdh12 (C2) 0.1uF
Added Member To Class: ClassName=cdh13 Member=Component C2_cdh13 (C2) 0.1uF
Added Member To Class: ClassName=змЭМ Member=Component C12 104
Added Member To Class: ClassName=cdh13 Member=Component R3_cdh13 (R3) 200K
Added Member To Class: ClassName=cdh13 Member=Component R4_cdh13 (R4) 3K
Added Member To Class: ClassName=cdh13 Member=Component R6_cdh13 (R6) 10K
Added Member To Class: ClassName=cdh13 Member=Component R12_cdh13 (R12) 30K
Added Member To Class: ClassName=cdh13 Member=Component R13_cdh13 (R13) 1K
Added Member To Class: ClassName=cdh13 Member=Component R14_cdh13 (R14) 1K
Added Member To Class: ClassName=cdh13 Member=Component R16_cdh13 (R16) 4.7K
Added Member To Class: ClassName=cdh13 Member=Component R18_cdh13 (R18) 10K
Added Member To Class: ClassName=cdh13 Member=Component R20_cdh13 (R20) 4.7K
Added Member To Class: ClassName=cdh13 Member=Component R22_cdh13 (R22) 4.7K
Added Member To Class: ClassName=cdh13 Member=Component R24_cdh13 (R24) 10K
Added Member To Class: ClassName=cdh13 Member=Component R26_cdh13 (R26) 10K
Added Member To Class: ClassName=cdh12 Member=Component U3_cdh12 (U3) LM317
Added Member To Class: ClassName=cdh13 Member=Component U3_cdh13 (U3) LM317
Added Member To Class: ClassName=cdh13 Member=Component U19_cdh13 (U19A) TLC2264
