Removed Pin From Net: NetName=GND Pin=C22-1
Removed Pin From Net: NetName=VCC8 Pin=C22-2
Removed Pin From Net: NetName=GND Pin=C23-2
Removed Pin From Net: NetName=GND Pin=D12-1
Removed Pin From Net: NetName=VCC8 Pin=L1-2
Removed Pin From Net: NetName=CDH1 Pin=Q2_cdh1-1
Removed Pin From Net: NetName=GND Pin=Q2_cdh1-3
Removed Pin From Net: NetName=CDH2 Pin=Q2_cdh2-1
Removed Pin From Net: NetName=GND Pin=Q2_cdh2-3
Removed Pin From Net: NetName=CDH3 Pin=Q2_cdh3-1
Removed Pin From Net: NetName=GND Pin=Q2_cdh3-3
Removed Pin From Net: NetName=CDH4 Pin=Q2_cdh4-1
Removed Pin From Net: NetName=GND Pin=Q2_cdh4-3
Removed Pin From Net: NetName=CDH5 Pin=Q2_cdh5-1
Removed Pin From Net: NetName=GND Pin=Q2_cdh5-3
Removed Pin From Net: NetName=CDH6 Pin=Q2_cdh6-1
Removed Pin From Net: NetName=GND Pin=Q2_cdh6-3
Removed Pin From Net: NetName=CDH7 Pin=Q2_cdh7-1
Removed Pin From Net: NetName=GND Pin=Q2_cdh7-3
Removed Pin From Net: NetName=CDH8 Pin=Q2_cdh8-1
Removed Pin From Net: NetName=GND Pin=Q2_cdh8-3
Removed Pin From Net: NetName=CDH9 Pin=Q2_cdh9-1
Removed Pin From Net: NetName=GND Pin=Q2_cdh9-3
Removed Pin From Net: NetName=CDH10 Pin=Q2_cdh10-1
Removed Pin From Net: NetName=GND Pin=Q2_cdh10-3
Removed Pin From Net: NetName=CDH11 Pin=Q2_cdh11-1
Removed Pin From Net: NetName=GND Pin=Q2_cdh11-3
Removed Pin From Net: NetName=CDH12 Pin=Q2_cdh12-1
Removed Pin From Net: NetName=GND Pin=Q2_cdh12-3
Removed Pin From Net: NetName=CDH13 Pin=Q2_cdh13-1
Removed Pin From Net: NetName=GND Pin=Q2_cdh13-3
Removed Pin From Net: NetName=CDH14 Pin=Q2_cdh14-1
Removed Pin From Net: NetName=GND Pin=Q2_cdh14-3
Removed Pin From Net: NetName=CDH15 Pin=Q2_cdh15-1
Removed Pin From Net: NetName=GND Pin=Q2_cdh15-3
Removed Pin From Net: NetName=CDH16 Pin=Q2_cdh16-1
Removed Pin From Net: NetName=GND Pin=Q2_cdh16-3
Removed Pin From Net: NetName=NetR6_cdh1_2 Pin=R8_cdh1-1
Removed Pin From Net: NetName=NetR6_cdh2_2 Pin=R8_cdh2-1
Removed Pin From Net: NetName=NetR6_cdh3_2 Pin=R8_cdh3-1
Removed Pin From Net: NetName=NetR6_cdh4_2 Pin=R8_cdh4-1
Removed Pin From Net: NetName=NetR6_cdh5_2 Pin=R8_cdh5-1
Removed Pin From Net: NetName=NetR6_cdh6_2 Pin=R8_cdh6-1
Removed Pin From Net: NetName=NetR6_cdh7_2 Pin=R8_cdh7-1
Removed Pin From Net: NetName=NetR6_cdh8_2 Pin=R8_cdh8-1
Removed Pin From Net: NetName=NetR6_cdh9_2 Pin=R8_cdh9-1
Removed Pin From Net: NetName=NetR6_cdh10_2 Pin=R8_cdh10-1
Removed Pin From Net: NetName=NetR6_cdh11_2 Pin=R8_cdh11-1
Removed Pin From Net: NetName=NetR6_cdh12_2 Pin=R8_cdh12-1
Removed Pin From Net: NetName=NetR6_cdh13_2 Pin=R8_cdh13-1
Removed Pin From Net: NetName=NetR6_cdh14_2 Pin=R8_cdh14-1
Removed Pin From Net: NetName=NetR6_cdh15_2 Pin=R8_cdh15-1
Removed Pin From Net: NetName=NetR6_cdh16_2 Pin=R8_cdh16-1
Removed Pin From Net: NetName=GND Pin=R20_cdh1-2
Removed Pin From Net: NetName=GND Pin=R20_cdh2-2
Removed Pin From Net: NetName=GND Pin=R20_cdh3-2
Removed Pin From Net: NetName=GND Pin=R20_cdh4-2
Removed Pin From Net: NetName=GND Pin=R20_cdh5-2
Removed Pin From Net: NetName=GND Pin=R20_cdh6-2
Removed Pin From Net: NetName=GND Pin=R20_cdh7-2
Removed Pin From Net: NetName=GND Pin=R20_cdh8-2
Removed Pin From Net: NetName=GND Pin=R20_cdh9-2
Removed Pin From Net: NetName=GND Pin=R20_cdh10-2
Removed Pin From Net: NetName=GND Pin=R20_cdh11-2
Removed Pin From Net: NetName=GND Pin=R20_cdh12-2
Removed Pin From Net: NetName=GND Pin=R20_cdh13-2
Removed Pin From Net: NetName=GND Pin=R20_cdh14-2
Removed Pin From Net: NetName=GND Pin=R20_cdh15-2
Removed Pin From Net: NetName=GND Pin=R20_cdh16-2
Removed Pin From Net: NetName=VCC8 Pin=R108-2
Removed Pin From Net: NetName=GND Pin=R109-2
Removed Pin From Net: NetName=GND Pin=R110-2
Removed Pin From Net: NetName=GND Pin=R111-2
Removed Pin From Net: NetName=GND Pin=R112-2
Removed Pin From Net: NetName=NetR4_cdh1_2 Pin=U19_cdh1-12
Removed Pin From Net: NetName=H1_IN1_cdh1 Pin=U19_cdh1-13
Removed Pin From Net: NetName=NetR4_cdh2_2 Pin=U19_cdh2-12
Removed Pin From Net: NetName=H1_IN1_cdh2 Pin=U19_cdh2-13
Removed Pin From Net: NetName=NetR4_cdh3_2 Pin=U19_cdh3-12
Removed Pin From Net: NetName=H1_IN1_cdh3 Pin=U19_cdh3-13
Removed Pin From Net: NetName=NetR4_cdh4_2 Pin=U19_cdh4-12
Removed Pin From Net: NetName=H1_IN1_cdh4 Pin=U19_cdh4-13
Removed Pin From Net: NetName=NetR4_cdh5_2 Pin=U19_cdh5-12
Removed Pin From Net: NetName=H1_IN1_cdh5 Pin=U19_cdh5-13
Removed Pin From Net: NetName=NetR4_cdh6_2 Pin=U19_cdh6-12
Removed Pin From Net: NetName=H1_IN1_cdh6 Pin=U19_cdh6-13
Removed Pin From Net: NetName=NetR4_cdh7_2 Pin=U19_cdh7-12
Removed Pin From Net: NetName=H1_IN1_cdh7 Pin=U19_cdh7-13
Removed Pin From Net: NetName=NetR4_cdh8_2 Pin=U19_cdh8-12
Removed Pin From Net: NetName=H1_IN1_cdh8 Pin=U19_cdh8-13
Removed Pin From Net: NetName=NetR4_cdh9_2 Pin=U19_cdh9-12
Removed Pin From Net: NetName=H1_IN1_cdh9 Pin=U19_cdh9-13
Removed Pin From Net: NetName=NetR4_cdh10_2 Pin=U19_cdh10-12
Removed Pin From Net: NetName=H1_IN1_cdh10 Pin=U19_cdh10-13
Removed Pin From Net: NetName=NetR4_cdh11_2 Pin=U19_cdh11-12
Removed Pin From Net: NetName=H1_IN1_cdh11 Pin=U19_cdh11-13
Removed Pin From Net: NetName=NetR4_cdh12_2 Pin=U19_cdh12-12
Removed Pin From Net: NetName=H1_IN1_cdh12 Pin=U19_cdh12-13
Removed Pin From Net: NetName=NetR4_cdh13_2 Pin=U19_cdh13-12
Removed Pin From Net: NetName=H1_IN1_cdh13 Pin=U19_cdh13-13
Removed Pin From Net: NetName=NetR4_cdh14_2 Pin=U19_cdh14-12
Removed Pin From Net: NetName=H1_IN1_cdh14 Pin=U19_cdh14-13
Removed Pin From Net: NetName=NetR4_cdh15_2 Pin=U19_cdh15-12
Removed Pin From Net: NetName=H1_IN1_cdh15 Pin=U19_cdh15-13
Removed Pin From Net: NetName=NetR4_cdh16_2 Pin=U19_cdh16-12
Removed Pin From Net: NetName=H1_IN1_cdh16 Pin=U19_cdh16-13
Removed Pin From Net: NetName=GND Pin=U28-5
Removed Member From Class: ClassName=总图 Member=C21
Removed Member From Class: ClassName=总图 Member=C22
Removed Member From Class: ClassName=总图 Member=C23
Removed Member From Class: ClassName=总图 Member=C24
Removed Member From Class: ClassName=cdh1 Member=D2_cdh1
Removed Member From Class: ClassName=cdh2 Member=D2_cdh2
Removed Member From Class: ClassName=cdh3 Member=D2_cdh3
Removed Member From Class: ClassName=cdh4 Member=D2_cdh4
Removed Member From Class: ClassName=cdh5 Member=D2_cdh5
Removed Member From Class: ClassName=cdh6 Member=D2_cdh6
Removed Member From Class: ClassName=cdh7 Member=D2_cdh7
Removed Member From Class: ClassName=cdh8 Member=D2_cdh8
Removed Member From Class: ClassName=cdh9 Member=D2_cdh9
Removed Member From Class: ClassName=cdh10 Member=D2_cdh10
Removed Member From Class: ClassName=cdh11 Member=D2_cdh11
Removed Member From Class: ClassName=cdh12 Member=D2_cdh12
Removed Member From Class: ClassName=cdh13 Member=D2_cdh13
Removed Member From Class: ClassName=cdh14 Member=D2_cdh14
Removed Member From Class: ClassName=cdh15 Member=D2_cdh15
Removed Member From Class: ClassName=cdh16 Member=D2_cdh16
Removed Member From Class: ClassName=总图 Member=D12
Removed Member From Class: ClassName=总图 Member=L1
Removed Member From Class: ClassName=cdh1 Member=Q2_cdh1
Removed Member From Class: ClassName=cdh2 Member=Q2_cdh2
Removed Member From Class: ClassName=cdh3 Member=Q2_cdh3
Removed Member From Class: ClassName=cdh4 Member=Q2_cdh4
Removed Member From Class: ClassName=cdh5 Member=Q2_cdh5
Removed Member From Class: ClassName=cdh6 Member=Q2_cdh6
Removed Member From Class: ClassName=cdh7 Member=Q2_cdh7
Removed Member From Class: ClassName=cdh8 Member=Q2_cdh8
Removed Member From Class: ClassName=cdh9 Member=Q2_cdh9
Removed Member From Class: ClassName=cdh10 Member=Q2_cdh10
Removed Member From Class: ClassName=cdh11 Member=Q2_cdh11
Removed Member From Class: ClassName=cdh12 Member=Q2_cdh12
Removed Member From Class: ClassName=cdh13 Member=Q2_cdh13
Removed Member From Class: ClassName=cdh14 Member=Q2_cdh14
Removed Member From Class: ClassName=cdh15 Member=Q2_cdh15
Removed Member From Class: ClassName=cdh16 Member=Q2_cdh16
Removed Member From Class: ClassName=cdh1 Member=R8_cdh1
Removed Member From Class: ClassName=cdh2 Member=R8_cdh2
Removed Member From Class: ClassName=cdh3 Member=R8_cdh3
Removed Member From Class: ClassName=cdh4 Member=R8_cdh4
Removed Member From Class: ClassName=cdh5 Member=R8_cdh5
Removed Member From Class: ClassName=cdh6 Member=R8_cdh6
Removed Member From Class: ClassName=cdh7 Member=R8_cdh7
Removed Member From Class: ClassName=cdh8 Member=R8_cdh8
Removed Member From Class: ClassName=cdh9 Member=R8_cdh9
Removed Member From Class: ClassName=cdh10 Member=R8_cdh10
Removed Member From Class: ClassName=cdh11 Member=R8_cdh11
Removed Member From Class: ClassName=cdh12 Member=R8_cdh12
Removed Member From Class: ClassName=cdh13 Member=R8_cdh13
Removed Member From Class: ClassName=cdh14 Member=R8_cdh14
Removed Member From Class: ClassName=cdh15 Member=R8_cdh15
Removed Member From Class: ClassName=cdh16 Member=R8_cdh16
Removed Member From Class: ClassName=总图 Member=R107
Removed Member From Class: ClassName=总图 Member=R108
Removed Member From Class: ClassName=总图 Member=R109
Removed Member From Class: ClassName=总图 Member=R110
Removed Member From Class: ClassName=总图 Member=R111
Removed Member From Class: ClassName=总图 Member=R112
Removed Member From Class: ClassName=总图 Member=U28
Change Component Footprint: Designator=R3_cdh1 Old Footprint=0805 New Footprint=0603_R
Change Component Footprint: Designator=R3_cdh2 Old Footprint=0805 New Footprint=0603_R
Change Component Footprint: Designator=R3_cdh3 Old Footprint=0805 New Footprint=0603_R
Change Component Footprint: Designator=R3_cdh4 Old Footprint=0805 New Footprint=0603_R
Change Component Footprint: Designator=R3_cdh5 Old Footprint=0805 New Footprint=0603_R
Change Component Footprint: Designator=R3_cdh6 Old Footprint=0805 New Footprint=0603_R
Change Component Footprint: Designator=R3_cdh7 Old Footprint=0805 New Footprint=0603_R
Change Component Footprint: Designator=R3_cdh8 Old Footprint=0805 New Footprint=0603_R
Change Component Footprint: Designator=R3_cdh9 Old Footprint=0805 New Footprint=0603_R
Change Component Footprint: Designator=R3_cdh10 Old Footprint=0805 New Footprint=0603_R
Change Component Footprint: Designator=R3_cdh11 Old Footprint=0805 New Footprint=0603_R
Change Component Footprint: Designator=R3_cdh12 Old Footprint=0805 New Footprint=0603_R
Change Component Footprint: Designator=R3_cdh13 Old Footprint=0805 New Footprint=0603_R
Change Component Footprint: Designator=R3_cdh14 Old Footprint=0805 New Footprint=0603_R
Change Component Footprint: Designator=R3_cdh15 Old Footprint=0805 New Footprint=0603_R
Change Component Footprint: Designator=R3_cdh16 Old Footprint=0805 New Footprint=0603_R
Change Component Footprint: Designator=R4_cdh1 Old Footprint=0805 New Footprint=0603_R
Change Component Footprint: Designator=R4_cdh2 Old Footprint=0805 New Footprint=0603_R
Change Component Footprint: Designator=R4_cdh3 Old Footprint=0805 New Footprint=0603_R
Change Component Footprint: Designator=R4_cdh4 Old Footprint=0805 New Footprint=0603_R
Change Component Footprint: Designator=R4_cdh5 Old Footprint=0805 New Footprint=0603_R
Change Component Footprint: Designator=R4_cdh6 Old Footprint=0805 New Footprint=0603_R
Change Component Footprint: Designator=R4_cdh7 Old Footprint=0805 New Footprint=0603_R
Change Component Footprint: Designator=R4_cdh8 Old Footprint=0805 New Footprint=0603_R
Change Component Footprint: Designator=R4_cdh9 Old Footprint=0805 New Footprint=0603_R
Change Component Footprint: Designator=R4_cdh10 Old Footprint=0805 New Footprint=0603_R
Change Component Footprint: Designator=R4_cdh11 Old Footprint=0805 New Footprint=0603_R
Change Component Footprint: Designator=R4_cdh12 Old Footprint=0805 New Footprint=0603_R
Change Component Footprint: Designator=R4_cdh13 Old Footprint=0805 New Footprint=0603_R
Change Component Footprint: Designator=R4_cdh14 Old Footprint=0805 New Footprint=0603_R
Change Component Footprint: Designator=R4_cdh15 Old Footprint=0805 New Footprint=0603_R
Change Component Footprint: Designator=R4_cdh16 Old Footprint=0805 New Footprint=0603_R
Change Component Footprint: Designator=R6_cdh1 Old Footprint=0805 New Footprint=0603_R
Change Component Footprint: Designator=R6_cdh2 Old Footprint=0805 New Footprint=0603_R
Change Component Footprint: Designator=R6_cdh3 Old Footprint=0805 New Footprint=0603_R
Change Component Footprint: Designator=R6_cdh4 Old Footprint=0805 New Footprint=0603_R
Change Component Footprint: Designator=R6_cdh5 Old Footprint=0805 New Footprint=0603_R
Change Component Footprint: Designator=R6_cdh6 Old Footprint=0805 New Footprint=0603_R
Change Component Footprint: Designator=R6_cdh7 Old Footprint=0805 New Footprint=0603_R
Change Component Footprint: Designator=R6_cdh8 Old Footprint=0805 New Footprint=0603_R
Change Component Footprint: Designator=R6_cdh9 Old Footprint=0805 New Footprint=0603_R
Change Component Footprint: Designator=R6_cdh10 Old Footprint=0805 New Footprint=0603_R
Change Component Footprint: Designator=R6_cdh11 Old Footprint=0805 New Footprint=0603_R
Change Component Footprint: Designator=R6_cdh12 Old Footprint=0805 New Footprint=0603_R
Change Component Footprint: Designator=R6_cdh13 Old Footprint=0805 New Footprint=0603_R
Change Component Footprint: Designator=R6_cdh14 Old Footprint=0805 New Footprint=0603_R
Change Component Footprint: Designator=R6_cdh15 Old Footprint=0805 New Footprint=0603_R
Change Component Footprint: Designator=R6_cdh16 Old Footprint=0805 New Footprint=0603_R
Change Component Footprint: Designator=R12_cdh1 Old Footprint=0805 New Footprint=0603_R
Change Component Footprint: Designator=R12_cdh2 Old Footprint=0805 New Footprint=0603_R
Change Component Footprint: Designator=R12_cdh3 Old Footprint=0805 New Footprint=0603_R
Change Component Footprint: Designator=R12_cdh4 Old Footprint=0805 New Footprint=0603_R
Change Component Footprint: Designator=R12_cdh5 Old Footprint=0805 New Footprint=0603_R
Change Component Footprint: Designator=R12_cdh6 Old Footprint=0805 New Footprint=0603_R
Change Component Footprint: Designator=R12_cdh7 Old Footprint=0805 New Footprint=0603_R
Change Component Footprint: Designator=R12_cdh8 Old Footprint=0805 New Footprint=0603_R
Change Component Footprint: Designator=R12_cdh9 Old Footprint=0805 New Footprint=0603_R
Change Component Footprint: Designator=R12_cdh10 Old Footprint=0805 New Footprint=0603_R
Change Component Footprint: Designator=R12_cdh11 Old Footprint=0805 New Footprint=0603_R
Change Component Footprint: Designator=R12_cdh12 Old Footprint=0805 New Footprint=0603_R
Change Component Footprint: Designator=R12_cdh13 Old Footprint=0805 New Footprint=0603_R
Change Component Footprint: Designator=R12_cdh14 Old Footprint=0805 New Footprint=0603_R
Change Component Footprint: Designator=R12_cdh15 Old Footprint=0805 New Footprint=0603_R
Change Component Footprint: Designator=R12_cdh16 Old Footprint=0805 New Footprint=0603_R
Change Component Footprint: Designator=R13_cdh1 Old Footprint=0805 New Footprint=0603_R
Change Component Footprint: Designator=R13_cdh2 Old Footprint=0805 New Footprint=0603_R
Change Component Footprint: Designator=R13_cdh3 Old Footprint=0805 New Footprint=0603_R
Change Component Footprint: Designator=R13_cdh4 Old Footprint=0805 New Footprint=0603_R
Change Component Footprint: Designator=R13_cdh5 Old Footprint=0805 New Footprint=0603_R
Change Component Footprint: Designator=R13_cdh6 Old Footprint=0805 New Footprint=0603_R
Change Component Footprint: Designator=R13_cdh7 Old Footprint=0805 New Footprint=0603_R
Change Component Footprint: Designator=R13_cdh8 Old Footprint=0805 New Footprint=0603_R
Change Component Footprint: Designator=R13_cdh9 Old Footprint=0805 New Footprint=0603_R
Change Component Footprint: Designator=R13_cdh10 Old Footprint=0805 New Footprint=0603_R
Change Component Footprint: Designator=R13_cdh11 Old Footprint=0805 New Footprint=0603_R
Change Component Footprint: Designator=R13_cdh12 Old Footprint=0805 New Footprint=0603_R
Change Component Footprint: Designator=R13_cdh13 Old Footprint=0805 New Footprint=0603_R
Change Component Footprint: Designator=R13_cdh14 Old Footprint=0805 New Footprint=0603_R
Change Component Footprint: Designator=R13_cdh15 Old Footprint=0805 New Footprint=0603_R
Change Component Footprint: Designator=R13_cdh16 Old Footprint=0805 New Footprint=0603_R
Change Component Footprint: Designator=R14_cdh1 Old Footprint=0805 New Footprint=0603_R
Change Component Footprint: Designator=R14_cdh2 Old Footprint=0805 New Footprint=0603_R
Change Component Footprint: Designator=R14_cdh3 Old Footprint=0805 New Footprint=0603_R
Change Component Footprint: Designator=R14_cdh4 Old Footprint=0805 New Footprint=0603_R
Change Component Footprint: Designator=R14_cdh5 Old Footprint=0805 New Footprint=0603_R
Change Component Footprint: Designator=R14_cdh6 Old Footprint=0805 New Footprint=0603_R
Change Component Footprint: Designator=R14_cdh7 Old Footprint=0805 New Footprint=0603_R
Change Component Footprint: Designator=R14_cdh8 Old Footprint=0805 New Footprint=0603_R
Change Component Footprint: Designator=R14_cdh9 Old Footprint=0805 New Footprint=0603_R
Change Component Footprint: Designator=R14_cdh10 Old Footprint=0805 New Footprint=0603_R
Change Component Footprint: Designator=R14_cdh11 Old Footprint=0805 New Footprint=0603_R
Change Component Footprint: Designator=R14_cdh12 Old Footprint=0805 New Footprint=0603_R
Change Component Footprint: Designator=R14_cdh13 Old Footprint=0805 New Footprint=0603_R
Change Component Footprint: Designator=R14_cdh14 Old Footprint=0805 New Footprint=0603_R
Change Component Footprint: Designator=R14_cdh15 Old Footprint=0805 New Footprint=0603_R
Change Component Footprint: Designator=R14_cdh16 Old Footprint=0805 New Footprint=0603_R
Change Component Footprint: Designator=R18_cdh1 Old Footprint=0805 New Footprint=0603_R
Change Component Footprint: Designator=R18_cdh2 Old Footprint=0805 New Footprint=0603_R
Change Component Footprint: Designator=R18_cdh3 Old Footprint=0805 New Footprint=0603_R
Change Component Footprint: Designator=R18_cdh4 Old Footprint=0805 New Footprint=0603_R
Change Component Footprint: Designator=R18_cdh5 Old Footprint=0805 New Footprint=0603_R
Change Component Footprint: Designator=R18_cdh6 Old Footprint=0805 New Footprint=0603_R
Change Component Footprint: Designator=R18_cdh7 Old Footprint=0805 New Footprint=0603_R
Change Component Footprint: Designator=R18_cdh8 Old Footprint=0805 New Footprint=0603_R
Change Component Footprint: Designator=R18_cdh9 Old Footprint=0805 New Footprint=0603_R
Change Component Footprint: Designator=R18_cdh10 Old Footprint=0805 New Footprint=0603_R
Change Component Footprint: Designator=R18_cdh11 Old Footprint=0805 New Footprint=0603_R
Change Component Footprint: Designator=R18_cdh12 Old Footprint=0805 New Footprint=0603_R
Change Component Footprint: Designator=R18_cdh13 Old Footprint=0805 New Footprint=0603_R
Change Component Footprint: Designator=R18_cdh14 Old Footprint=0805 New Footprint=0603_R
Change Component Footprint: Designator=R18_cdh15 Old Footprint=0805 New Footprint=0603_R
Change Component Footprint: Designator=R18_cdh16 Old Footprint=0805 New Footprint=0603_R
Change Component Footprint: Designator=R22_cdh1 Old Footprint=0805 New Footprint=0603_R
Change Component Footprint: Designator=R22_cdh2 Old Footprint=0805 New Footprint=0603_R
Change Component Footprint: Designator=R22_cdh3 Old Footprint=0805 New Footprint=0603_R
Change Component Footprint: Designator=R22_cdh4 Old Footprint=0805 New Footprint=0603_R
Change Component Footprint: Designator=R22_cdh5 Old Footprint=0805 New Footprint=0603_R
Change Component Footprint: Designator=R22_cdh6 Old Footprint=0805 New Footprint=0603_R
Change Component Footprint: Designator=R22_cdh7 Old Footprint=0805 New Footprint=0603_R
Change Component Footprint: Designator=R22_cdh8 Old Footprint=0805 New Footprint=0603_R
Change Component Footprint: Designator=R22_cdh9 Old Footprint=0805 New Footprint=0603_R
Change Component Footprint: Designator=R22_cdh10 Old Footprint=0805 New Footprint=0603_R
Change Component Footprint: Designator=R22_cdh11 Old Footprint=0805 New Footprint=0603_R
Change Component Footprint: Designator=R22_cdh12 Old Footprint=0805 New Footprint=0603_R
Change Component Footprint: Designator=R22_cdh13 Old Footprint=0805 New Footprint=0603_R
Change Component Footprint: Designator=R22_cdh14 Old Footprint=0805 New Footprint=0603_R
Change Component Footprint: Designator=R22_cdh15 Old Footprint=0805 New Footprint=0603_R
Change Component Footprint: Designator=R22_cdh16 Old Footprint=0805 New Footprint=0603_R
Change Component Footprint: Designator=R24_cdh1 Old Footprint=0805 New Footprint=0603_R
Change Component Footprint: Designator=R24_cdh2 Old Footprint=0805 New Footprint=0603_R
Change Component Footprint: Designator=R24_cdh3 Old Footprint=0805 New Footprint=0603_R
Change Component Footprint: Designator=R24_cdh4 Old Footprint=0805 New Footprint=0603_R
Change Component Footprint: Designator=R24_cdh5 Old Footprint=0805 New Footprint=0603_R
Change Component Footprint: Designator=R24_cdh6 Old Footprint=0805 New Footprint=0603_R
Change Component Footprint: Designator=R24_cdh7 Old Footprint=0805 New Footprint=0603_R
Change Component Footprint: Designator=R24_cdh8 Old Footprint=0805 New Footprint=0603_R
Change Component Footprint: Designator=R24_cdh9 Old Footprint=0805 New Footprint=0603_R
Change Component Footprint: Designator=R24_cdh10 Old Footprint=0805 New Footprint=0603_R
Change Component Footprint: Designator=R24_cdh11 Old Footprint=0805 New Footprint=0603_R
Change Component Footprint: Designator=R24_cdh12 Old Footprint=0805 New Footprint=0603_R
Change Component Footprint: Designator=R24_cdh13 Old Footprint=0805 New Footprint=0603_R
Change Component Footprint: Designator=R24_cdh14 Old Footprint=0805 New Footprint=0603_R
Change Component Footprint: Designator=R24_cdh15 Old Footprint=0805 New Footprint=0603_R
Change Component Footprint: Designator=R24_cdh16 Old Footprint=0805 New Footprint=0603_R
Change Component Footprint: Designator=R26_cdh1 Old Footprint=0805 New Footprint=0603_R
Change Component Footprint: Designator=R26_cdh2 Old Footprint=0805 New Footprint=0603_R
Change Component Footprint: Designator=R26_cdh3 Old Footprint=0805 New Footprint=0603_R
Change Component Footprint: Designator=R26_cdh4 Old Footprint=0805 New Footprint=0603_R
Change Component Footprint: Designator=R26_cdh5 Old Footprint=0805 New Footprint=0603_R
Change Component Footprint: Designator=R26_cdh6 Old Footprint=0805 New Footprint=0603_R
Change Component Footprint: Designator=R26_cdh7 Old Footprint=0805 New Footprint=0603_R
Change Component Footprint: Designator=R26_cdh8 Old Footprint=0805 New Footprint=0603_R
Change Component Footprint: Designator=R26_cdh9 Old Footprint=0805 New Footprint=0603_R
Change Component Footprint: Designator=R26_cdh10 Old Footprint=0805 New Footprint=0603_R
Change Component Footprint: Designator=R26_cdh11 Old Footprint=0805 New Footprint=0603_R
Change Component Footprint: Designator=R26_cdh12 Old Footprint=0805 New Footprint=0603_R
Change Component Footprint: Designator=R26_cdh13 Old Footprint=0805 New Footprint=0603_R
Change Component Footprint: Designator=R26_cdh14 Old Footprint=0805 New Footprint=0603_R
Change Component Footprint: Designator=R26_cdh15 Old Footprint=0805 New Footprint=0603_R
Change Component Footprint: Designator=R26_cdh16 Old Footprint=0805 New Footprint=0603_R
Change Component Comment : Designator=R22_cdh1 Old Comment=1M New Comment=4.7K
Change Component Comment : Designator=R22_cdh2 Old Comment=1M New Comment=4.7K
Change Component Comment : Designator=R22_cdh3 Old Comment=1M New Comment=4.7K
Change Component Comment : Designator=R22_cdh4 Old Comment=1M New Comment=4.7K
Change Component Comment : Designator=R22_cdh5 Old Comment=1M New Comment=4.7K
Change Component Comment : Designator=R22_cdh6 Old Comment=1M New Comment=4.7K
Change Component Comment : Designator=R22_cdh7 Old Comment=1M New Comment=4.7K
Change Component Comment : Designator=R22_cdh8 Old Comment=1M New Comment=4.7K
Change Component Comment : Designator=R22_cdh9 Old Comment=1M New Comment=4.7K
Change Component Comment : Designator=R22_cdh10 Old Comment=1M New Comment=4.7K
Change Component Comment : Designator=R22_cdh11 Old Comment=1M New Comment=4.7K
Change Component Comment : Designator=R22_cdh12 Old Comment=1M New Comment=4.7K
Change Component Comment : Designator=R22_cdh13 Old Comment=1M New Comment=4.7K
Change Component Comment : Designator=R22_cdh14 Old Comment=1M New Comment=4.7K
Change Component Comment : Designator=R22_cdh15 Old Comment=1M New Comment=4.7K
Change Component Comment : Designator=R22_cdh16 Old Comment=1M New Comment=4.7K
Change Component Comment : Designator=R18_cdh1 Old Comment=2.2K New Comment=10K
Change Component Comment : Designator=R18_cdh2 Old Comment=2.2K New Comment=10K
Change Component Comment : Designator=R18_cdh3 Old Comment=2.2K New Comment=10K
Change Component Comment : Designator=R18_cdh4 Old Comment=2.2K New Comment=10K
Change Component Comment : Designator=R18_cdh5 Old Comment=2.2K New Comment=10K
Change Component Comment : Designator=R18_cdh6 Old Comment=2.2K New Comment=10K
Change Component Comment : Designator=R18_cdh7 Old Comment=2.2K New Comment=10K
Change Component Comment : Designator=R18_cdh8 Old Comment=2.2K New Comment=10K
Change Component Comment : Designator=R18_cdh9 Old Comment=2.2K New Comment=10K
Change Component Comment : Designator=R18_cdh10 Old Comment=2.2K New Comment=10K
Change Component Comment : Designator=R18_cdh11 Old Comment=2.2K New Comment=10K
Change Component Comment : Designator=R18_cdh12 Old Comment=2.2K New Comment=10K
Change Component Comment : Designator=R18_cdh13 Old Comment=2.2K New Comment=10K
Change Component Comment : Designator=R18_cdh14 Old Comment=2.2K New Comment=10K
Change Component Comment : Designator=R18_cdh15 Old Comment=2.2K New Comment=10K
Change Component Comment : Designator=R18_cdh16 Old Comment=2.2K New Comment=10K
Change Component Comment : Designator=R6_cdh1 Old Comment=8.2K New Comment=10K
Change Component Comment : Designator=R6_cdh2 Old Comment=8.2K New Comment=10K
Change Component Comment : Designator=R6_cdh3 Old Comment=8.2K New Comment=10K
Change Component Comment : Designator=R6_cdh4 Old Comment=8.2K New Comment=10K
Change Component Comment : Designator=R6_cdh5 Old Comment=8.2K New Comment=10K
Change Component Comment : Designator=R6_cdh6 Old Comment=8.2K New Comment=10K
Change Component Comment : Designator=R6_cdh7 Old Comment=8.2K New Comment=10K
Change Component Comment : Designator=R6_cdh8 Old Comment=8.2K New Comment=10K
Change Component Comment : Designator=R6_cdh9 Old Comment=8.2K New Comment=10K
Change Component Comment : Designator=R6_cdh10 Old Comment=8.2K New Comment=10K
Change Component Comment : Designator=R6_cdh11 Old Comment=8.2K New Comment=10K
Change Component Comment : Designator=R6_cdh12 Old Comment=8.2K New Comment=10K
Change Component Comment : Designator=R6_cdh13 Old Comment=8.2K New Comment=10K
Change Component Comment : Designator=R6_cdh14 Old Comment=8.2K New Comment=10K
Change Component Comment : Designator=R6_cdh15 Old Comment=8.2K New Comment=10K
Change Component Comment : Designator=R6_cdh16 Old Comment=8.2K New Comment=10K
Change Component Comment : Designator=R3_cdh1 Old Comment=390K New Comment=200K
Change Component Comment : Designator=R3_cdh2 Old Comment=390K New Comment=200K
Change Component Comment : Designator=R3_cdh3 Old Comment=390K New Comment=200K
Change Component Comment : Designator=R3_cdh4 Old Comment=390K New Comment=200K
Change Component Comment : Designator=R3_cdh5 Old Comment=390K New Comment=200K
Change Component Comment : Designator=R3_cdh6 Old Comment=390K New Comment=200K
Change Component Comment : Designator=R3_cdh7 Old Comment=390K New Comment=200K
Change Component Comment : Designator=R3_cdh8 Old Comment=390K New Comment=200K
Change Component Comment : Designator=R3_cdh9 Old Comment=390K New Comment=200K
Change Component Comment : Designator=R3_cdh10 Old Comment=390K New Comment=200K
Change Component Comment : Designator=R3_cdh11 Old Comment=390K New Comment=200K
Change Component Comment : Designator=R3_cdh12 Old Comment=390K New Comment=200K
Change Component Comment : Designator=R3_cdh13 Old Comment=390K New Comment=200K
Change Component Comment : Designator=R3_cdh14 Old Comment=390K New Comment=200K
Change Component Comment : Designator=R3_cdh15 Old Comment=390K New Comment=200K
Change Component Comment : Designator=R3_cdh16 Old Comment=390K New Comment=200K
Added Component: Designator=C12(0603-CAP)
Added Component: Designator=C?(CAP-6*12)
Added Component: Designator=C?(0603_C)
Added Component: Designator=C?(0603_C)
Added Component: Designator=VR1(TO-252-2-180)
Added Pin To Net: NetName=VCC3.3 Pin=C12-1
Added Pin To Net: NetName=GND Pin=C12-2
Added Pin To Net: NetName=GND Pin=C?-1
Added Pin To Net: NetName=GND Pin=C?-1
Added Pin To Net: NetName=GND Pin=C?-2
Added Pin To Net: NetName=VCC8 Pin=C?-2
Added Pin To Net: NetName=NetR6_cdh1_2 Pin=R12_cdh1-1
Added Pin To Net: NetName=NetR6_cdh2_2 Pin=R12_cdh2-1
Added Pin To Net: NetName=NetR6_cdh3_2 Pin=R12_cdh3-1
Added Pin To Net: NetName=NetR6_cdh4_2 Pin=R12_cdh4-1
Added Pin To Net: NetName=NetR6_cdh5_2 Pin=R12_cdh5-1
Added Pin To Net: NetName=NetR6_cdh6_2 Pin=R12_cdh6-1
Added Pin To Net: NetName=NetR6_cdh7_2 Pin=R12_cdh7-1
Added Pin To Net: NetName=NetR6_cdh8_2 Pin=R12_cdh8-1
Added Pin To Net: NetName=NetR6_cdh9_2 Pin=R12_cdh9-1
Added Pin To Net: NetName=NetR6_cdh10_2 Pin=R12_cdh10-1
Added Pin To Net: NetName=NetR6_cdh11_2 Pin=R12_cdh11-1
Added Pin To Net: NetName=NetR6_cdh12_2 Pin=R12_cdh12-1
Added Pin To Net: NetName=NetR6_cdh13_2 Pin=R12_cdh13-1
Added Pin To Net: NetName=NetR6_cdh14_2 Pin=R12_cdh14-1
Added Pin To Net: NetName=NetR6_cdh15_2 Pin=R12_cdh15-1
Added Pin To Net: NetName=NetR6_cdh16_2 Pin=R12_cdh16-1
Added Pin To Net: NetName=CDH1 Pin=R16_cdh1-2
Added Pin To Net: NetName=CDH2 Pin=R16_cdh2-2
Added Pin To Net: NetName=CDH3 Pin=R16_cdh3-2
Added Pin To Net: NetName=CDH4 Pin=R16_cdh4-2
Added Pin To Net: NetName=CDH5 Pin=R16_cdh5-2
Added Pin To Net: NetName=CDH6 Pin=R16_cdh6-2
Added Pin To Net: NetName=CDH7 Pin=R16_cdh7-2
Added Pin To Net: NetName=CDH8 Pin=R16_cdh8-2
Added Pin To Net: NetName=CDH9 Pin=R16_cdh9-2
Added Pin To Net: NetName=CDH10 Pin=R16_cdh10-2
Added Pin To Net: NetName=CDH11 Pin=R16_cdh11-2
Added Pin To Net: NetName=CDH12 Pin=R16_cdh12-2
Added Pin To Net: NetName=CDH13 Pin=R16_cdh13-2
Added Pin To Net: NetName=CDH14 Pin=R16_cdh14-2
Added Pin To Net: NetName=CDH15 Pin=R16_cdh15-2
Added Pin To Net: NetName=CDH16 Pin=R16_cdh16-2
Added Pin To Net: NetName=NetR6_cdh1_2 Pin=R18_cdh1-2
Added Pin To Net: NetName=NetR6_cdh2_2 Pin=R18_cdh2-2
Added Pin To Net: NetName=NetR6_cdh3_2 Pin=R18_cdh3-2
Added Pin To Net: NetName=NetR6_cdh4_2 Pin=R18_cdh4-2
Added Pin To Net: NetName=NetR6_cdh5_2 Pin=R18_cdh5-2
Added Pin To Net: NetName=NetR6_cdh6_2 Pin=R18_cdh6-2
Added Pin To Net: NetName=NetR6_cdh7_2 Pin=R18_cdh7-2
Added Pin To Net: NetName=NetR6_cdh8_2 Pin=R18_cdh8-2
Added Pin To Net: NetName=NetR6_cdh9_2 Pin=R18_cdh9-2
Added Pin To Net: NetName=NetR6_cdh10_2 Pin=R18_cdh10-2
Added Pin To Net: NetName=NetR6_cdh11_2 Pin=R18_cdh11-2
Added Pin To Net: NetName=NetR6_cdh12_2 Pin=R18_cdh12-2
Added Pin To Net: NetName=NetR6_cdh13_2 Pin=R18_cdh13-2
Added Pin To Net: NetName=NetR6_cdh14_2 Pin=R18_cdh14-2
Added Pin To Net: NetName=NetR6_cdh15_2 Pin=R18_cdh15-2
Added Pin To Net: NetName=NetR6_cdh16_2 Pin=R18_cdh16-2
Added Pin To Net: NetName=GND Pin=R20_cdh1-1
Added Pin To Net: NetName=CDH1 Pin=R20_cdh1-2
Added Pin To Net: NetName=GND Pin=R20_cdh2-1
Added Pin To Net: NetName=CDH2 Pin=R20_cdh2-2
Added Pin To Net: NetName=GND Pin=R20_cdh3-1
Added Pin To Net: NetName=CDH3 Pin=R20_cdh3-2
Added Pin To Net: NetName=GND Pin=R20_cdh4-1
Added Pin To Net: NetName=CDH4 Pin=R20_cdh4-2
Added Pin To Net: NetName=GND Pin=R20_cdh5-1
Added Pin To Net: NetName=CDH5 Pin=R20_cdh5-2
Added Pin To Net: NetName=GND Pin=R20_cdh6-1
Added Pin To Net: NetName=CDH6 Pin=R20_cdh6-2
Added Pin To Net: NetName=GND Pin=R20_cdh7-1
Added Pin To Net: NetName=CDH7 Pin=R20_cdh7-2
Added Pin To Net: NetName=GND Pin=R20_cdh8-1
Added Pin To Net: NetName=CDH8 Pin=R20_cdh8-2
Added Pin To Net: NetName=GND Pin=R20_cdh9-1
Added Pin To Net: NetName=CDH9 Pin=R20_cdh9-2
Added Pin To Net: NetName=GND Pin=R20_cdh10-1
Added Pin To Net: NetName=CDH10 Pin=R20_cdh10-2
Added Pin To Net: NetName=GND Pin=R20_cdh11-1
Added Pin To Net: NetName=CDH11 Pin=R20_cdh11-2
Added Pin To Net: NetName=GND Pin=R20_cdh12-1
Added Pin To Net: NetName=CDH12 Pin=R20_cdh12-2
Added Pin To Net: NetName=GND Pin=R20_cdh13-1
Added Pin To Net: NetName=CDH13 Pin=R20_cdh13-2
Added Pin To Net: NetName=GND Pin=R20_cdh14-1
Added Pin To Net: NetName=CDH14 Pin=R20_cdh14-2
Added Pin To Net: NetName=GND Pin=R20_cdh15-1
Added Pin To Net: NetName=CDH15 Pin=R20_cdh15-2
Added Pin To Net: NetName=GND Pin=R20_cdh16-1
Added Pin To Net: NetName=CDH16 Pin=R20_cdh16-2
Added Pin To Net: NetName=VCC8 Pin=VR1-1
Added Pin To Net: NetName=GND Pin=VR1-2
Added Pin To Net: NetName=NetC?_1 Pin=C?-1
Added Pin To Net: NetName=NetC?_1 Pin=C?-2
Added Pin To Net: NetName=NetC?_1 Pin=F3-2
Added Pin To Net: NetName=NetC?_1 Pin=VR1-3
Added Net: Name=NetC?_1
Added Pin To Net: NetName=NetR16_cdh1_1 Pin=R16_cdh1-1
Added Pin To Net: NetName=NetR16_cdh1_1 Pin=R22_cdh1-2
Added Net: Name=NetR16_cdh1_1
Added Pin To Net: NetName=NetR16_cdh2_1 Pin=R16_cdh2-1
Added Pin To Net: NetName=NetR16_cdh2_1 Pin=R22_cdh2-2
Added Net: Name=NetR16_cdh2_1
Added Pin To Net: NetName=NetR16_cdh3_1 Pin=R16_cdh3-1
Added Pin To Net: NetName=NetR16_cdh3_1 Pin=R22_cdh3-2
Added Net: Name=NetR16_cdh3_1
Added Pin To Net: NetName=NetR16_cdh4_1 Pin=R16_cdh4-1
Added Pin To Net: NetName=NetR16_cdh4_1 Pin=R22_cdh4-2
Added Net: Name=NetR16_cdh4_1
Added Pin To Net: NetName=NetR16_cdh5_1 Pin=R16_cdh5-1
Added Pin To Net: NetName=NetR16_cdh5_1 Pin=R22_cdh5-2
Added Net: Name=NetR16_cdh5_1
Added Pin To Net: NetName=NetR16_cdh6_1 Pin=R16_cdh6-1
Added Pin To Net: NetName=NetR16_cdh6_1 Pin=R22_cdh6-2
Added Net: Name=NetR16_cdh6_1
Added Pin To Net: NetName=NetR16_cdh7_1 Pin=R16_cdh7-1
Added Pin To Net: NetName=NetR16_cdh7_1 Pin=R22_cdh7-2
Added Net: Name=NetR16_cdh7_1
Added Pin To Net: NetName=NetR16_cdh8_1 Pin=R16_cdh8-1
Added Pin To Net: NetName=NetR16_cdh8_1 Pin=R22_cdh8-2
Added Net: Name=NetR16_cdh8_1
Added Pin To Net: NetName=NetR16_cdh9_1 Pin=R16_cdh9-1
Added Pin To Net: NetName=NetR16_cdh9_1 Pin=R22_cdh9-2
Added Net: Name=NetR16_cdh9_1
Added Pin To Net: NetName=NetR16_cdh10_1 Pin=R16_cdh10-1
Added Pin To Net: NetName=NetR16_cdh10_1 Pin=R22_cdh10-2
Added Net: Name=NetR16_cdh10_1
Added Pin To Net: NetName=NetR16_cdh11_1 Pin=R16_cdh11-1
Added Pin To Net: NetName=NetR16_cdh11_1 Pin=R22_cdh11-2
Added Net: Name=NetR16_cdh11_1
Added Pin To Net: NetName=NetR16_cdh12_1 Pin=R16_cdh12-1
Added Pin To Net: NetName=NetR16_cdh12_1 Pin=R22_cdh12-2
Added Net: Name=NetR16_cdh12_1
Added Pin To Net: NetName=NetR16_cdh13_1 Pin=R16_cdh13-1
Added Pin To Net: NetName=NetR16_cdh13_1 Pin=R22_cdh13-2
Added Net: Name=NetR16_cdh13_1
Added Pin To Net: NetName=NetR16_cdh14_1 Pin=R16_cdh14-1
Added Pin To Net: NetName=NetR16_cdh14_1 Pin=R22_cdh14-2
Added Net: Name=NetR16_cdh14_1
Added Pin To Net: NetName=NetR16_cdh15_1 Pin=R16_cdh15-1
Added Pin To Net: NetName=NetR16_cdh15_1 Pin=R22_cdh15-2
Added Net: Name=NetR16_cdh15_1
Added Pin To Net: NetName=NetR16_cdh16_1 Pin=R16_cdh16-1
Added Pin To Net: NetName=NetR16_cdh16_1 Pin=R22_cdh16-2
Added Net: Name=NetR16_cdh16_1
Added Member To Class: ClassName=总图 Member=Component C12 104
Added Member To Class: ClassName=总图 Member=Component C? 22uf/63V
Added Member To Class: ClassName=总图 Member=Component VR1 LM7808
Added Room: Name=cdh1
Added Room: Name=cdh2
Added Room: Name=cdh3
Added Room: Name=cdh4
Added Room: Name=cdh5
Added Room: Name=cdh6
Added Room: Name=cdh7
Added Room: Name=cdh8
Added Room: Name=cdh9
Added Room: Name=cdh10
Added Room: Name=cdh11
Added Room: Name=cdh12
Added Room: Name=cdh13
Added Room: Name=cdh14
Added Room: Name=cdh15
Added Room: Name=cdh16
