Added Component: Designator=C2_cdh5(C0805)
Added Component: Designator=C2_cdh6(C0805)
Added Component: Designator=D2_cdh5(LED1)
Added Component: Designator=D2_cdh6(LED1)
Added Component: Designator=F2_cdh5(1206)
Added Component: Designator=F2_cdh6(1206)
Added Component: Designator=Q2_cdh5(SOT-23)
Added Component: Designator=Q2_cdh6(SOT-23)
Added Component: Designator=R3_cdh5(0805)
Added Component: Designator=R3_cdh6(0805)
Added Component: Designator=R4_cdh5(0805)
Added Component: Designator=R4_cdh6(0805)
Added Component: Designator=R6_cdh5(0805)
Added Component: Designator=R6_cdh6(0805)
Added Component: Designator=R8_cdh5(3224W)
Added Component: Designator=R8_cdh6(3224W)
Added Component: Designator=R12_cdh5(0805)
Added Component: Designator=R12_cdh6(0805)
Added Component: Designator=R13_cdh5(0805)
Added Component: Designator=R13_cdh6(0805)
Added Component: Designator=R14_cdh5(0805)
Added Component: Designator=R14_cdh6(0805)
Added Component: Designator=R16_cdh5(0805)
Added Component: Designator=R16_cdh6(0805)
Added Component: Designator=R18_cdh5(0805)
Added Component: Designator=R18_cdh6(0805)
Added Component: Designator=R20_cdh5(0805)
Added Component: Designator=R20_cdh6(0805)
Added Component: Designator=R22_cdh5(0805)
Added Component: Designator=R22_cdh6(0805)
Added Component: Designator=R24_cdh5(0805)
Added Component: Designator=R24_cdh6(0805)
Added Component: Designator=R26_cdh5(0805)
Added Component: Designator=R26_cdh6(0805)
Added Component: Designator=U3_cdh5(SO-8)
Added Component: Designator=U3_cdh6(SO-8)
Added Component: Designator=U5_cdh5(PIN4)
Added Component: Designator=U5_cdh6(PIN4)
Added Component: Designator=U19_cdh5(TSSOP14)
Added Component: Designator=U19_cdh6(TSSOP14)
Added Pin To Net: NetName=GND Pin=C2_cdh5-1
Added Pin To Net: NetName=VCC8 Pin=C2_cdh5-2
Added Pin To Net: NetName=GND Pin=C2_cdh6-1
Added Pin To Net: NetName=VCC8 Pin=C2_cdh6-2
Added Pin To Net: NetName=NetD2_cdh5_1 Pin=D2_cdh5-1
Added Pin To Net: NetName=NetD2_cdh5_2 Pin=D2_cdh5-2
Added Pin To Net: NetName=NetD2_cdh6_1 Pin=D2_cdh6-1
Added Pin To Net: NetName=NetD2_cdh6_2 Pin=D2_cdh6-2
Added Pin To Net: NetName=NetF2_cdh5_1 Pin=F2_cdh5-1
Added Pin To Net: NetName=NetF2_cdh5_2 Pin=F2_cdh5-2
Added Pin To Net: NetName=NetF2_cdh6_1 Pin=F2_cdh6-1
Added Pin To Net: NetName=NetF2_cdh6_2 Pin=F2_cdh6-2
Added Pin To Net: NetName=NetF2_cdh5_1 Pin=Q2_cdh5-1
Added Pin To Net: NetName=NetQ2_cdh5_2 Pin=Q2_cdh5-2
Added Pin To Net: NetName=GND Pin=Q2_cdh5-3
Added Pin To Net: NetName=NetF2_cdh6_1 Pin=Q2_cdh6-1
Added Pin To Net: NetName=NetQ2_cdh6_2 Pin=Q2_cdh6-2
Added Pin To Net: NetName=GND Pin=Q2_cdh6-3
Added Pin To Net: NetName=NetR3_cdh5_1 Pin=R3_cdh5-1
Added Pin To Net: NetName=NetR3_cdh5_2 Pin=R3_cdh5-2
Added Pin To Net: NetName=NetR3_cdh6_1 Pin=R3_cdh6-1
Added Pin To Net: NetName=NetR3_cdh6_2 Pin=R3_cdh6-2
Added Pin To Net: NetName=NetR3_cdh5_2 Pin=R4_cdh5-1
Added Pin To Net: NetName=NetR4_cdh5_2 Pin=R4_cdh5-2
Added Pin To Net: NetName=NetR3_cdh6_2 Pin=R4_cdh6-1
Added Pin To Net: NetName=NetR4_cdh6_2 Pin=R4_cdh6-2
Added Pin To Net: NetName=H1_OUT4_cdh5 Pin=R6_cdh5-1
Added Pin To Net: NetName=NetR6_cdh5_2 Pin=R6_cdh5-2
Added Pin To Net: NetName=H1_OUT4_cdh6 Pin=R6_cdh6-1
Added Pin To Net: NetName=NetR6_cdh6_2 Pin=R6_cdh6-2
Added Pin To Net: NetName=NetR6_cdh5_2 Pin=R8_cdh5-1
Added Pin To Net: NetName=NetR8_cdh5_2 Pin=R8_cdh5-2
Added Pin To Net: NetName=NetR8_cdh5_3 Pin=R8_cdh5-3
Added Pin To Net: NetName=NetR6_cdh6_2 Pin=R8_cdh6-1
Added Pin To Net: NetName=NetR8_cdh6_2 Pin=R8_cdh6-2
Added Pin To Net: NetName=NetR8_cdh6_3 Pin=R8_cdh6-3
Added Pin To Net: NetName=NetR8_cdh5_3 Pin=R12_cdh5-1
Added Pin To Net: NetName=NetR12_cdh5_2 Pin=R12_cdh5-2
Added Pin To Net: NetName=NetR8_cdh6_3 Pin=R12_cdh6-1
Added Pin To Net: NetName=NetR12_cdh6_2 Pin=R12_cdh6-2
Added Pin To Net: NetName=NetR12_cdh5_2 Pin=R13_cdh5-1
Added Pin To Net: NetName=NetR13_cdh5_2 Pin=R13_cdh5-2
Added Pin To Net: NetName=NetR12_cdh6_2 Pin=R13_cdh6-1
Added Pin To Net: NetName=NetR13_cdh6_2 Pin=R13_cdh6-2
Added Pin To Net: NetName=NetR3_cdh5_1 Pin=R14_cdh5-1
Added Pin To Net: NetName=NetR13_cdh5_2 Pin=R14_cdh5-2
Added Pin To Net: NetName=NetR3_cdh6_1 Pin=R14_cdh6-1
Added Pin To Net: NetName=NetR13_cdh6_2 Pin=R14_cdh6-2
Added Pin To Net: NetName=NetD2_cdh5_2 Pin=R16_cdh5-1
Added Pin To Net: NetName=NetQ2_cdh5_2 Pin=R16_cdh5-2
Added Pin To Net: NetName=NetD2_cdh6_2 Pin=R16_cdh6-1
Added Pin To Net: NetName=NetQ2_cdh6_2 Pin=R16_cdh6-2
Added Pin To Net: NetName=H1_OUT2_cdh5 Pin=R18_cdh5-1
Added Pin To Net: NetName=NetR8_cdh5_2 Pin=R18_cdh5-2
Added Pin To Net: NetName=H1_OUT2_cdh6 Pin=R18_cdh6-1
Added Pin To Net: NetName=NetR8_cdh6_2 Pin=R18_cdh6-2
Added Pin To Net: NetName=NetD2_cdh5_2 Pin=R20_cdh5-1
Added Pin To Net: NetName=GND Pin=R20_cdh5-2
Added Pin To Net: NetName=NetD2_cdh6_2 Pin=R20_cdh6-1
Added Pin To Net: NetName=GND Pin=R20_cdh6-2
Added Pin To Net: NetName=NetR4_cdh5_2 Pin=R22_cdh5-1
Added Pin To Net: NetName=NetD2_cdh5_1 Pin=R22_cdh5-2
Added Pin To Net: NetName=NetR4_cdh6_2 Pin=R22_cdh6-1
Added Pin To Net: NetName=NetD2_cdh6_1 Pin=R22_cdh6-2
Added Pin To Net: NetName=NetR24_cdh5_1 Pin=R24_cdh5-1
Added Pin To Net: NetName=VCC8 Pin=R24_cdh5-2
Added Pin To Net: NetName=NetR24_cdh6_1 Pin=R24_cdh6-1
Added Pin To Net: NetName=VCC8 Pin=R24_cdh6-2
Added Pin To Net: NetName=GND Pin=R26_cdh5-1
Added Pin To Net: NetName=NetR24_cdh5_1 Pin=R26_cdh5-2
Added Pin To Net: NetName=GND Pin=R26_cdh6-1
Added Pin To Net: NetName=NetR24_cdh6_1 Pin=R26_cdh6-2
Added Pin To Net: NetName=VCC8 Pin=U3_cdh5-1
Added Pin To Net: NetName=H1_OUT4_cdh5 Pin=U3_cdh5-2
Added Pin To Net: NetName=H1_OUT4_cdh5 Pin=U3_cdh5-3
Added Pin To Net: NetName=H1_OUT2_cdh5 Pin=U3_cdh5-4
Added Pin To Net: NetName=VCC8 Pin=U3_cdh6-1
Added Pin To Net: NetName=H1_OUT4_cdh6 Pin=U3_cdh6-2
Added Pin To Net: NetName=H1_OUT4_cdh6 Pin=U3_cdh6-3
Added Pin To Net: NetName=H1_OUT2_cdh6 Pin=U3_cdh6-4
Added Pin To Net: NetName=H1_IN1_cdh5 Pin=U5_cdh5-1
Added Pin To Net: NetName=H1_OUT2_cdh5 Pin=U5_cdh5-2
Added Pin To Net: NetName=H1_IN3_cdh5 Pin=U5_cdh5-3
Added Pin To Net: NetName=H1_OUT4_cdh5 Pin=U5_cdh5-4
Added Pin To Net: NetName=H1_IN1_cdh6 Pin=U5_cdh6-1
Added Pin To Net: NetName=H1_OUT2_cdh6 Pin=U5_cdh6-2
Added Pin To Net: NetName=H1_IN3_cdh6 Pin=U5_cdh6-3
Added Pin To Net: NetName=H1_OUT4_cdh6 Pin=U5_cdh6-4
Added Pin To Net: NetName=NetR3_cdh5_2 Pin=U19_cdh5-1
Added Pin To Net: NetName=NetR3_cdh5_1 Pin=U19_cdh5-2
Added Pin To Net: NetName=H1_IN3_cdh5 Pin=U19_cdh5-3
Added Pin To Net: NetName=VCC8 Pin=U19_cdh5-4
Added Pin To Net: NetName=NetR12_cdh5_2 Pin=U19_cdh5-5
Added Pin To Net: NetName=H1_IN1_cdh5 Pin=U19_cdh5-6
Added Pin To Net: NetName=H1_OUT2_cdh5 Pin=U19_cdh5-7
Added Pin To Net: NetName=NetR13_cdh5_2 Pin=U19_cdh5-8
Added Pin To Net: NetName=NetR13_cdh5_2 Pin=U19_cdh5-9
Added Pin To Net: NetName=NetR24_cdh5_1 Pin=U19_cdh5-10
Added Pin To Net: NetName=GND Pin=U19_cdh5-11
Added Pin To Net: NetName=NetR4_cdh5_2 Pin=U19_cdh5-12
Added Pin To Net: NetName=H1_OUT4_cdh5 Pin=U19_cdh5-13
Added Pin To Net: NetName=NetD2_cdh5_1 Pin=U19_cdh5-14
Added Pin To Net: NetName=NetR3_cdh6_2 Pin=U19_cdh6-1
Added Pin To Net: NetName=NetR3_cdh6_1 Pin=U19_cdh6-2
Added Pin To Net: NetName=H1_IN3_cdh6 Pin=U19_cdh6-3
Added Pin To Net: NetName=VCC8 Pin=U19_cdh6-4
Added Pin To Net: NetName=NetR12_cdh6_2 Pin=U19_cdh6-5
Added Pin To Net: NetName=H1_IN1_cdh6 Pin=U19_cdh6-6
Added Pin To Net: NetName=H1_OUT2_cdh6 Pin=U19_cdh6-7
Added Pin To Net: NetName=NetR13_cdh6_2 Pin=U19_cdh6-8
Added Pin To Net: NetName=NetR13_cdh6_2 Pin=U19_cdh6-9
Added Pin To Net: NetName=NetR24_cdh6_1 Pin=U19_cdh6-10
Added Pin To Net: NetName=GND Pin=U19_cdh6-11
Added Pin To Net: NetName=NetR4_cdh6_2 Pin=U19_cdh6-12
Added Pin To Net: NetName=H1_OUT4_cdh6 Pin=U19_cdh6-13
Added Pin To Net: NetName=NetD2_cdh6_1 Pin=U19_cdh6-14
Added Class: Name=cdh5
Added Class: Name=cdh6
Added Room: Name=cdh5
Added Room: Name=cdh6
Added Room: Name=змЭМ
