Removed Pin From Net: NetName=NetC16_1 Pin=U26-5
Removed Pin From Net: NetName=NetC17_1 Pin=U26-6
Removed Pin From Net: NetName=GND Pin=U26-8
Removed Pin From Net: NetName=VCC3.3 Pin=U26-9
Removed Pin From Net: NetName=CDH8 Pin=U26-10
Removed Pin From Net: NetName=CDH7 Pin=U26-11
Removed Pin From Net: NetName=CDH6 Pin=U26-12
Removed Pin From Net: NetName=CDH5 Pin=U26-13
Removed Pin From Net: NetName=CDH4 Pin=U26-14
Removed Pin From Net: NetName=CDH3 Pin=U26-15
Removed Pin From Net: NetName=CDH2 Pin=U26-16
Removed Pin From Net: NetName=CDH1 Pin=U26-17
Removed Pin From Net: NetName=GND Pin=U26-23
Removed Pin From Net: NetName=VCC3.3 Pin=U26-24
Removed Pin From Net: NetName=CDH9 Pin=U26-25
Removed Pin From Net: NetName=CDH10 Pin=U26-26
Removed Pin From Net: NetName=CDH11 Pin=U26-27
Removed Pin From Net: NetName=CDH12 Pin=U26-28
Removed Pin From Net: NetName=CDH13 Pin=U26-29
Removed Pin From Net: NetName=CDH14 Pin=U26-30
Removed Pin From Net: NetName=CDH15 Pin=U26-31
Removed Pin From Net: NetName=CDH16 Pin=U26-32
Removed Pin From Net: NetName=JTMS Pin=U26-34
Removed Pin From Net: NetName=GND Pin=U26-35
Removed Pin From Net: NetName=VCC3.3 Pin=U26-36
Removed Pin From Net: NetName=JTCK Pin=U26-37
Removed Pin From Net: NetName=GND Pin=U26-44
Removed Pin From Net: NetName=CAN_RX Pin=U26-45
Removed Pin From Net: NetName=CAN_TX Pin=U26-46
Change Component DesignItemId : Designator=U26 Old DesignItemId=stm32f103v8t6 New DesignItemId=STM32F103RBT6
Change Component Footprint: Designator=U26 Old Footprint=LC-LQFP-48 New Footprint=LQFP-64_10x10x05P
Change Component Comment : Designator=U26 Old Comment=STM32F103C8T6 New Comment=STM32F103RBT6
Added Component: Designator=R113(0603)
Added Pin To Net: NetName=VCC3.3 Pin=R113-2
Added Pin To Net: NetName=NetC17_1 Pin=U26-5
Added Pin To Net: NetName=NetC16_1 Pin=U26-6
Added Pin To Net: NetName=CDH12 Pin=U26-8
Added Pin To Net: NetName=CDH11 Pin=U26-9
Added Pin To Net: NetName=CDH13 Pin=U26-10
Added Pin To Net: NetName=CDH14 Pin=U26-11
Added Pin To Net: NetName=GND Pin=U26-12
Added Pin To Net: NetName=VCC3.3 Pin=U26-13
Added Pin To Net: NetName=CDH8 Pin=U26-14
Added Pin To Net: NetName=CDH7 Pin=U26-15
Added Pin To Net: NetName=CDH6 Pin=U26-16
Added Pin To Net: NetName=CDH5 Pin=U26-17
Added Pin To Net: NetName=GND Pin=U26-18
Added Pin To Net: NetName=VCC3.3 Pin=U26-19
Added Pin To Net: NetName=CDH4 Pin=U26-20
Added Pin To Net: NetName=CDH3 Pin=U26-21
Added Pin To Net: NetName=CDH2 Pin=U26-22
Added Pin To Net: NetName=CDH1 Pin=U26-23
Added Pin To Net: NetName=CDH15 Pin=U26-24
Added Pin To Net: NetName=CDH16 Pin=U26-25
Added Pin To Net: NetName=CDH9 Pin=U26-26
Added Pin To Net: NetName=CDH10 Pin=U26-27
Added Pin To Net: NetName=GND Pin=U26-31
Added Pin To Net: NetName=VCC3.3 Pin=U26-32
Added Pin To Net: NetName=CAN_RX Pin=U26-44
Added Pin To Net: NetName=CAN_TX Pin=U26-45
Added Pin To Net: NetName=JTMS Pin=U26-46
Added Pin To Net: NetName=JTCK Pin=U26-49
Added Pin To Net: NetName=GND Pin=U26-60
Added Pin To Net: NetName=GND Pin=U26-63
Added Pin To Net: NetName=VCC3.3 Pin=U26-64
Added Pin To Net: NetName=NetC18_2 Pin=C18-2
Added Pin To Net: NetName=NetC18_2 Pin=R113-1
Added Pin To Net: NetName=NetC18_2 Pin=U26-7
Added Net: Name=NetC18_2
Added Member To Class: ClassName=змЭМ Member=Component R113 10K
