Removed Pin From Net: NetName=GND Pin=P1-9
Removed Pin From Net: NetName=VCC24 Pin=P1-10
Removed Pin From Net: NetName=H1_OUT2_cdh1 Pin=U5_cdh1-2
Removed Pin From Net: NetName=H1_OUT4_cdh1 Pin=U5_cdh1-4
Removed Pin From Net: NetName=H1_OUT2_cdh2 Pin=U5_cdh2-2
Removed Pin From Net: NetName=H1_OUT4_cdh2 Pin=U5_cdh2-4
Removed Pin From Net: NetName=H1_OUT2_cdh3 Pin=U5_cdh3-2
Removed Pin From Net: NetName=H1_OUT4_cdh3 Pin=U5_cdh3-4
Removed Pin From Net: NetName=H1_OUT2_cdh4 Pin=U5_cdh4-2
Removed Pin From Net: NetName=H1_OUT4_cdh4 Pin=U5_cdh4-4
Removed Pin From Net: NetName=H1_OUT2_cdh5 Pin=U5_cdh5-2
Removed Pin From Net: NetName=H1_OUT4_cdh5 Pin=U5_cdh5-4
Removed Pin From Net: NetName=H1_OUT2_cdh6 Pin=U5_cdh6-2
Removed Pin From Net: NetName=H1_OUT4_cdh6 Pin=U5_cdh6-4
Removed Pin From Net: NetName=H1_OUT2_cdh7 Pin=U5_cdh7-2
Removed Pin From Net: NetName=H1_OUT4_cdh7 Pin=U5_cdh7-4
Removed Pin From Net: NetName=H1_OUT2_cdh8 Pin=U5_cdh8-2
Removed Pin From Net: NetName=H1_OUT4_cdh8 Pin=U5_cdh8-4
Change Component DesignItemId : Designator=U19_cdh1 Old DesignItemId=TLC New DesignItemId=TLC2264
Change Component DesignItemId : Designator=U19_cdh2 Old DesignItemId=TLC New DesignItemId=TLC2264
Change Component DesignItemId : Designator=U19_cdh3 Old DesignItemId=TLC New DesignItemId=TLC2264
Change Component DesignItemId : Designator=U19_cdh4 Old DesignItemId=TLC New DesignItemId=TLC2264
Change Component DesignItemId : Designator=U19_cdh5 Old DesignItemId=TLC New DesignItemId=TLC2264
Change Component DesignItemId : Designator=U19_cdh6 Old DesignItemId=TLC New DesignItemId=TLC2264
Change Component DesignItemId : Designator=U19_cdh7 Old DesignItemId=TLC New DesignItemId=TLC2264
Change Component DesignItemId : Designator=U19_cdh8 Old DesignItemId=TLC New DesignItemId=TLC2264
Change Component Footprint: Designator=R3_cdh1 Old Footprint=0805 New Footprint=0603
Change Component Footprint: Designator=R3_cdh2 Old Footprint=0805 New Footprint=0603
Change Component Footprint: Designator=R3_cdh3 Old Footprint=0805 New Footprint=0603
Change Component Footprint: Designator=R3_cdh4 Old Footprint=0805 New Footprint=0603
Change Component Footprint: Designator=R3_cdh5 Old Footprint=0805 New Footprint=0603
Change Component Footprint: Designator=R3_cdh6 Old Footprint=0805 New Footprint=0603
Change Component Footprint: Designator=R3_cdh7 Old Footprint=0805 New Footprint=0603
Change Component Footprint: Designator=R3_cdh8 Old Footprint=0805 New Footprint=0603
Change Component Footprint: Designator=R4_cdh1 Old Footprint=0805 New Footprint=0603
Change Component Footprint: Designator=R4_cdh2 Old Footprint=0805 New Footprint=0603
Change Component Footprint: Designator=R4_cdh3 Old Footprint=0805 New Footprint=0603
Change Component Footprint: Designator=R4_cdh4 Old Footprint=0805 New Footprint=0603
Change Component Footprint: Designator=R4_cdh5 Old Footprint=0805 New Footprint=0603
Change Component Footprint: Designator=R4_cdh6 Old Footprint=0805 New Footprint=0603
Change Component Footprint: Designator=R4_cdh7 Old Footprint=0805 New Footprint=0603
Change Component Footprint: Designator=R4_cdh8 Old Footprint=0805 New Footprint=0603
Change Component Footprint: Designator=R6_cdh1 Old Footprint=0805 New Footprint=0603
Change Component Footprint: Designator=R6_cdh2 Old Footprint=0805 New Footprint=0603
Change Component Footprint: Designator=R6_cdh3 Old Footprint=0805 New Footprint=0603
Change Component Footprint: Designator=R6_cdh4 Old Footprint=0805 New Footprint=0603
Change Component Footprint: Designator=R6_cdh5 Old Footprint=0805 New Footprint=0603
Change Component Footprint: Designator=R6_cdh6 Old Footprint=0805 New Footprint=0603
Change Component Footprint: Designator=R6_cdh7 Old Footprint=0805 New Footprint=0603
Change Component Footprint: Designator=R6_cdh8 Old Footprint=0805 New Footprint=0603
Change Component Footprint: Designator=R12_cdh1 Old Footprint=0805 New Footprint=0603
Change Component Footprint: Designator=R12_cdh2 Old Footprint=0805 New Footprint=0603
Change Component Footprint: Designator=R12_cdh3 Old Footprint=0805 New Footprint=0603
Change Component Footprint: Designator=R12_cdh4 Old Footprint=0805 New Footprint=0603
Change Component Footprint: Designator=R12_cdh5 Old Footprint=0805 New Footprint=0603
Change Component Footprint: Designator=R12_cdh6 Old Footprint=0805 New Footprint=0603
Change Component Footprint: Designator=R12_cdh7 Old Footprint=0805 New Footprint=0603
Change Component Footprint: Designator=R12_cdh8 Old Footprint=0805 New Footprint=0603
Change Component Footprint: Designator=R13_cdh1 Old Footprint=0805 New Footprint=0603
Change Component Footprint: Designator=R13_cdh2 Old Footprint=0805 New Footprint=0603
Change Component Footprint: Designator=R13_cdh3 Old Footprint=0805 New Footprint=0603
Change Component Footprint: Designator=R13_cdh4 Old Footprint=0805 New Footprint=0603
Change Component Footprint: Designator=R13_cdh5 Old Footprint=0805 New Footprint=0603
Change Component Footprint: Designator=R13_cdh6 Old Footprint=0805 New Footprint=0603
Change Component Footprint: Designator=R13_cdh7 Old Footprint=0805 New Footprint=0603
Change Component Footprint: Designator=R13_cdh8 Old Footprint=0805 New Footprint=0603
Change Component Footprint: Designator=R14_cdh1 Old Footprint=0805 New Footprint=0603
Change Component Footprint: Designator=R14_cdh2 Old Footprint=0805 New Footprint=0603
Change Component Footprint: Designator=R14_cdh3 Old Footprint=0805 New Footprint=0603
Change Component Footprint: Designator=R14_cdh4 Old Footprint=0805 New Footprint=0603
Change Component Footprint: Designator=R14_cdh5 Old Footprint=0805 New Footprint=0603
Change Component Footprint: Designator=R14_cdh6 Old Footprint=0805 New Footprint=0603
Change Component Footprint: Designator=R14_cdh7 Old Footprint=0805 New Footprint=0603
Change Component Footprint: Designator=R14_cdh8 Old Footprint=0805 New Footprint=0603
Change Component Footprint: Designator=R16_cdh1 Old Footprint=0805 New Footprint=0603
Change Component Footprint: Designator=R16_cdh2 Old Footprint=0805 New Footprint=0603
Change Component Footprint: Designator=R16_cdh3 Old Footprint=0805 New Footprint=0603
Change Component Footprint: Designator=R16_cdh4 Old Footprint=0805 New Footprint=0603
Change Component Footprint: Designator=R16_cdh5 Old Footprint=0805 New Footprint=0603
Change Component Footprint: Designator=R16_cdh6 Old Footprint=0805 New Footprint=0603
Change Component Footprint: Designator=R16_cdh7 Old Footprint=0805 New Footprint=0603
Change Component Footprint: Designator=R16_cdh8 Old Footprint=0805 New Footprint=0603
Change Component Footprint: Designator=R18_cdh1 Old Footprint=0805 New Footprint=0603
Change Component Footprint: Designator=R18_cdh2 Old Footprint=0805 New Footprint=0603
Change Component Footprint: Designator=R18_cdh3 Old Footprint=0805 New Footprint=0603
Change Component Footprint: Designator=R18_cdh4 Old Footprint=0805 New Footprint=0603
Change Component Footprint: Designator=R18_cdh5 Old Footprint=0805 New Footprint=0603
Change Component Footprint: Designator=R18_cdh6 Old Footprint=0805 New Footprint=0603
Change Component Footprint: Designator=R18_cdh7 Old Footprint=0805 New Footprint=0603
Change Component Footprint: Designator=R18_cdh8 Old Footprint=0805 New Footprint=0603
Change Component Footprint: Designator=R20_cdh1 Old Footprint=0805 New Footprint=0603
Change Component Footprint: Designator=R20_cdh2 Old Footprint=0805 New Footprint=0603
Change Component Footprint: Designator=R20_cdh3 Old Footprint=0805 New Footprint=0603
Change Component Footprint: Designator=R20_cdh4 Old Footprint=0805 New Footprint=0603
Change Component Footprint: Designator=R20_cdh5 Old Footprint=0805 New Footprint=0603
Change Component Footprint: Designator=R20_cdh6 Old Footprint=0805 New Footprint=0603
Change Component Footprint: Designator=R20_cdh7 Old Footprint=0805 New Footprint=0603
Change Component Footprint: Designator=R20_cdh8 Old Footprint=0805 New Footprint=0603
Change Component Footprint: Designator=R22_cdh1 Old Footprint=0805 New Footprint=0603
Change Component Footprint: Designator=R22_cdh2 Old Footprint=0805 New Footprint=0603
Change Component Footprint: Designator=R22_cdh3 Old Footprint=0805 New Footprint=0603
Change Component Footprint: Designator=R22_cdh4 Old Footprint=0805 New Footprint=0603
Change Component Footprint: Designator=R22_cdh5 Old Footprint=0805 New Footprint=0603
Change Component Footprint: Designator=R22_cdh6 Old Footprint=0805 New Footprint=0603
Change Component Footprint: Designator=R22_cdh7 Old Footprint=0805 New Footprint=0603
Change Component Footprint: Designator=R22_cdh8 Old Footprint=0805 New Footprint=0603
Change Component Footprint: Designator=R24_cdh1 Old Footprint=0805 New Footprint=0603
Change Component Footprint: Designator=R24_cdh2 Old Footprint=0805 New Footprint=0603
Change Component Footprint: Designator=R24_cdh3 Old Footprint=0805 New Footprint=0603
Change Component Footprint: Designator=R24_cdh4 Old Footprint=0805 New Footprint=0603
Change Component Footprint: Designator=R24_cdh5 Old Footprint=0805 New Footprint=0603
Change Component Footprint: Designator=R24_cdh6 Old Footprint=0805 New Footprint=0603
Change Component Footprint: Designator=R24_cdh7 Old Footprint=0805 New Footprint=0603
Change Component Footprint: Designator=R24_cdh8 Old Footprint=0805 New Footprint=0603
Change Component Footprint: Designator=R26_cdh1 Old Footprint=0805 New Footprint=0603
Change Component Footprint: Designator=R26_cdh2 Old Footprint=0805 New Footprint=0603
Change Component Footprint: Designator=R26_cdh3 Old Footprint=0805 New Footprint=0603
Change Component Footprint: Designator=R26_cdh4 Old Footprint=0805 New Footprint=0603
Change Component Footprint: Designator=R26_cdh5 Old Footprint=0805 New Footprint=0603
Change Component Footprint: Designator=R26_cdh6 Old Footprint=0805 New Footprint=0603
Change Component Footprint: Designator=R26_cdh7 Old Footprint=0805 New Footprint=0603
Change Component Footprint: Designator=R26_cdh8 Old Footprint=0805 New Footprint=0603
Change Component Comment : Designator=C2_cdh1 Old Comment=0.1uF New Comment=Cap Semi
Change Component Comment : Designator=R13_cdh1 Old Comment=1K New Comment=Res2
Change Component Comment : Designator=R14_cdh1 Old Comment=1K New Comment=Res2
Change Component Comment : Designator=R22_cdh1 Old Comment=1M New Comment=Res2
Change Component Comment : Designator=R18_cdh1 Old Comment=2.2K New Comment=Res2
Change Component Comment : Designator=R4_cdh1 Old Comment=3K New Comment=Res2
Change Component Comment : Designator=R16_cdh1 Old Comment=4.7K New Comment=Res2
Change Component Comment : Designator=R16_cdh2 Old Comment=4.7K New Comment=Res2
Change Component Comment : Designator=R16_cdh3 Old Comment=4.7K New Comment=Res2
Change Component Comment : Designator=R16_cdh4 Old Comment=4.7K New Comment=Res2
Change Component Comment : Designator=R16_cdh5 Old Comment=4.7K New Comment=Res2
Change Component Comment : Designator=R16_cdh6 Old Comment=4.7k New Comment=Res2
Change Component Comment : Designator=R16_cdh7 Old Comment=4.7k New Comment=Res2
Change Component Comment : Designator=R16_cdh8 Old Comment=4.7K New Comment=Res2
Change Component Comment : Designator=R20_cdh1 Old Comment=4.7k New Comment=Res2
Change Component Comment : Designator=R20_cdh2 Old Comment=4.7k New Comment=Res2
Change Component Comment : Designator=R20_cdh3 Old Comment=4.7k New Comment=Res2
Change Component Comment : Designator=R20_cdh4 Old Comment=4.7k New Comment=Res2
Change Component Comment : Designator=R20_cdh5 Old Comment=4.7k New Comment=Res2
Change Component Comment : Designator=R20_cdh6 Old Comment=4.7k New Comment=Res2
Change Component Comment : Designator=R20_cdh7 Old Comment=4.7k New Comment=Res2
Change Component Comment : Designator=R20_cdh8 Old Comment=4.7k New Comment=Res2
Change Component Comment : Designator=R6_cdh1 Old Comment=8.2K New Comment=Res2
Change Component Comment : Designator=R24_cdh1 Old Comment=10k New Comment=Res2
Change Component Comment : Designator=R26_cdh1 Old Comment=10k New Comment=Res2
Change Component Comment : Designator=R12_cdh1 Old Comment=30K New Comment=Res2
Change Component Comment : Designator=R3_cdh1 Old Comment=390K New Comment=Res2
Change Component Description : Designator=D3 Old Description=1 Amp General Purpose Recti New Description=1 Amp General Purpose Rectifier
Change Component Description : Designator=C2_cdh1 Old Description=Capacitor (Semiconductor SIM Mo New Description=Capacitor (Semiconductor SIM Model)
Change Component Description : Designator=C2_cdh2 Old Description=Capacitor (Semiconductor SIM Mo New Description=Capacitor (Semiconductor SIM Model)
Change Component Description : Designator=C2_cdh3 Old Description=Capacitor (Semiconductor SIM Mo New Description=Capacitor (Semiconductor SIM Model)
Change Component Description : Designator=C2_cdh4 Old Description=Capacitor (Semiconductor SIM Mo New Description=Capacitor (Semiconductor SIM Model)
Change Component Description : Designator=C2_cdh5 Old Description=Capacitor (Semiconductor SIM Mo New Description=Capacitor (Semiconductor SIM Model)
Change Component Description : Designator=C2_cdh6 Old Description=Capacitor (Semiconductor SIM Mo New Description=Capacitor (Semiconductor SIM Model)
Change Component Description : Designator=C2_cdh7 Old Description=Capacitor (Semiconductor SIM Mo New Description=Capacitor (Semiconductor SIM Model)
Change Component Description : Designator=C2_cdh8 Old Description=Capacitor (Semiconductor SIM Mo New Description=Capacitor (Semiconductor SIM Model)
Change Component Description : Designator=C5 Old Description=Capacitor (Semiconductor SIM Mo New Description=Capacitor (Semiconductor SIM Model)
Change Component Description : Designator=U5_cdh1 Old Description=Header, 4 New Description=Header, 4-Pin
Change Component Description : Designator=U5_cdh2 Old Description=Header, 4 New Description=Header, 4-Pin
Change Component Description : Designator=U5_cdh3 Old Description=Header, 4 New Description=Header, 4-Pin
Change Component Description : Designator=U5_cdh4 Old Description=Header, 4 New Description=Header, 4-Pin
Change Component Description : Designator=U5_cdh5 Old Description=Header, 4 New Description=Header, 4-Pin
Change Component Description : Designator=U5_cdh6 Old Description=Header, 4 New Description=Header, 4-Pin
Change Component Description : Designator=U5_cdh7 Old Description=Header, 4 New Description=Header, 4-Pin
Change Component Description : Designator=U5_cdh8 Old Description=Header, 4 New Description=Header, 4-Pin
Change Component Description : Designator=Q2_cdh1 Old Description=NPN Bipolar Transi New Description=NPN Bipolar Transistor
Change Component Description : Designator=Q2_cdh2 Old Description=NPN Bipolar Transi New Description=NPN Bipolar Transistor
Change Component Description : Designator=Q2_cdh3 Old Description=NPN Bipolar Transi New Description=NPN Bipolar Transistor
Change Component Description : Designator=Q2_cdh4 Old Description=NPN Bipolar Transi New Description=NPN Bipolar Transistor
Change Component Description : Designator=Q2_cdh5 Old Description=NPN Bipolar Transi New Description=NPN Bipolar Transistor
Change Component Description : Designator=Q2_cdh6 Old Description=NPN Bipolar Transi New Description=NPN Bipolar Transistor
Change Component Description : Designator=Q2_cdh7 Old Description=NPN Bipolar Transi New Description=NPN Bipolar Transistor
Change Component Description : Designator=Q2_cdh8 Old Description=NPN Bipolar Transi New Description=NPN Bipolar Transistor
Change Component Description : Designator=C3 Old Description=Polarized Capacitor (Surface Mo New Description=Polarized Capacitor (Surface Mount)
Change Component Description : Designator=C4 Old Description=Polarized Capacitor (Surface Mo New Description=Polarized Capacitor (Surface Mount)
Change Component Description : Designator=D2_cdh1 Old Description=Typical INFRARED GaA New Description=Typical INFRARED GaAs LED
Change Component Description : Designator=D2_cdh2 Old Description=Typical INFRARED GaA New Description=Typical INFRARED GaAs LED
Change Component Description : Designator=D2_cdh3 Old Description=Typical INFRARED GaA New Description=Typical INFRARED GaAs LED
Change Component Description : Designator=D2_cdh4 Old Description=Typical INFRARED GaA New Description=Typical INFRARED GaAs LED
Change Component Description : Designator=D2_cdh5 Old Description=Typical INFRARED GaA New Description=Typical INFRARED GaAs LED
Change Component Description : Designator=D2_cdh6 Old Description=Typical INFRARED GaA New Description=Typical INFRARED GaAs LED
Change Component Description : Designator=D2_cdh7 Old Description=Typical INFRARED GaA New Description=Typical INFRARED GaAs LED
Change Component Description : Designator=D2_cdh8 Old Description=Typical INFRARED GaA New Description=Typical INFRARED GaAs LED
Added Component: Designator=C12(0603)
Added Component: Designator=C13(0603)
Added Component: Designator=C14(0603)
Added Component: Designator=C15(0603)
Added Component: Designator=C16(0603)
Added Component: Designator=C17(0603)
Added Component: Designator=C18(0603)
Added Component: Designator=C19(C0805)
Added Component: Designator=P3(IDE4)
Added Component: Designator=R105(0603)
Added Component: Designator=U2(LC-SOT-223)
Added Component: Designator=U26(LC-LQFP-48)
Added Component: Designator=U27(SOP-8)
Added Component: Designator=Y1(XTAL_US)
Added Pin To Net: NetName=GND Pin=C12-2
Added Pin To Net: NetName=GND Pin=C13-2
Added Pin To Net: NetName=GND Pin=C14-2
Added Pin To Net: NetName=GND Pin=C15-2
Added Pin To Net: NetName=GND Pin=C16-2
Added Pin To Net: NetName=GND Pin=C17-2
Added Pin To Net: NetName=GND Pin=C18-1
Added Pin To Net: NetName=GND Pin=C19-2
Added Pin To Net: NetName=GND Pin=P3-2
Added Pin To Net: NetName=GND Pin=U2-1
Added Pin To Net: NetName=VCC8 Pin=U2-3
Added Pin To Net: NetName=H1_OUT4_cdh1 Pin=U5_cdh1-1
Added Pin To Net: NetName=H1_OUT2_cdh1 Pin=U5_cdh1-3
Added Pin To Net: NetName=H1_OUT4_cdh2 Pin=U5_cdh2-1
Added Pin To Net: NetName=H1_OUT2_cdh2 Pin=U5_cdh2-3
Added Pin To Net: NetName=H1_OUT4_cdh3 Pin=U5_cdh3-1
Added Pin To Net: NetName=H1_OUT2_cdh3 Pin=U5_cdh3-3
Added Pin To Net: NetName=H1_OUT4_cdh4 Pin=U5_cdh4-1
Added Pin To Net: NetName=H1_OUT2_cdh4 Pin=U5_cdh4-3
Added Pin To Net: NetName=H1_OUT4_cdh5 Pin=U5_cdh5-1
Added Pin To Net: NetName=H1_OUT2_cdh5 Pin=U5_cdh5-3
Added Pin To Net: NetName=H1_OUT4_cdh6 Pin=U5_cdh6-1
Added Pin To Net: NetName=H1_OUT2_cdh6 Pin=U5_cdh6-3
Added Pin To Net: NetName=H1_OUT4_cdh7 Pin=U5_cdh7-1
Added Pin To Net: NetName=H1_OUT2_cdh7 Pin=U5_cdh7-3
Added Pin To Net: NetName=H1_OUT4_cdh8 Pin=U5_cdh8-1
Added Pin To Net: NetName=H1_OUT2_cdh8 Pin=U5_cdh8-3
Added Pin To Net: NetName=GND Pin=U26-8
Added Pin To Net: NetName=GND Pin=U26-23
Added Pin To Net: NetName=GND Pin=U26-35
Added Pin To Net: NetName=GND Pin=U26-44
Added Pin To Net: NetName=GND Pin=U26-47
Added Pin To Net: NetName=GND Pin=U27-2
Added Pin To Net: NetName=GND Pin=U27-8
Change Net Name : Old Net Name=H1_OUT2_cdh1 New Net Name=H1_IN3_cdh1
Change Net Name : Old Net Name=H1_OUT2_cdh2 New Net Name=H1_IN3_cdh2
Change Net Name : Old Net Name=H1_OUT2_cdh3 New Net Name=H1_IN3_cdh3
Change Net Name : Old Net Name=H1_OUT2_cdh4 New Net Name=H1_IN3_cdh4
Change Net Name : Old Net Name=H1_OUT2_cdh5 New Net Name=H1_IN3_cdh5
Change Net Name : Old Net Name=H1_OUT2_cdh6 New Net Name=H1_IN3_cdh6
Change Net Name : Old Net Name=H1_OUT2_cdh7 New Net Name=H1_IN3_cdh7
Change Net Name : Old Net Name=H1_OUT2_cdh8 New Net Name=H1_IN3_cdh8
Change Net Name : Old Net Name=H1_OUT4_cdh1 New Net Name=H1_IN1_cdh1
Change Net Name : Old Net Name=H1_OUT4_cdh2 New Net Name=H1_IN1_cdh2
Change Net Name : Old Net Name=H1_OUT4_cdh3 New Net Name=H1_IN1_cdh3
Change Net Name : Old Net Name=H1_OUT4_cdh4 New Net Name=H1_IN1_cdh4
Change Net Name : Old Net Name=H1_OUT4_cdh5 New Net Name=H1_IN1_cdh5
Change Net Name : Old Net Name=H1_OUT4_cdh6 New Net Name=H1_IN1_cdh6
Change Net Name : Old Net Name=H1_OUT4_cdh7 New Net Name=H1_IN1_cdh7
Change Net Name : Old Net Name=H1_OUT4_cdh8 New Net Name=H1_IN1_cdh8
Added Pin To Net: NetName=CAN_H Pin=R105-2
Added Pin To Net: NetName=CAN_H Pin=U27-7
Added Net: Name=CAN_H
Added Pin To Net: NetName=CAN_L Pin=R105-1
Added Pin To Net: NetName=CAN_L Pin=U27-6
Added Net: Name=CAN_L
Added Pin To Net: NetName=CAN_RX Pin=U26-45
Added Pin To Net: NetName=CAN_RX Pin=U27-4
Added Net: Name=CAN_RX
Added Pin To Net: NetName=CAN_TX Pin=U26-46
Added Pin To Net: NetName=CAN_TX Pin=U27-1
Added Net: Name=CAN_TX
Added Pin To Net: NetName=H1_OUT2_cdh1 Pin=U5_cdh1-2
Added Pin To Net: NetName=H1_OUT2_cdh1 Pin=U19_cdh1-3
Added Net: Name=H1_OUT2_cdh1
Added Pin To Net: NetName=H1_OUT2_cdh2 Pin=U5_cdh2-2
Added Pin To Net: NetName=H1_OUT2_cdh2 Pin=U19_cdh2-3
Added Net: Name=H1_OUT2_cdh2
Added Pin To Net: NetName=H1_OUT2_cdh3 Pin=U5_cdh3-2
Added Pin To Net: NetName=H1_OUT2_cdh3 Pin=U19_cdh3-3
Added Net: Name=H1_OUT2_cdh3
Added Pin To Net: NetName=H1_OUT2_cdh4 Pin=U5_cdh4-2
Added Pin To Net: NetName=H1_OUT2_cdh4 Pin=U19_cdh4-3
Added Net: Name=H1_OUT2_cdh4
Added Pin To Net: NetName=H1_OUT2_cdh5 Pin=U5_cdh5-2
Added Pin To Net: NetName=H1_OUT2_cdh5 Pin=U19_cdh5-3
Added Net: Name=H1_OUT2_cdh5
Added Pin To Net: NetName=H1_OUT2_cdh6 Pin=U5_cdh6-2
Added Pin To Net: NetName=H1_OUT2_cdh6 Pin=U19_cdh6-3
Added Net: Name=H1_OUT2_cdh6
Added Pin To Net: NetName=H1_OUT2_cdh7 Pin=U5_cdh7-2
Added Pin To Net: NetName=H1_OUT2_cdh7 Pin=U19_cdh7-3
Added Net: Name=H1_OUT2_cdh7
Added Pin To Net: NetName=H1_OUT2_cdh8 Pin=U5_cdh8-2
Added Pin To Net: NetName=H1_OUT2_cdh8 Pin=U19_cdh8-3
Added Net: Name=H1_OUT2_cdh8
Added Pin To Net: NetName=H1_OUT4_cdh1 Pin=U5_cdh1-4
Added Pin To Net: NetName=H1_OUT4_cdh1 Pin=U19_cdh1-6
Added Net: Name=H1_OUT4_cdh1
Added Pin To Net: NetName=H1_OUT4_cdh2 Pin=U5_cdh2-4
Added Pin To Net: NetName=H1_OUT4_cdh2 Pin=U19_cdh2-6
Added Net: Name=H1_OUT4_cdh2
Added Pin To Net: NetName=H1_OUT4_cdh3 Pin=U5_cdh3-4
Added Pin To Net: NetName=H1_OUT4_cdh3 Pin=U19_cdh3-6
Added Net: Name=H1_OUT4_cdh3
Added Pin To Net: NetName=H1_OUT4_cdh4 Pin=U5_cdh4-4
Added Pin To Net: NetName=H1_OUT4_cdh4 Pin=U19_cdh4-6
Added Net: Name=H1_OUT4_cdh4
Added Pin To Net: NetName=H1_OUT4_cdh5 Pin=U5_cdh5-4
Added Pin To Net: NetName=H1_OUT4_cdh5 Pin=U19_cdh5-6
Added Net: Name=H1_OUT4_cdh5
Added Pin To Net: NetName=H1_OUT4_cdh6 Pin=U5_cdh6-4
Added Pin To Net: NetName=H1_OUT4_cdh6 Pin=U19_cdh6-6
Added Net: Name=H1_OUT4_cdh6
Added Pin To Net: NetName=H1_OUT4_cdh7 Pin=U5_cdh7-4
Added Pin To Net: NetName=H1_OUT4_cdh7 Pin=U19_cdh7-6
Added Net: Name=H1_OUT4_cdh7
Added Pin To Net: NetName=H1_OUT4_cdh8 Pin=U5_cdh8-4
Added Pin To Net: NetName=H1_OUT4_cdh8 Pin=U19_cdh8-6
Added Net: Name=H1_OUT4_cdh8
Added Pin To Net: NetName=JTCK Pin=P3-4
Added Pin To Net: NetName=JTCK Pin=U26-37
Added Net: Name=JTCK
Added Pin To Net: NetName=JTMS Pin=P3-3
Added Pin To Net: NetName=JTMS Pin=U26-34
Added Net: Name=JTMS
Added Pin To Net: NetName=NetC16_1 Pin=C16-1
Added Pin To Net: NetName=NetC16_1 Pin=U26-5
Added Pin To Net: NetName=NetC16_1 Pin=Y1-1
Added Net: Name=NetC16_1
Added Pin To Net: NetName=NetC17_1 Pin=C17-1
Added Pin To Net: NetName=NetC17_1 Pin=U26-6
Added Pin To Net: NetName=NetC17_1 Pin=Y1-2
Added Net: Name=NetC17_1
Added Pin To Net: NetName=NetQ2_cdh1_1 Pin=Q2_cdh1-1
Added Net: Name=NetQ2_cdh1_1
Added Pin To Net: NetName=NetQ2_cdh2_1 Pin=Q2_cdh2-1
Added Net: Name=NetQ2_cdh2_1
Added Pin To Net: NetName=NetQ2_cdh3_1 Pin=Q2_cdh3-1
Added Net: Name=NetQ2_cdh3_1
Added Pin To Net: NetName=NetQ2_cdh4_1 Pin=Q2_cdh4-1
Added Net: Name=NetQ2_cdh4_1
Added Pin To Net: NetName=NetQ2_cdh5_1 Pin=Q2_cdh5-1
Added Net: Name=NetQ2_cdh5_1
Added Pin To Net: NetName=NetQ2_cdh6_1 Pin=Q2_cdh6-1
Added Net: Name=NetQ2_cdh6_1
Added Pin To Net: NetName=NetQ2_cdh7_1 Pin=Q2_cdh7-1
Added Net: Name=NetQ2_cdh7_1
Added Pin To Net: NetName=NetQ2_cdh8_1 Pin=Q2_cdh8-1
Added Net: Name=NetQ2_cdh8_1
Added Pin To Net: NetName=NRST Pin=C18-2
Added Pin To Net: NetName=NRST Pin=U26-7
Added Net: Name=NRST
Added Pin To Net: NetName=VCC3.3 Pin=C12-1
Added Pin To Net: NetName=VCC3.3 Pin=C13-1
Added Pin To Net: NetName=VCC3.3 Pin=C14-1
Added Pin To Net: NetName=VCC3.3 Pin=C15-1
Added Pin To Net: NetName=VCC3.3 Pin=P3-1
Added Pin To Net: NetName=VCC3.3 Pin=U2-2
Added Pin To Net: NetName=VCC3.3 Pin=U2-2
Added Pin To Net: NetName=VCC3.3 Pin=U26-1
Added Pin To Net: NetName=VCC3.3 Pin=U26-9
Added Pin To Net: NetName=VCC3.3 Pin=U26-24
Added Pin To Net: NetName=VCC3.3 Pin=U26-36
Added Pin To Net: NetName=VCC3.3 Pin=U26-48
Added Net: Name=VCC3.3
Added Pin To Net: NetName=VCC Pin=C19-1
Added Pin To Net: NetName=VCC Pin=U27-3
Added Net: Name=VCC
Added Member To Class: ClassName=总图 Member=Component C12 Cap
Added Member To Class: ClassName=总图 Member=Component C13 Cap
Added Member To Class: ClassName=总图 Member=Component C14 Cap
Added Member To Class: ClassName=总图 Member=Component C15 Cap
Added Member To Class: ClassName=总图 Member=Component C16 Cap
Added Member To Class: ClassName=总图 Member=Component C17 Cap
Added Member To Class: ClassName=总图 Member=Component C18 0.1uF
Added Member To Class: ClassName=总图 Member=Component C19 104
Added Member To Class: ClassName=总图 Member=Component P3 Header 4
Added Member To Class: ClassName=总图 Member=Component R105 120R
Added Member To Class: ClassName=总图 Member=Component U2 AMS1117
Added Member To Class: ClassName=总图 Member=Component U26 STM32F103C8T6
Added Member To Class: ClassName=总图 Member=Component U27 TJA1050
Added Member To Class: ClassName=总图 Member=Component Y1 8M
