Change Component DesignItemId : Designator=C18 Old DesignItemId= New DesignItemId=C
Change Component DesignItemId : Designator=C19 Old DesignItemId= New DesignItemId=C_3
Change Component DesignItemId : Designator=U3_cdh9 Old DesignItemId= New DesignItemId=LM317
Change Component DesignItemId : Designator=U3_cdh10 Old DesignItemId= New DesignItemId=LM317
Change Component DesignItemId : Designator=U3_cdh11 Old DesignItemId= New DesignItemId=LM317
Change Component DesignItemId : Designator=U3_cdh12 Old DesignItemId= New DesignItemId=LM317
Change Component DesignItemId : Designator=U3_cdh13 Old DesignItemId= New DesignItemId=LM317
Change Component DesignItemId : Designator=U3_cdh14 Old DesignItemId= New DesignItemId=LM317
Change Component DesignItemId : Designator=U3_cdh15 Old DesignItemId= New DesignItemId=LM317
Change Component DesignItemId : Designator=U3_cdh16 Old DesignItemId= New DesignItemId=LM317
Change Component DesignItemId : Designator=U28 Old DesignItemId= New DesignItemId=MP1584EN
Change Component DesignItemId : Designator=R105 Old DesignItemId= New DesignItemId=R_2
Change Component DesignItemId : Designator=R106 Old DesignItemId= New DesignItemId=R_2
Change Component DesignItemId : Designator=R107 Old DesignItemId= New DesignItemId=R_2
Change Component DesignItemId : Designator=R108 Old DesignItemId= New DesignItemId=R_2
Change Component DesignItemId : Designator=R109 Old DesignItemId= New DesignItemId=R_2
Change Component DesignItemId : Designator=R110 Old DesignItemId= New DesignItemId=R_2
Change Component DesignItemId : Designator=R111 Old DesignItemId= New DesignItemId=R_2
Change Component DesignItemId : Designator=R112 Old DesignItemId= New DesignItemId=R_2
Change Component DesignItemId : Designator=U2 Old DesignItemId=AMS11 New DesignItemId=AMS1117
Change Component DesignItemId : Designator=C20 Old DesignItemId=C New DesignItemId=CAP
Change Component DesignItemId : Designator=U27 Old DesignItemId=SN6 New DesignItemId=SN65HVD230D
Change Component DesignItemId : Designator=U26 Old DesignItemId=stm32f103v8 New DesignItemId=stm32f103v8t6
Change Component DesignItemId : Designator=U19_cdh1 Old DesignItemId=TLC22 New DesignItemId=TLC2264
Change Component DesignItemId : Designator=U19_cdh2 Old DesignItemId=TLC22 New DesignItemId=TLC2264
Change Component DesignItemId : Designator=U19_cdh3 Old DesignItemId=TLC22 New DesignItemId=TLC2264
Change Component DesignItemId : Designator=U19_cdh4 Old DesignItemId=TLC22 New DesignItemId=TLC2264
Change Component DesignItemId : Designator=U19_cdh5 Old DesignItemId=TLC22 New DesignItemId=TLC2264
Change Component DesignItemId : Designator=U19_cdh6 Old DesignItemId=TLC22 New DesignItemId=TLC2264
Change Component DesignItemId : Designator=U19_cdh7 Old DesignItemId=TLC22 New DesignItemId=TLC2264
Change Component DesignItemId : Designator=U19_cdh8 Old DesignItemId=TLC22 New DesignItemId=TLC2264
Change Component DesignItemId : Designator=U19_cdh9 Old DesignItemId=TLC22 New DesignItemId=TLC2264
Change Component DesignItemId : Designator=U19_cdh10 Old DesignItemId=TLC22 New DesignItemId=TLC2264
Change Component DesignItemId : Designator=U19_cdh11 Old DesignItemId=TLC22 New DesignItemId=TLC2264
Change Component DesignItemId : Designator=U19_cdh12 Old DesignItemId=TLC22 New DesignItemId=TLC2264
Change Component DesignItemId : Designator=U19_cdh13 Old DesignItemId=TLC22 New DesignItemId=TLC2264
Change Component DesignItemId : Designator=U19_cdh14 Old DesignItemId=TLC22 New DesignItemId=TLC2264
Change Component DesignItemId : Designator=U19_cdh15 Old DesignItemId=TLC22 New DesignItemId=TLC2264
Change Component DesignItemId : Designator=U19_cdh16 Old DesignItemId=TLC22 New DesignItemId=TLC2264
Change Component Description : Designator=U3_cdh1 Old Description= New Description=LM317
Change Component Description : Designator=U3_cdh2 Old Description= New Description=LM317
Change Component Description : Designator=U3_cdh3 Old Description= New Description=LM317
Change Component Description : Designator=U3_cdh4 Old Description= New Description=LM317
Change Component Description : Designator=U3_cdh5 Old Description= New Description=LM317
Change Component Description : Designator=U3_cdh6 Old Description= New Description=LM317
Change Component Description : Designator=U3_cdh7 Old Description= New Description=LM317
Change Component Description : Designator=U3_cdh8 Old Description= New Description=LM317
Change Component Description : Designator=U3_cdh9 Old Description= New Description=LM317
Change Component Description : Designator=U3_cdh10 Old Description= New Description=LM317
Change Component Description : Designator=U3_cdh11 Old Description= New Description=LM317
Change Component Description : Designator=U3_cdh12 Old Description= New Description=LM317
Change Component Description : Designator=U3_cdh13 Old Description= New Description=LM317
Change Component Description : Designator=U3_cdh14 Old Description= New Description=LM317
Change Component Description : Designator=U3_cdh15 Old Description= New Description=LM317
Change Component Description : Designator=U3_cdh16 Old Description= New Description=LM317
Change Component Description : Designator=C12 Old Description=Capacit New Description=Capacitor
Change Component Description : Designator=C13 Old Description=Capacit New Description=Capacitor
Change Component Description : Designator=C15 Old Description=Capacit New Description=Capacitor
Change Component Description : Designator=C16 Old Description=Capacit New Description=Capacitor
Change Component Description : Designator=C17 Old Description=Capacit New Description=Capacitor
Change Component Description : Designator=C2_cdh1 Old Description=Capacitor (Semiconductor SIM Mode New Description=Capacitor (Semiconductor SIM Model)
Change Component Description : Designator=C2_cdh2 Old Description=Capacitor (Semiconductor SIM Mode New Description=Capacitor (Semiconductor SIM Model)
Change Component Description : Designator=C2_cdh3 Old Description=Capacitor (Semiconductor SIM Mode New Description=Capacitor (Semiconductor SIM Model)
Change Component Description : Designator=C2_cdh4 Old Description=Capacitor (Semiconductor SIM Mode New Description=Capacitor (Semiconductor SIM Model)
Change Component Description : Designator=C2_cdh5 Old Description=Capacitor (Semiconductor SIM Mode New Description=Capacitor (Semiconductor SIM Model)
Change Component Description : Designator=C2_cdh6 Old Description=Capacitor (Semiconductor SIM Mode New Description=Capacitor (Semiconductor SIM Model)
Change Component Description : Designator=C2_cdh7 Old Description=Capacitor (Semiconductor SIM Mode New Description=Capacitor (Semiconductor SIM Model)
Change Component Description : Designator=C2_cdh8 Old Description=Capacitor (Semiconductor SIM Mode New Description=Capacitor (Semiconductor SIM Model)
Change Component Description : Designator=C2_cdh9 Old Description=Capacitor (Semiconductor SIM Mode New Description=Capacitor (Semiconductor SIM Model)
Change Component Description : Designator=C2_cdh10 Old Description=Capacitor (Semiconductor SIM Mode New Description=Capacitor (Semiconductor SIM Model)
Change Component Description : Designator=C2_cdh11 Old Description=Capacitor (Semiconductor SIM Mode New Description=Capacitor (Semiconductor SIM Model)
Change Component Description : Designator=C2_cdh12 Old Description=Capacitor (Semiconductor SIM Mode New Description=Capacitor (Semiconductor SIM Model)
Change Component Description : Designator=C2_cdh13 Old Description=Capacitor (Semiconductor SIM Mode New Description=Capacitor (Semiconductor SIM Model)
Change Component Description : Designator=C2_cdh14 Old Description=Capacitor (Semiconductor SIM Mode New Description=Capacitor (Semiconductor SIM Model)
Change Component Description : Designator=C2_cdh15 Old Description=Capacitor (Semiconductor SIM Mode New Description=Capacitor (Semiconductor SIM Model)
Change Component Description : Designator=C2_cdh16 Old Description=Capacitor (Semiconductor SIM Mode New Description=Capacitor (Semiconductor SIM Model)
Change Component Description : Designator=C21 Old Description=Capacitor (Semiconductor SIM Mode New Description=Capacitor (Semiconductor SIM Model)
Change Component Description : Designator=C22 Old Description=Capacitor (Semiconductor SIM Mode New Description=Capacitor (Semiconductor SIM Model)
Change Component Description : Designator=C23 Old Description=Capacitor (Semiconductor SIM Mode New Description=Capacitor (Semiconductor SIM Model)
Change Component Description : Designator=C24 Old Description=Capacitor (Semiconductor SIM Mode New Description=Capacitor (Semiconductor SIM Model)
Change Component Description : Designator=Y1 Old Description=Crystal Oscillat New Description=Crystal Oscillator
Change Component Description : Designator=D11 Old Description=Default Dio New Description=Default Diode
Change Component Description : Designator=F3 Old Description=Fu New Description=Fuse
Change Component Description : Designator=U5_cdh1 Old Description=Header, 4-P New Description=Header, 4-Pin
Change Component Description : Designator=U5_cdh2 Old Description=Header, 4-P New Description=Header, 4-Pin
Change Component Description : Designator=U5_cdh3 Old Description=Header, 4-P New Description=Header, 4-Pin
Change Component Description : Designator=U5_cdh4 Old Description=Header, 4-P New Description=Header, 4-Pin
Change Component Description : Designator=U5_cdh5 Old Description=Header, 4-P New Description=Header, 4-Pin
Change Component Description : Designator=U5_cdh6 Old Description=Header, 4-P New Description=Header, 4-Pin
Change Component Description : Designator=U5_cdh7 Old Description=Header, 4-P New Description=Header, 4-Pin
Change Component Description : Designator=U5_cdh8 Old Description=Header, 4-P New Description=Header, 4-Pin
Change Component Description : Designator=U5_cdh9 Old Description=Header, 4-P New Description=Header, 4-Pin
Change Component Description : Designator=U5_cdh10 Old Description=Header, 4-P New Description=Header, 4-Pin
Change Component Description : Designator=U5_cdh11 Old Description=Header, 4-P New Description=Header, 4-Pin
Change Component Description : Designator=U5_cdh12 Old Description=Header, 4-P New Description=Header, 4-Pin
Change Component Description : Designator=U5_cdh13 Old Description=Header, 4-P New Description=Header, 4-Pin
Change Component Description : Designator=U5_cdh14 Old Description=Header, 4-P New Description=Header, 4-Pin
Change Component Description : Designator=U5_cdh15 Old Description=Header, 4-P New Description=Header, 4-Pin
Change Component Description : Designator=U5_cdh16 Old Description=Header, 4-P New Description=Header, 4-Pin
Change Component Description : Designator=P2 Old Description=Header, New Description=Header, 4-Pin
Change Component Description : Designator=L1 Old Description=Induct New Description=Inductor
Change Component Description : Designator=Q2_cdh1 Old Description=NPN Bipolar Transist New Description=NPN Bipolar Transistor
Change Component Description : Designator=Q2_cdh2 Old Description=NPN Bipolar Transist New Description=NPN Bipolar Transistor
Change Component Description : Designator=Q2_cdh3 Old Description=NPN Bipolar Transist New Description=NPN Bipolar Transistor
Change Component Description : Designator=Q2_cdh4 Old Description=NPN Bipolar Transist New Description=NPN Bipolar Transistor
Change Component Description : Designator=Q2_cdh5 Old Description=NPN Bipolar Transist New Description=NPN Bipolar Transistor
Change Component Description : Designator=Q2_cdh6 Old Description=NPN Bipolar Transist New Description=NPN Bipolar Transistor
Change Component Description : Designator=Q2_cdh7 Old Description=NPN Bipolar Transist New Description=NPN Bipolar Transistor
Change Component Description : Designator=Q2_cdh8 Old Description=NPN Bipolar Transist New Description=NPN Bipolar Transistor
Change Component Description : Designator=Q2_cdh9 Old Description=NPN Bipolar Transist New Description=NPN Bipolar Transistor
Change Component Description : Designator=Q2_cdh10 Old Description=NPN Bipolar Transist New Description=NPN Bipolar Transistor
Change Component Description : Designator=Q2_cdh11 Old Description=NPN Bipolar Transist New Description=NPN Bipolar Transistor
Change Component Description : Designator=Q2_cdh12 Old Description=NPN Bipolar Transist New Description=NPN Bipolar Transistor
Change Component Description : Designator=Q2_cdh13 Old Description=NPN Bipolar Transist New Description=NPN Bipolar Transistor
Change Component Description : Designator=Q2_cdh14 Old Description=NPN Bipolar Transist New Description=NPN Bipolar Transistor
Change Component Description : Designator=Q2_cdh15 Old Description=NPN Bipolar Transist New Description=NPN Bipolar Transistor
Change Component Description : Designator=Q2_cdh16 Old Description=NPN Bipolar Transist New Description=NPN Bipolar Transistor
Change Component Description : Designator=R3_cdh9 Old Description=Re New Description=Resistor
Change Component Description : Designator=R3_cdh10 Old Description=Re New Description=Resistor
Change Component Description : Designator=R3_cdh11 Old Description=Re New Description=Resistor
Change Component Description : Designator=R3_cdh12 Old Description=Re New Description=Resistor
Change Component Description : Designator=R3_cdh13 Old Description=Re New Description=Resistor
Change Component Description : Designator=R3_cdh14 Old Description=Re New Description=Resistor
Change Component Description : Designator=R3_cdh15 Old Description=Re New Description=Resistor
Change Component Description : Designator=R3_cdh16 Old Description=Re New Description=Resistor
Change Component Description : Designator=R4_cdh9 Old Description=Re New Description=Resistor
Change Component Description : Designator=R4_cdh10 Old Description=Re New Description=Resistor
Change Component Description : Designator=R4_cdh11 Old Description=Re New Description=Resistor
Change Component Description : Designator=R4_cdh12 Old Description=Re New Description=Resistor
Change Component Description : Designator=R4_cdh13 Old Description=Re New Description=Resistor
Change Component Description : Designator=R4_cdh14 Old Description=Re New Description=Resistor
Change Component Description : Designator=R4_cdh15 Old Description=Re New Description=Resistor
Change Component Description : Designator=R4_cdh16 Old Description=Re New Description=Resistor
Change Component Description : Designator=R6_cdh9 Old Description=Re New Description=Resistor
Change Component Description : Designator=R6_cdh10 Old Description=Re New Description=Resistor
Change Component Description : Designator=R6_cdh11 Old Description=Re New Description=Resistor
Change Component Description : Designator=R6_cdh12 Old Description=Re New Description=Resistor
Change Component Description : Designator=R6_cdh13 Old Description=Re New Description=Resistor
Change Component Description : Designator=R6_cdh14 Old Description=Re New Description=Resistor
Change Component Description : Designator=R6_cdh15 Old Description=Re New Description=Resistor
Change Component Description : Designator=R6_cdh16 Old Description=Re New Description=Resistor
Change Component Description : Designator=R12_cdh9 Old Description=Re New Description=Resistor
Change Component Description : Designator=R12_cdh10 Old Description=Re New Description=Resistor
Change Component Description : Designator=R12_cdh11 Old Description=Re New Description=Resistor
Change Component Description : Designator=R12_cdh12 Old Description=Re New Description=Resistor
Change Component Description : Designator=R12_cdh13 Old Description=Re New Description=Resistor
Change Component Description : Designator=R12_cdh14 Old Description=Re New Description=Resistor
Change Component Description : Designator=R12_cdh15 Old Description=Re New Description=Resistor
Change Component Description : Designator=R12_cdh16 Old Description=Re New Description=Resistor
Change Component Description : Designator=R13_cdh9 Old Description=Re New Description=Resistor
Change Component Description : Designator=R13_cdh10 Old Description=Re New Description=Resistor
Change Component Description : Designator=R13_cdh11 Old Description=Re New Description=Resistor
Change Component Description : Designator=R13_cdh12 Old Description=Re New Description=Resistor
Change Component Description : Designator=R13_cdh13 Old Description=Re New Description=Resistor
Change Component Description : Designator=R13_cdh14 Old Description=Re New Description=Resistor
Change Component Description : Designator=R13_cdh15 Old Description=Re New Description=Resistor
Change Component Description : Designator=R13_cdh16 Old Description=Re New Description=Resistor
Change Component Description : Designator=R14_cdh9 Old Description=Re New Description=Resistor
Change Component Description : Designator=R14_cdh10 Old Description=Re New Description=Resistor
Change Component Description : Designator=R14_cdh11 Old Description=Re New Description=Resistor
Change Component Description : Designator=R14_cdh12 Old Description=Re New Description=Resistor
Change Component Description : Designator=R14_cdh13 Old Description=Re New Description=Resistor
Change Component Description : Designator=R14_cdh14 Old Description=Re New Description=Resistor
Change Component Description : Designator=R14_cdh15 Old Description=Re New Description=Resistor
Change Component Description : Designator=R14_cdh16 Old Description=Re New Description=Resistor
Change Component Description : Designator=R16_cdh9 Old Description=Re New Description=Resistor
Change Component Description : Designator=R16_cdh10 Old Description=Re New Description=Resistor
Change Component Description : Designator=R16_cdh11 Old Description=Re New Description=Resistor
Change Component Description : Designator=R16_cdh12 Old Description=Re New Description=Resistor
Change Component Description : Designator=R16_cdh13 Old Description=Re New Description=Resistor
Change Component Description : Designator=R16_cdh14 Old Description=Re New Description=Resistor
Change Component Description : Designator=R16_cdh15 Old Description=Re New Description=Resistor
Change Component Description : Designator=R16_cdh16 Old Description=Re New Description=Resistor
Change Component Description : Designator=R18_cdh9 Old Description=Re New Description=Resistor
Change Component Description : Designator=R18_cdh10 Old Description=Re New Description=Resistor
Change Component Description : Designator=R18_cdh11 Old Description=Re New Description=Resistor
Change Component Description : Designator=R18_cdh12 Old Description=Re New Description=Resistor
Change Component Description : Designator=R18_cdh13 Old Description=Re New Description=Resistor
Change Component Description : Designator=R18_cdh14 Old Description=Re New Description=Resistor
Change Component Description : Designator=R18_cdh15 Old Description=Re New Description=Resistor
Change Component Description : Designator=R18_cdh16 Old Description=Re New Description=Resistor
Change Component Description : Designator=R20_cdh9 Old Description=Re New Description=Resistor
Change Component Description : Designator=R20_cdh10 Old Description=Re New Description=Resistor
Change Component Description : Designator=R20_cdh11 Old Description=Re New Description=Resistor
Change Component Description : Designator=R20_cdh12 Old Description=Re New Description=Resistor
Change Component Description : Designator=R20_cdh13 Old Description=Re New Description=Resistor
Change Component Description : Designator=R20_cdh14 Old Description=Re New Description=Resistor
Change Component Description : Designator=R20_cdh15 Old Description=Re New Description=Resistor
Change Component Description : Designator=R20_cdh16 Old Description=Re New Description=Resistor
Change Component Description : Designator=R22_cdh9 Old Description=Re New Description=Resistor
Change Component Description : Designator=R22_cdh10 Old Description=Re New Description=Resistor
Change Component Description : Designator=R22_cdh11 Old Description=Re New Description=Resistor
Change Component Description : Designator=R22_cdh12 Old Description=Re New Description=Resistor
Change Component Description : Designator=R22_cdh13 Old Description=Re New Description=Resistor
Change Component Description : Designator=R22_cdh14 Old Description=Re New Description=Resistor
Change Component Description : Designator=R22_cdh15 Old Description=Re New Description=Resistor
Change Component Description : Designator=R22_cdh16 Old Description=Re New Description=Resistor
Change Component Description : Designator=R24_cdh9 Old Description=Re New Description=Resistor
Change Component Description : Designator=R24_cdh10 Old Description=Re New Description=Resistor
Change Component Description : Designator=R24_cdh11 Old Description=Re New Description=Resistor
Change Component Description : Designator=R24_cdh12 Old Description=Re New Description=Resistor
Change Component Description : Designator=R24_cdh13 Old Description=Re New Description=Resistor
Change Component Description : Designator=R24_cdh14 Old Description=Re New Description=Resistor
Change Component Description : Designator=R24_cdh15 Old Description=Re New Description=Resistor
Change Component Description : Designator=R24_cdh16 Old Description=Re New Description=Resistor
Change Component Description : Designator=R26_cdh9 Old Description=Re New Description=Resistor
Change Component Description : Designator=R26_cdh10 Old Description=Re New Description=Resistor
Change Component Description : Designator=R26_cdh11 Old Description=Re New Description=Resistor
Change Component Description : Designator=R26_cdh12 Old Description=Re New Description=Resistor
Change Component Description : Designator=R26_cdh13 Old Description=Re New Description=Resistor
Change Component Description : Designator=R26_cdh14 Old Description=Re New Description=Resistor
Change Component Description : Designator=R26_cdh15 Old Description=Re New Description=Resistor
Change Component Description : Designator=R26_cdh16 Old Description=Re New Description=Resistor
Change Component Description : Designator=R3_cdh1 Old Description=Resist New Description=Resistor
Change Component Description : Designator=R3_cdh2 Old Description=Resist New Description=Resistor
Change Component Description : Designator=R3_cdh3 Old Description=Resist New Description=Resistor
Change Component Description : Designator=R3_cdh4 Old Description=Resist New Description=Resistor
Change Component Description : Designator=R3_cdh5 Old Description=Resist New Description=Resistor
Change Component Description : Designator=R3_cdh6 Old Description=Resist New Description=Resistor
Change Component Description : Designator=R3_cdh7 Old Description=Resist New Description=Resistor
Change Component Description : Designator=R3_cdh8 Old Description=Resist New Description=Resistor
Change Component Description : Designator=R4_cdh1 Old Description=Resist New Description=Resistor
Change Component Description : Designator=R4_cdh2 Old Description=Resist New Description=Resistor
Change Component Description : Designator=R4_cdh3 Old Description=Resist New Description=Resistor
Change Component Description : Designator=R4_cdh4 Old Description=Resist New Description=Resistor
Change Component Description : Designator=R4_cdh5 Old Description=Resist New Description=Resistor
Change Component Description : Designator=R4_cdh6 Old Description=Resist New Description=Resistor
Change Component Description : Designator=R4_cdh7 Old Description=Resist New Description=Resistor
Change Component Description : Designator=R4_cdh8 Old Description=Resist New Description=Resistor
Change Component Description : Designator=R6_cdh1 Old Description=Resist New Description=Resistor
Change Component Description : Designator=R6_cdh2 Old Description=Resist New Description=Resistor
Change Component Description : Designator=R6_cdh3 Old Description=Resist New Description=Resistor
Change Component Description : Designator=R6_cdh4 Old Description=Resist New Description=Resistor
Change Component Description : Designator=R6_cdh5 Old Description=Resist New Description=Resistor
Change Component Description : Designator=R6_cdh6 Old Description=Resist New Description=Resistor
Change Component Description : Designator=R6_cdh7 Old Description=Resist New Description=Resistor
Change Component Description : Designator=R6_cdh8 Old Description=Resist New Description=Resistor
Change Component Description : Designator=R12_cdh1 Old Description=Resist New Description=Resistor
Change Component Description : Designator=R12_cdh2 Old Description=Resist New Description=Resistor
Change Component Description : Designator=R12_cdh3 Old Description=Resist New Description=Resistor
Change Component Description : Designator=R12_cdh4 Old Description=Resist New Description=Resistor
Change Component Description : Designator=R12_cdh5 Old Description=Resist New Description=Resistor
Change Component Description : Designator=R12_cdh6 Old Description=Resist New Description=Resistor
Change Component Description : Designator=R12_cdh7 Old Description=Resist New Description=Resistor
Change Component Description : Designator=R12_cdh8 Old Description=Resist New Description=Resistor
Change Component Description : Designator=R13_cdh1 Old Description=Resist New Description=Resistor
Change Component Description : Designator=R13_cdh2 Old Description=Resist New Description=Resistor
Change Component Description : Designator=R13_cdh3 Old Description=Resist New Description=Resistor
Change Component Description : Designator=R13_cdh4 Old Description=Resist New Description=Resistor
Change Component Description : Designator=R13_cdh5 Old Description=Resist New Description=Resistor
Change Component Description : Designator=R13_cdh6 Old Description=Resist New Description=Resistor
Change Component Description : Designator=R13_cdh7 Old Description=Resist New Description=Resistor
Change Component Description : Designator=R13_cdh8 Old Description=Resist New Description=Resistor
Change Component Description : Designator=R14_cdh1 Old Description=Resist New Description=Resistor
Change Component Description : Designator=R14_cdh2 Old Description=Resist New Description=Resistor
Change Component Description : Designator=R14_cdh3 Old Description=Resist New Description=Resistor
Change Component Description : Designator=R14_cdh4 Old Description=Resist New Description=Resistor
Change Component Description : Designator=R14_cdh5 Old Description=Resist New Description=Resistor
Change Component Description : Designator=R14_cdh6 Old Description=Resist New Description=Resistor
Change Component Description : Designator=R14_cdh7 Old Description=Resist New Description=Resistor
Change Component Description : Designator=R14_cdh8 Old Description=Resist New Description=Resistor
Change Component Description : Designator=R16_cdh1 Old Description=Resist New Description=Resistor
Change Component Description : Designator=R16_cdh2 Old Description=Resist New Description=Resistor
Change Component Description : Designator=R16_cdh3 Old Description=Resist New Description=Resistor
Change Component Description : Designator=R16_cdh4 Old Description=Resist New Description=Resistor
Change Component Description : Designator=R16_cdh5 Old Description=Resist New Description=Resistor
Change Component Description : Designator=R16_cdh6 Old Description=Resist New Description=Resistor
Change Component Description : Designator=R16_cdh7 Old Description=Resist New Description=Resistor
Change Component Description : Designator=R16_cdh8 Old Description=Resist New Description=Resistor
Change Component Description : Designator=R18_cdh1 Old Description=Resist New Description=Resistor
Change Component Description : Designator=R18_cdh2 Old Description=Resist New Description=Resistor
Change Component Description : Designator=R18_cdh3 Old Description=Resist New Description=Resistor
Change Component Description : Designator=R18_cdh4 Old Description=Resist New Description=Resistor
Change Component Description : Designator=R18_cdh5 Old Description=Resist New Description=Resistor
Change Component Description : Designator=R18_cdh6 Old Description=Resist New Description=Resistor
Change Component Description : Designator=R18_cdh7 Old Description=Resist New Description=Resistor
Change Component Description : Designator=R18_cdh8 Old Description=Resist New Description=Resistor
Change Component Description : Designator=R20_cdh1 Old Description=Resist New Description=Resistor
Change Component Description : Designator=R20_cdh2 Old Description=Resist New Description=Resistor
Change Component Description : Designator=R20_cdh3 Old Description=Resist New Description=Resistor
Change Component Description : Designator=R20_cdh4 Old Description=Resist New Description=Resistor
Change Component Description : Designator=R20_cdh5 Old Description=Resist New Description=Resistor
Change Component Description : Designator=R20_cdh6 Old Description=Resist New Description=Resistor
Change Component Description : Designator=R20_cdh7 Old Description=Resist New Description=Resistor
Change Component Description : Designator=R20_cdh8 Old Description=Resist New Description=Resistor
Change Component Description : Designator=R22_cdh1 Old Description=Resist New Description=Resistor
Change Component Description : Designator=R22_cdh2 Old Description=Resist New Description=Resistor
Change Component Description : Designator=R22_cdh3 Old Description=Resist New Description=Resistor
Change Component Description : Designator=R22_cdh4 Old Description=Resist New Description=Resistor
Change Component Description : Designator=R22_cdh5 Old Description=Resist New Description=Resistor
Change Component Description : Designator=R22_cdh6 Old Description=Resist New Description=Resistor
Change Component Description : Designator=R22_cdh7 Old Description=Resist New Description=Resistor
Change Component Description : Designator=R22_cdh8 Old Description=Resist New Description=Resistor
Change Component Description : Designator=R24_cdh1 Old Description=Resist New Description=Resistor
Change Component Description : Designator=R24_cdh2 Old Description=Resist New Description=Resistor
Change Component Description : Designator=R24_cdh3 Old Description=Resist New Description=Resistor
Change Component Description : Designator=R24_cdh4 Old Description=Resist New Description=Resistor
Change Component Description : Designator=R24_cdh5 Old Description=Resist New Description=Resistor
Change Component Description : Designator=R24_cdh6 Old Description=Resist New Description=Resistor
Change Component Description : Designator=R24_cdh7 Old Description=Resist New Description=Resistor
Change Component Description : Designator=R24_cdh8 Old Description=Resist New Description=Resistor
Change Component Description : Designator=R26_cdh1 Old Description=Resist New Description=Resistor
Change Component Description : Designator=R26_cdh2 Old Description=Resist New Description=Resistor
Change Component Description : Designator=R26_cdh3 Old Description=Resist New Description=Resistor
Change Component Description : Designator=R26_cdh4 Old Description=Resist New Description=Resistor
Change Component Description : Designator=R26_cdh5 Old Description=Resist New Description=Resistor
Change Component Description : Designator=R26_cdh6 Old Description=Resist New Description=Resistor
Change Component Description : Designator=R26_cdh7 Old Description=Resist New Description=Resistor
Change Component Description : Designator=R26_cdh8 Old Description=Resist New Description=Resistor
Change Component Description : Designator=D12 Old Description=Schottky Rectifi New Description=Schottky Rectifier
Change Component Description : Designator=D10 Old Description=Typical INFRARE New Description=Typical INFRARED GaAs LED
Change Component Description : Designator=D2_cdh1 Old Description=Typical INFRARED GaAs L New Description=Typical INFRARED GaAs LED
Change Component Description : Designator=D2_cdh2 Old Description=Typical INFRARED GaAs L New Description=Typical INFRARED GaAs LED
Change Component Description : Designator=D2_cdh3 Old Description=Typical INFRARED GaAs L New Description=Typical INFRARED GaAs LED
Change Component Description : Designator=D2_cdh4 Old Description=Typical INFRARED GaAs L New Description=Typical INFRARED GaAs LED
Change Component Description : Designator=D2_cdh5 Old Description=Typical INFRARED GaAs L New Description=Typical INFRARED GaAs LED
Change Component Description : Designator=D2_cdh6 Old Description=Typical INFRARED GaAs L New Description=Typical INFRARED GaAs LED
Change Component Description : Designator=D2_cdh7 Old Description=Typical INFRARED GaAs L New Description=Typical INFRARED GaAs LED
Change Component Description : Designator=D2_cdh8 Old Description=Typical INFRARED GaAs L New Description=Typical INFRARED GaAs LED
Change Component Description : Designator=D2_cdh9 Old Description=Typical INFRARED GaAs L New Description=Typical INFRARED GaAs LED
Change Component Description : Designator=D2_cdh10 Old Description=Typical INFRARED GaAs L New Description=Typical INFRARED GaAs LED
Change Component Description : Designator=D2_cdh11 Old Description=Typical INFRARED GaAs L New Description=Typical INFRARED GaAs LED
Change Component Description : Designator=D2_cdh12 Old Description=Typical INFRARED GaAs L New Description=Typical INFRARED GaAs LED
Change Component Description : Designator=D2_cdh13 Old Description=Typical INFRARED GaAs L New Description=Typical INFRARED GaAs LED
Change Component Description : Designator=D2_cdh14 Old Description=Typical INFRARED GaAs L New Description=Typical INFRARED GaAs LED
Change Component Description : Designator=D2_cdh15 Old Description=Typical INFRARED GaAs L New Description=Typical INFRARED GaAs LED
Change Component Description : Designator=D2_cdh16 Old Description=Typical INFRARED GaAs L New Description=Typical INFRARED GaAs LED
Change Component Library : Designator=C18 Old Library=Explorer STM32F407·â×°¿â.In New Library=Explorer STM32F407·â×°¿â.IntLib
Change Component Library : Designator=C19 Old Library=Explorer STM32F407·â×°¿â.In New Library=Explorer STM32F407·â×°¿â.IntLib
Change Component Library : Designator=R105 Old Library=Explorer STM32F407·â×°¿â.In New Library=Explorer STM32F407·â×°¿â.IntLib
Change Component Library : Designator=R106 Old Library=Explorer STM32F407·â×°¿â.In New Library=Explorer STM32F407·â×°¿â.IntLib
Change Component Library : Designator=R107 Old Library=Explorer STM32F407·â×°¿â.In New Library=Explorer STM32F407·â×°¿â.IntLib
Change Component Library : Designator=R108 Old Library=Explorer STM32F407·â×°¿â.In New Library=Explorer STM32F407·â×°¿â.IntLib
Change Component Library : Designator=R109 Old Library=Explorer STM32F407·â×°¿â.In New Library=Explorer STM32F407·â×°¿â.IntLib
Change Component Library : Designator=R110 Old Library=Explorer STM32F407·â×°¿â.In New Library=Explorer STM32F407·â×°¿â.IntLib
Change Component Library : Designator=R111 Old Library=Explorer STM32F407·â×°¿â.In New Library=Explorer STM32F407·â×°¿â.IntLib
Change Component Library : Designator=R112 Old Library=Explorer STM32F407·â×°¿â.In New Library=Explorer STM32F407·â×°¿â.IntLib
Added Member To Class: ClassName=cdh3 Member=Component R8_cdh3 (R8) Res Tap
Added Member To Class: ClassName=cdh13 Member=Component U5_cdh13 (U5) Header 4
