Removed Pin From Net: NetName=NetR81_2 Pin=U11-1
Removed Pin From Net: NetName=NetR81_1 Pin=U11-2
Removed Pin From Net: NetName=H7_IN3 Pin=U11-3
Removed Pin From Net: NetName=NetR90_2 Pin=U11-5
Removed Pin From Net: NetName=H2_OUT4 Pin=U11-6
Removed Pin From Net: NetName=NetD1_1 Pin=U11-7
Removed Pin From Net: NetName=NetR91_2 Pin=U11-8
Removed Pin From Net: NetName=NetR91_2 Pin=U11-9
Removed Pin From Net: NetName=NetR102_1 Pin=U11-10
Removed Pin From Net: NetName=NetR82_2 Pin=U11-12
Removed Pin From Net: NetName=H8_OUT4 Pin=U11-13
Removed Pin From Net: NetName=NetD9_1 Pin=U11-14
Change Component Footprint: Designator=U1 Old Footprint=TO-220-AB New Footprint=TO-220
Added Pin To Net: NetName=NetR1_2 Pin=U11-1
Added Pin To Net: NetName=NetR3_2 Pin=U11-1
Added Pin To Net: NetName=NetR27_2 Pin=U11-1
Added Pin To Net: NetName=NetR29_2 Pin=U11-1
Added Pin To Net: NetName=NetR53_2 Pin=U11-1
Added Pin To Net: NetName=NetR55_2 Pin=U11-1
Added Pin To Net: NetName=NetR79_2 Pin=U11-1
Added Pin To Net: NetName=NetR81_2 Pin=U11-1
Added Pin To Net: NetName=NetR1_1 Pin=U11-2
Added Pin To Net: NetName=NetR3_1 Pin=U11-2
Added Pin To Net: NetName=NetR27_1 Pin=U11-2
Added Pin To Net: NetName=NetR29_1 Pin=U11-2
Added Pin To Net: NetName=NetR53_1 Pin=U11-2
Added Pin To Net: NetName=NetR55_1 Pin=U11-2
Added Pin To Net: NetName=NetR79_1 Pin=U11-2
Added Pin To Net: NetName=NetR81_1 Pin=U11-2
Added Pin To Net: NetName=H1_IN3 Pin=U11-3
Added Pin To Net: NetName=H2_IN3 Pin=U11-3
Added Pin To Net: NetName=H3_IN3 Pin=U11-3
Added Pin To Net: NetName=H4_IN3 Pin=U11-3
Added Pin To Net: NetName=H5_IN3 Pin=U11-3
Added Pin To Net: NetName=H6_IN3 Pin=U11-3
Added Pin To Net: NetName=H7_IN3 Pin=U11-3
Added Pin To Net: NetName=H8_IN3 Pin=U11-3
Added Pin To Net: NetName=VCC8 Pin=U11-4
Added Pin To Net: NetName=VCC8 Pin=U11-4
Added Pin To Net: NetName=VCC8 Pin=U11-4
Added Pin To Net: NetName=VCC8 Pin=U11-4
Added Pin To Net: NetName=VCC8 Pin=U11-4
Added Pin To Net: NetName=VCC8 Pin=U11-4
Added Pin To Net: NetName=VCC8 Pin=U11-4
Added Pin To Net: NetName=NetR2_2 Pin=U11-5
Added Pin To Net: NetName=NetR9_2 Pin=U11-5
Added Pin To Net: NetName=NetR12_2 Pin=U11-5
Added Pin To Net: NetName=NetR35_2 Pin=U11-5
Added Pin To Net: NetName=NetR38_2 Pin=U11-5
Added Pin To Net: NetName=NetR61_2 Pin=U11-5
Added Pin To Net: NetName=NetR64_2 Pin=U11-5
Added Pin To Net: NetName=NetR87_2 Pin=U11-5
Added Pin To Net: NetName=NetR90_2 Pin=U11-5
Added Pin To Net: NetName=H2_OUT4 Pin=U11-6
Added Pin To Net: NetName=H1_OUT2 Pin=U11-7
Added Pin To Net: NetName=H2_OUT2 Pin=U11-7
Added Pin To Net: NetName=H3_OUT2 Pin=U11-7
Added Pin To Net: NetName=H4_OUT2 Pin=U11-7
Added Pin To Net: NetName=H5_OUT2 Pin=U11-7
Added Pin To Net: NetName=H6_OUT2 Pin=U11-7
Added Pin To Net: NetName=H7_OUT2 Pin=U11-7
Added Pin To Net: NetName=H8_OUT2 Pin=U11-7
Added Pin To Net: NetName=NetD1_1 Pin=U11-7
Added Pin To Net: NetName=NetR10_2 Pin=U11-8
Added Pin To Net: NetName=NetR13_2 Pin=U11-8
Added Pin To Net: NetName=NetR36_2 Pin=U11-8
Added Pin To Net: NetName=NetR39_2 Pin=U11-8
Added Pin To Net: NetName=NetR62_2 Pin=U11-8
Added Pin To Net: NetName=NetR65_2 Pin=U11-8
Added Pin To Net: NetName=NetR88_2 Pin=U11-8
Added Pin To Net: NetName=NetR91_2 Pin=U11-8
Added Pin To Net: NetName=NetR10_2 Pin=U11-9
Added Pin To Net: NetName=NetR13_2 Pin=U11-9
Added Pin To Net: NetName=NetR36_2 Pin=U11-9
Added Pin To Net: NetName=NetR39_2 Pin=U11-9
Added Pin To Net: NetName=NetR62_2 Pin=U11-9
Added Pin To Net: NetName=NetR65_2 Pin=U11-9
Added Pin To Net: NetName=NetR88_2 Pin=U11-9
Added Pin To Net: NetName=NetR91_2 Pin=U11-9
Added Pin To Net: NetName=NetR23_1 Pin=U11-10
Added Pin To Net: NetName=NetR24_1 Pin=U11-10
Added Pin To Net: NetName=NetR49_1 Pin=U11-10
Added Pin To Net: NetName=NetR50_1 Pin=U11-10
Added Pin To Net: NetName=NetR75_1 Pin=U11-10
Added Pin To Net: NetName=NetR76_1 Pin=U11-10
Added Pin To Net: NetName=NetR101_1 Pin=U11-10
Added Pin To Net: NetName=NetR102_1 Pin=U11-10
Added Pin To Net: NetName=GND Pin=U11-11
Added Pin To Net: NetName=GND Pin=U11-11
Added Pin To Net: NetName=GND Pin=U11-11
Added Pin To Net: NetName=GND Pin=U11-11
Added Pin To Net: NetName=GND Pin=U11-11
Added Pin To Net: NetName=GND Pin=U11-11
Added Pin To Net: NetName=GND Pin=U11-11
Added Pin To Net: NetName=NetR4_2 Pin=U11-12
Added Pin To Net: NetName=NetR28_2 Pin=U11-12
Added Pin To Net: NetName=NetR30_2 Pin=U11-12
Added Pin To Net: NetName=NetR54_2 Pin=U11-12
Added Pin To Net: NetName=NetR56_2 Pin=U11-12
Added Pin To Net: NetName=NetR80_2 Pin=U11-12
Added Pin To Net: NetName=NetR82_2 Pin=U11-12
Added Pin To Net: NetName=H1_OUT4 Pin=U11-13
Added Pin To Net: NetName=H3_OUT4 Pin=U11-13
Added Pin To Net: NetName=H4_OUT4 Pin=U11-13
Added Pin To Net: NetName=H5_OUT4 Pin=U11-13
Added Pin To Net: NetName=H6_OUT4 Pin=U11-13
Added Pin To Net: NetName=H7_OUT4 Pin=U11-13
Added Pin To Net: NetName=H8_OUT4 Pin=U11-13
Added Pin To Net: NetName=NetD2_1 Pin=U11-14
Added Pin To Net: NetName=NetD4_1 Pin=U11-14
Added Pin To Net: NetName=NetD5_1 Pin=U11-14
Added Pin To Net: NetName=NetD6_1 Pin=U11-14
Added Pin To Net: NetName=NetD7_1 Pin=U11-14
Added Pin To Net: NetName=NetD8_1 Pin=U11-14
Added Pin To Net: NetName=NetD9_1 Pin=U11-14
