Added Component: Designator=U4(SOT-23-4)
Added Component: Designator=U5(SOT-23-4)
Added Component: Designator=U8(SOT-23-4)
Added Component: Designator=U9(SOT-23-4)
Added Component: Designator=U13(SOT-23-4)
Added Component: Designator=U14(SOT-23-4)
Added Component: Designator=U17(SOT-23-4)
Added Component: Designator=U18(SOT-23-4)
Added Pin To Net: NetName=H2_IN1 Pin=U4-1
Added Pin To Net: NetName=H2_OUT2 Pin=U4-2
Added Pin To Net: NetName=H2_IN3 Pin=U4-3
Added Pin To Net: NetName=H2_OUT4 Pin=U4-4
Added Pin To Net: NetName=H1_IN1 Pin=U5-1
Added Pin To Net: NetName=H1_OUT2 Pin=U5-2
Added Pin To Net: NetName=H1_IN3 Pin=U5-3
Added Pin To Net: NetName=H1_OUT4 Pin=U5-4
Added Pin To Net: NetName=H4_IN1 Pin=U8-1
Added Pin To Net: NetName=H4_OUT2 Pin=U8-2
Added Pin To Net: NetName=H4_IN3 Pin=U8-3
Added Pin To Net: NetName=H4_OUT4 Pin=U8-4
Added Pin To Net: NetName=H3_IN1 Pin=U9-1
Added Pin To Net: NetName=H3_OUT2 Pin=U9-2
Added Pin To Net: NetName=H3_IN3 Pin=U9-3
Added Pin To Net: NetName=H3_OUT4 Pin=U9-4
Added Pin To Net: NetName=H6_IN1 Pin=U13-1
Added Pin To Net: NetName=H6_OUT2 Pin=U13-2
Added Pin To Net: NetName=H6_IN3 Pin=U13-3
Added Pin To Net: NetName=H6_OUT4 Pin=U13-4
Added Pin To Net: NetName=H5_IN1 Pin=U14-1
Added Pin To Net: NetName=H5_OUT2 Pin=U14-2
Added Pin To Net: NetName=H5_IN3 Pin=U14-3
Added Pin To Net: NetName=H5_OUT4 Pin=U14-4
Added Pin To Net: NetName=H8_IN1 Pin=U17-1
Added Pin To Net: NetName=H8_OUT2 Pin=U17-2
Added Pin To Net: NetName=H8_IN3 Pin=U17-3
Added Pin To Net: NetName=H8_OUT4 Pin=U17-4
Added Pin To Net: NetName=H7_IN1 Pin=U18-1
Added Pin To Net: NetName=H7_OUT2 Pin=U18-2
Added Pin To Net: NetName=H7_IN3 Pin=U18-3
Added Pin To Net: NetName=H7_OUT4 Pin=U18-4
Added Member To Class: ClassName=´Åµ¼º½20161011 Member=Component U4 HW-101A
Added Member To Class: ClassName=´Åµ¼º½20161011 Member=Component U5 HW-101A
Added Member To Class: ClassName=´Åµ¼º½20161011 Member=Component U8 HW-101A
Added Member To Class: ClassName=´Åµ¼º½20161011 Member=Component U9 HW-101A
Added Member To Class: ClassName=´Åµ¼º½20161011 Member=Component U13 HW-101A
Added Member To Class: ClassName=´Åµ¼º½20161011 Member=Component U14 HW-101A
Added Member To Class: ClassName=´Åµ¼º½20161011 Member=Component U17 HW-101A
Added Member To Class: ClassName=´Åµ¼º½20161011 Member=Component U18 HW-101A
Added Room: Name=´Åµ¼º½20161011
