Removed Pin From Net: NetName=NetR9_2 Pin=U19-5
Removed Pin From Net: NetName=H2_OUT2 Pin=U19-7
Removed Pin From Net: NetName=H1_OUT2 Pin=U19-8
Removed Pin From Net: NetName=NetR12_2 Pin=U19-10
Removed Pin From Net: NetName=H4_IN3 Pin=U19-12
Removed Pin From Net: NetName=NetR27_1 Pin=U19-13
Removed Pin From Net: NetName=NetR27_2 Pin=U19-14
Removed Pin From Net: NetName=NetD4_1 Pin=U20-1
Removed Pin From Net: NetName=H4_OUT4 Pin=U20-2
Removed Pin From Net: NetName=NetR28_2 Pin=U20-3
Removed Pin From Net: NetName=H3_IN3 Pin=U20-5
Removed Pin From Net: NetName=NetR29_1 Pin=U20-6
Removed Pin From Net: NetName=NetR29_2 Pin=U20-7
Removed Pin From Net: NetName=H4_OUT2 Pin=U21-1
Removed Pin From Net: NetName=NetR35_2 Pin=U21-3
Removed Pin From Net: NetName=NetR36_2 Pin=U21-8
Removed Pin From Net: NetName=NetR36_2 Pin=U21-9
Removed Pin From Net: NetName=NetR49_1 Pin=U21-10
Removed Pin From Net: NetName=NetR33_2 Pin=U21-11
Removed Pin From Net: NetName=H6_IN3 Pin=U21-12
Removed Pin From Net: NetName=NetR53_1 Pin=U21-13
Removed Pin From Net: NetName=NetR53_2 Pin=U21-14
Removed Pin From Net: NetName=NetD6_1 Pin=U22-1
Removed Pin From Net: NetName=H6_OUT4 Pin=U22-2
Removed Pin From Net: NetName=NetR54_2 Pin=U22-3
Removed Pin From Net: NetName=H5_IN3 Pin=U22-5
Removed Pin From Net: NetName=NetR55_1 Pin=U22-6
Removed Pin From Net: NetName=NetR55_2 Pin=U22-7
Removed Pin From Net: NetName=H6_OUT2 Pin=U23-1
Removed Pin From Net: NetName=NetR61_2 Pin=U23-3
Removed Pin From Net: NetName=NetR62_2 Pin=U23-8
Removed Pin From Net: NetName=NetR62_2 Pin=U23-9
Removed Pin From Net: NetName=NetR75_1 Pin=U23-10
Removed Pin From Net: NetName=NetR59_2 Pin=U23-11
Removed Pin From Net: NetName=H8_IN3 Pin=U23-12
Removed Pin From Net: NetName=NetR79_1 Pin=U23-13
Removed Pin From Net: NetName=NetR79_2 Pin=U23-14
Removed Pin From Net: NetName=NetD8_1 Pin=U24-1
Removed Pin From Net: NetName=H8_OUT4 Pin=U24-2
Removed Pin From Net: NetName=NetR80_2 Pin=U24-3
Removed Pin From Net: NetName=H7_IN3 Pin=U24-5
Removed Pin From Net: NetName=NetR81_1 Pin=U24-6
Removed Pin From Net: NetName=NetR81_2 Pin=U24-7
Removed Pin From Net: NetName=H8_OUT2 Pin=U25-1
Removed Pin From Net: NetName=NetR87_2 Pin=U25-3
Removed Pin From Net: NetName=NetR88_2 Pin=U25-8
Removed Pin From Net: NetName=NetR88_2 Pin=U25-9
Removed Pin From Net: NetName=NetR101_1 Pin=U25-10
Removed Pin From Net: NetName=NetR85_2 Pin=U25-11
Added Component: Designator=U19(TSSOP14)
Added Component: Designator=U20(TSSOP14)
Added Component: Designator=U21(TSSOP14)
Added Component: Designator=U22(TSSOP14)
Added Component: Designator=U23(TSSOP14)
Added Component: Designator=U24(TSSOP14)
Added Component: Designator=U25(TSSOP14)
Added Pin To Net: NetName=NetR27_2 Pin=U19-1
Added Pin To Net: NetName=NetR27_1 Pin=U19-2
Added Pin To Net: NetName=H4_IN3 Pin=U19-3
Added Pin To Net: NetName=VCC8 Pin=U19-4
Added Pin To Net: NetName=NetR9_2 Pin=U19-5
Added Pin To Net: NetName=H2_OUT2 Pin=U19-7
Added Pin To Net: NetName=H1_OUT2 Pin=U19-8
Added Pin To Net: NetName=NetR12_2 Pin=U19-10
Added Pin To Net: NetName=GND Pin=U19-11
Added Pin To Net: NetName=NetR29_2 Pin=U20-1
Added Pin To Net: NetName=NetR29_1 Pin=U20-2
Added Pin To Net: NetName=H3_IN3 Pin=U20-3
Added Pin To Net: NetName=VCC8 Pin=U20-4
Added Pin To Net: NetName=GND Pin=U20-11
Added Pin To Net: NetName=NetR28_2 Pin=U20-12
Added Pin To Net: NetName=H4_OUT4 Pin=U20-13
Added Pin To Net: NetName=NetD4_1 Pin=U20-14
Added Pin To Net: NetName=NetR53_2 Pin=U21-1
Added Pin To Net: NetName=NetR53_1 Pin=U21-2
Added Pin To Net: NetName=H6_IN3 Pin=U21-3
Added Pin To Net: NetName=VCC8 Pin=U21-4
Added Pin To Net: NetName=NetR35_2 Pin=U21-5
Added Pin To Net: NetName=H4_OUT2 Pin=U21-7
Added Pin To Net: NetName=NetR36_2 Pin=U21-8
Added Pin To Net: NetName=NetR36_2 Pin=U21-9
Added Pin To Net: NetName=NetR49_1 Pin=U21-10
Added Pin To Net: NetName=GND Pin=U21-11
Added Pin To Net: NetName=NetR55_2 Pin=U22-1
Added Pin To Net: NetName=NetR55_1 Pin=U22-2
Added Pin To Net: NetName=H5_IN3 Pin=U22-3
Added Pin To Net: NetName=VCC8 Pin=U22-4
Added Pin To Net: NetName=GND Pin=U22-11
Added Pin To Net: NetName=NetR54_2 Pin=U22-12
Added Pin To Net: NetName=H6_OUT4 Pin=U22-13
Added Pin To Net: NetName=NetD6_1 Pin=U22-14
Added Pin To Net: NetName=NetR79_2 Pin=U23-1
Added Pin To Net: NetName=NetR79_1 Pin=U23-2
Added Pin To Net: NetName=H8_IN3 Pin=U23-3
Added Pin To Net: NetName=VCC8 Pin=U23-4
Added Pin To Net: NetName=NetR61_2 Pin=U23-5
Added Pin To Net: NetName=H6_OUT2 Pin=U23-7
Added Pin To Net: NetName=NetR62_2 Pin=U23-8
Added Pin To Net: NetName=NetR62_2 Pin=U23-9
Added Pin To Net: NetName=NetR75_1 Pin=U23-10
Added Pin To Net: NetName=GND Pin=U23-11
Added Pin To Net: NetName=NetR81_2 Pin=U24-1
Added Pin To Net: NetName=NetR81_1 Pin=U24-2
Added Pin To Net: NetName=H7_IN3 Pin=U24-3
Added Pin To Net: NetName=VCC8 Pin=U24-4
Added Pin To Net: NetName=GND Pin=U24-11
Added Pin To Net: NetName=NetR80_2 Pin=U24-12
Added Pin To Net: NetName=H8_OUT4 Pin=U24-13
Added Pin To Net: NetName=NetD8_1 Pin=U24-14
Added Pin To Net: NetName=NetR87_2 Pin=U25-5
Added Pin To Net: NetName=H8_OUT2 Pin=U25-7
Added Pin To Net: NetName=NetR88_2 Pin=U25-8
Added Pin To Net: NetName=NetR88_2 Pin=U25-9
Added Pin To Net: NetName=NetR101_1 Pin=U25-10
Added Member To Class: ClassName=´Åµ¼º½20161011 Member=Component U11 TLC2264
