Added Component: Designator=C2_单路1(C0805)
Added Component: Designator=C2_单路2(C0805)
Added Component: Designator=C2_单路3(C0805)
Added Component: Designator=C2_单路4(C0805)
Added Component: Designator=C2_单路5(C0805)
Added Component: Designator=C2_单路6(C0805)
Added Component: Designator=C2_单路7(C0805)
Added Component: Designator=C2_单路8(C0805)
Added Component: Designator=C3(CAP-6*12)
Added Component: Designator=C4(CAP-6*12)
Added Component: Designator=C5(C0805)
Added Component: Designator=D2_单路1(LED1)
Added Component: Designator=D2_单路2(LED1)
Added Component: Designator=D2_单路3(LED1)
Added Component: Designator=D2_单路4(LED1)
Added Component: Designator=D2_单路5(LED1)
Added Component: Designator=D2_单路6(LED1)
Added Component: Designator=D2_单路7(LED1)
Added Component: Designator=D2_单路8(LED1)
Added Component: Designator=D3(DIDOE)
Added Component: Designator=F2_单路1(1206)
Added Component: Designator=F2_单路2(1206)
Added Component: Designator=F2_单路3(1206)
Added Component: Designator=F2_单路4(1206)
Added Component: Designator=F2_单路5(1206)
Added Component: Designator=F2_单路6(1206)
Added Component: Designator=F2_单路7(1206)
Added Component: Designator=F2_单路8(1206)
Added Component: Designator=F3(1206)
Added Component: Designator=P1(HDR2X5)
Added Component: Designator=Q2_单路1(SOT-23)
Added Component: Designator=Q2_单路2(SOT-23)
Added Component: Designator=Q2_单路3(SOT-23)
Added Component: Designator=Q2_单路4(SOT-23)
Added Component: Designator=Q2_单路5(SOT-23)
Added Component: Designator=Q2_单路6(SOT-23)
Added Component: Designator=Q2_单路7(SOT-23)
Added Component: Designator=Q2_单路8(SOT-23)
Added Component: Designator=R3_单路1(0805)
Added Component: Designator=R3_单路2(0805)
Added Component: Designator=R3_单路3(0805)
Added Component: Designator=R3_单路4(0805)
Added Component: Designator=R3_单路5(0805)
Added Component: Designator=R3_单路6(0805)
Added Component: Designator=R3_单路7(0805)
Added Component: Designator=R3_单路8(0805)
Added Component: Designator=R4_单路1(0805)
Added Component: Designator=R4_单路2(0805)
Added Component: Designator=R4_单路3(0805)
Added Component: Designator=R4_单路4(0805)
Added Component: Designator=R4_单路5(0805)
Added Component: Designator=R4_单路6(0805)
Added Component: Designator=R4_单路7(0805)
Added Component: Designator=R4_单路8(0805)
Added Component: Designator=R6_单路1(0805)
Added Component: Designator=R6_单路2(0805)
Added Component: Designator=R6_单路3(0805)
Added Component: Designator=R6_单路4(0805)
Added Component: Designator=R6_单路5(0805)
Added Component: Designator=R6_单路6(0805)
Added Component: Designator=R6_单路7(0805)
Added Component: Designator=R6_单路8(0805)
Added Component: Designator=R8_单路1(3224W)
Added Component: Designator=R8_单路2(3224W)
Added Component: Designator=R8_单路3(3224W)
Added Component: Designator=R8_单路4(3224W)
Added Component: Designator=R8_单路5(3224W)
Added Component: Designator=R8_单路6(3224W)
Added Component: Designator=R8_单路7(3224W)
Added Component: Designator=R8_单路8(3224W)
Added Component: Designator=R12_单路1(0805)
Added Component: Designator=R12_单路2(0805)
Added Component: Designator=R12_单路3(0805)
Added Component: Designator=R12_单路4(0805)
Added Component: Designator=R12_单路5(0805)
Added Component: Designator=R12_单路6(0805)
Added Component: Designator=R12_单路7(0805)
Added Component: Designator=R12_单路8(0805)
Added Component: Designator=R13_单路1(0805)
Added Component: Designator=R13_单路2(0805)
Added Component: Designator=R13_单路3(0805)
Added Component: Designator=R13_单路4(0805)
Added Component: Designator=R13_单路5(0805)
Added Component: Designator=R13_单路6(0805)
Added Component: Designator=R13_单路7(0805)
Added Component: Designator=R13_单路8(0805)
Added Component: Designator=R14_单路1(0805)
Added Component: Designator=R14_单路2(0805)
Added Component: Designator=R14_单路3(0805)
Added Component: Designator=R14_单路4(0805)
Added Component: Designator=R14_单路5(0805)
Added Component: Designator=R14_单路6(0805)
Added Component: Designator=R14_单路7(0805)
Added Component: Designator=R14_单路8(0805)
Added Component: Designator=R16_单路1(0805)
Added Component: Designator=R16_单路2(0805)
Added Component: Designator=R16_单路3(0805)
Added Component: Designator=R16_单路4(0805)
Added Component: Designator=R16_单路5(0805)
Added Component: Designator=R16_单路6(0805)
Added Component: Designator=R16_单路7(0805)
Added Component: Designator=R16_单路8(0805)
Added Component: Designator=R18_单路1(0805)
Added Component: Designator=R18_单路2(0805)
Added Component: Designator=R18_单路3(0805)
Added Component: Designator=R18_单路4(0805)
Added Component: Designator=R18_单路5(0805)
Added Component: Designator=R18_单路6(0805)
Added Component: Designator=R18_单路7(0805)
Added Component: Designator=R18_单路8(0805)
Added Component: Designator=R20_单路1(0805)
Added Component: Designator=R20_单路2(0805)
Added Component: Designator=R20_单路3(0805)
Added Component: Designator=R20_单路4(0805)
Added Component: Designator=R20_单路5(0805)
Added Component: Designator=R20_单路6(0805)
Added Component: Designator=R20_单路7(0805)
Added Component: Designator=R20_单路8(0805)
Added Component: Designator=R22_单路1(0805)
Added Component: Designator=R22_单路2(0805)
Added Component: Designator=R22_单路3(0805)
Added Component: Designator=R22_单路4(0805)
Added Component: Designator=R22_单路5(0805)
Added Component: Designator=R22_单路6(0805)
Added Component: Designator=R22_单路7(0805)
Added Component: Designator=R22_单路8(0805)
Added Component: Designator=R24_单路1(0805)
Added Component: Designator=R24_单路2(0805)
Added Component: Designator=R24_单路3(0805)
Added Component: Designator=R24_单路4(0805)
Added Component: Designator=R24_单路5(0805)
Added Component: Designator=R24_单路6(0805)
Added Component: Designator=R24_单路7(0805)
Added Component: Designator=R24_单路8(0805)
Added Component: Designator=R26_单路1(0805)
Added Component: Designator=R26_单路2(0805)
Added Component: Designator=R26_单路3(0805)
Added Component: Designator=R26_单路4(0805)
Added Component: Designator=R26_单路5(0805)
Added Component: Designator=R26_单路6(0805)
Added Component: Designator=R26_单路7(0805)
Added Component: Designator=R26_单路8(0805)
Added Component: Designator=U1(TO-220)
Added Component: Designator=U3_单路1(SO-8)
Added Component: Designator=U3_单路2(SO-8)
Added Component: Designator=U3_单路3(SO-8)
Added Component: Designator=U3_单路4(SO-8)
Added Component: Designator=U3_单路5(SO-8)
Added Component: Designator=U3_单路6(SO-8)
Added Component: Designator=U3_单路7(SO-8)
Added Component: Designator=U3_单路8(SO-8)
Added Component: Designator=U5_单路1(SOT-23-4)
Added Component: Designator=U5_单路2(SOT-23-4)
Added Component: Designator=U5_单路3(SOT-23-4)
Added Component: Designator=U5_单路4(SOT-23-4)
Added Component: Designator=U5_单路5(SOT-23-4)
Added Component: Designator=U5_单路6(SOT-23-4)
Added Component: Designator=U5_单路7(SOT-23-4)
Added Component: Designator=U5_单路8(SOT-23-4)
Added Component: Designator=U19_单路1(TSSOP14)
Added Component: Designator=U19_单路2(TSSOP14)
Added Component: Designator=U19_单路3(TSSOP14)
Added Component: Designator=U19_单路4(TSSOP14)
Added Component: Designator=U19_单路5(TSSOP14)
Added Component: Designator=U19_单路6(TSSOP14)
Added Component: Designator=U19_单路7(TSSOP14)
Added Component: Designator=U19_单路8(TSSOP14)
Added Pin To Net: NetName=GND_单路1 Pin=C2_单路1-1
Added Pin To Net: NetName=VCC8_单路1 Pin=C2_单路1-2
Added Pin To Net: NetName=GND_单路1 Pin=C2_单路2-1
Added Pin To Net: NetName=VCC8_单路1 Pin=C2_单路2-2
Added Pin To Net: NetName=GND_单路1 Pin=C2_单路3-1
Added Pin To Net: NetName=VCC8_单路1 Pin=C2_单路3-2
Added Pin To Net: NetName=GND_单路1 Pin=C2_单路4-1
Added Pin To Net: NetName=VCC8_单路1 Pin=C2_单路4-2
Added Pin To Net: NetName=GND_单路1 Pin=C2_单路5-1
Added Pin To Net: NetName=VCC8_单路1 Pin=C2_单路5-2
Added Pin To Net: NetName=GND_单路1 Pin=C2_单路6-1
Added Pin To Net: NetName=VCC8_单路1 Pin=C2_单路6-2
Added Pin To Net: NetName=GND_单路1 Pin=C2_单路7-1
Added Pin To Net: NetName=VCC8_单路1 Pin=C2_单路7-2
Added Pin To Net: NetName=GND_单路1 Pin=C2_单路8-1
Added Pin To Net: NetName=VCC8_单路1 Pin=C2_单路8-2
Added Pin To Net: NetName=GND_单路1 Pin=C3-2
Added Pin To Net: NetName=VCC8_单路1 Pin=C4-1
Added Pin To Net: NetName=GND_单路1 Pin=C4-2
Added Pin To Net: NetName=GND_单路1 Pin=C5-1
Added Pin To Net: NetName=VCC8_单路1 Pin=C5-2
Added Pin To Net: NetName=NetD2_单路1_1 Pin=D2_单路1-1
Added Pin To Net: NetName=NetD2_单路1_2 Pin=D2_单路1-2
Added Pin To Net: NetName=NetD2_单路2_1 Pin=D2_单路2-1
Added Pin To Net: NetName=NetD2_单路2_2 Pin=D2_单路2-2
Added Pin To Net: NetName=NetD2_单路3_1 Pin=D2_单路3-1
Added Pin To Net: NetName=NetD2_单路3_2 Pin=D2_单路3-2
Added Pin To Net: NetName=NetD2_单路4_1 Pin=D2_单路4-1
Added Pin To Net: NetName=NetD2_单路4_2 Pin=D2_单路4-2
Added Pin To Net: NetName=NetD2_单路5_1 Pin=D2_单路5-1
Added Pin To Net: NetName=NetD2_单路5_2 Pin=D2_单路5-2
Added Pin To Net: NetName=NetD2_单路6_1 Pin=D2_单路6-1
Added Pin To Net: NetName=NetD2_单路6_2 Pin=D2_单路6-2
Added Pin To Net: NetName=NetD2_单路7_1 Pin=D2_单路7-1
Added Pin To Net: NetName=NetD2_单路7_2 Pin=D2_单路7-2
Added Pin To Net: NetName=NetD2_单路8_1 Pin=D2_单路8-1
Added Pin To Net: NetName=NetD2_单路8_2 Pin=D2_单路8-2
Added Pin To Net: NetName=NetF2_单路1_1 Pin=F2_单路1-1
Added Pin To Net: NetName=NetF2_单路2_1 Pin=F2_单路2-1
Added Pin To Net: NetName=NetF2_单路3_1 Pin=F2_单路3-1
Added Pin To Net: NetName=NetF2_单路4_1 Pin=F2_单路4-1
Added Pin To Net: NetName=NetF2_单路5_1 Pin=F2_单路5-1
Added Pin To Net: NetName=NetF2_单路6_1 Pin=F2_单路6-1
Added Pin To Net: NetName=NetF2_单路7_1 Pin=F2_单路7-1
Added Pin To Net: NetName=NetF2_单路8_1 Pin=F2_单路8-1
Added Pin To Net: NetName=CDH1_单路1 Pin=P1-1
Added Pin To Net: NetName=CDH1_单路2 Pin=P1-2
Added Pin To Net: NetName=CDH1_单路3 Pin=P1-3
Added Pin To Net: NetName=CDH1_单路4 Pin=P1-4
Added Pin To Net: NetName=CDH1_单路5 Pin=P1-5
Added Pin To Net: NetName=CDH1_单路6 Pin=P1-6
Added Pin To Net: NetName=CDH1_单路7 Pin=P1-7
Added Pin To Net: NetName=CDH1_单路8 Pin=P1-8
Added Pin To Net: NetName=GND_单路1 Pin=P1-9
Added Pin To Net: NetName=NetF2_单路1_1 Pin=Q2_单路1-1
Added Pin To Net: NetName=NetQ2_单路1_2 Pin=Q2_单路1-2
Added Pin To Net: NetName=GND_单路1 Pin=Q2_单路1-3
Added Pin To Net: NetName=NetF2_单路2_1 Pin=Q2_单路2-1
Added Pin To Net: NetName=NetQ2_单路2_2 Pin=Q2_单路2-2
Added Pin To Net: NetName=GND_单路1 Pin=Q2_单路2-3
Added Pin To Net: NetName=NetF2_单路3_1 Pin=Q2_单路3-1
Added Pin To Net: NetName=NetQ2_单路3_2 Pin=Q2_单路3-2
Added Pin To Net: NetName=GND_单路1 Pin=Q2_单路3-3
Added Pin To Net: NetName=NetF2_单路4_1 Pin=Q2_单路4-1
Added Pin To Net: NetName=NetQ2_单路4_2 Pin=Q2_单路4-2
Added Pin To Net: NetName=GND_单路1 Pin=Q2_单路4-3
Added Pin To Net: NetName=NetF2_单路5_1 Pin=Q2_单路5-1
Added Pin To Net: NetName=NetQ2_单路5_2 Pin=Q2_单路5-2
Added Pin To Net: NetName=GND_单路1 Pin=Q2_单路5-3
Added Pin To Net: NetName=NetF2_单路6_1 Pin=Q2_单路6-1
Added Pin To Net: NetName=NetQ2_单路6_2 Pin=Q2_单路6-2
Added Pin To Net: NetName=GND_单路1 Pin=Q2_单路6-3
Added Pin To Net: NetName=NetF2_单路7_1 Pin=Q2_单路7-1
Added Pin To Net: NetName=NetQ2_单路7_2 Pin=Q2_单路7-2
Added Pin To Net: NetName=GND_单路1 Pin=Q2_单路7-3
Added Pin To Net: NetName=NetF2_单路8_1 Pin=Q2_单路8-1
Added Pin To Net: NetName=NetQ2_单路8_2 Pin=Q2_单路8-2
Added Pin To Net: NetName=GND_单路1 Pin=Q2_单路8-3
Added Pin To Net: NetName=NetR3_单路1_1 Pin=R3_单路1-1
Added Pin To Net: NetName=NetR3_单路1_2 Pin=R3_单路1-2
Added Pin To Net: NetName=NetR3_单路2_1 Pin=R3_单路2-1
Added Pin To Net: NetName=NetR3_单路2_2 Pin=R3_单路2-2
Added Pin To Net: NetName=NetR3_单路3_1 Pin=R3_单路3-1
Added Pin To Net: NetName=NetR3_单路3_2 Pin=R3_单路3-2
Added Pin To Net: NetName=NetR3_单路4_1 Pin=R3_单路4-1
Added Pin To Net: NetName=NetR3_单路4_2 Pin=R3_单路4-2
Added Pin To Net: NetName=NetR3_单路5_1 Pin=R3_单路5-1
Added Pin To Net: NetName=NetR3_单路5_2 Pin=R3_单路5-2
Added Pin To Net: NetName=NetR3_单路6_1 Pin=R3_单路6-1
Added Pin To Net: NetName=NetR3_单路6_2 Pin=R3_单路6-2
Added Pin To Net: NetName=NetR3_单路7_1 Pin=R3_单路7-1
Added Pin To Net: NetName=NetR3_单路7_2 Pin=R3_单路7-2
Added Pin To Net: NetName=NetR3_单路8_1 Pin=R3_单路8-1
Added Pin To Net: NetName=NetR3_单路8_2 Pin=R3_单路8-2
Added Pin To Net: NetName=NetR3_单路1_2 Pin=R4_单路1-1
Added Pin To Net: NetName=NetR4_单路1_2 Pin=R4_单路1-2
Added Pin To Net: NetName=NetR3_单路2_2 Pin=R4_单路2-1
Added Pin To Net: NetName=NetR4_单路2_2 Pin=R4_单路2-2
Added Pin To Net: NetName=NetR3_单路3_2 Pin=R4_单路3-1
Added Pin To Net: NetName=NetR4_单路3_2 Pin=R4_单路3-2
Added Pin To Net: NetName=NetR3_单路4_2 Pin=R4_单路4-1
Added Pin To Net: NetName=NetR4_单路4_2 Pin=R4_单路4-2
Added Pin To Net: NetName=NetR3_单路5_2 Pin=R4_单路5-1
Added Pin To Net: NetName=NetR4_单路5_2 Pin=R4_单路5-2
Added Pin To Net: NetName=NetR3_单路6_2 Pin=R4_单路6-1
Added Pin To Net: NetName=NetR4_单路6_2 Pin=R4_单路6-2
Added Pin To Net: NetName=NetR3_单路7_2 Pin=R4_单路7-1
Added Pin To Net: NetName=NetR4_单路7_2 Pin=R4_单路7-2
Added Pin To Net: NetName=NetR3_单路8_2 Pin=R4_单路8-1
Added Pin To Net: NetName=NetR4_单路8_2 Pin=R4_单路8-2
Added Pin To Net: NetName=H1_OUT4_单路1 Pin=R6_单路1-1
Added Pin To Net: NetName=NetR6_单路1_2 Pin=R6_单路1-2
Added Pin To Net: NetName=H1_OUT4_单路2 Pin=R6_单路2-1
Added Pin To Net: NetName=NetR6_单路2_2 Pin=R6_单路2-2
Added Pin To Net: NetName=H1_OUT4_单路3 Pin=R6_单路3-1
Added Pin To Net: NetName=NetR6_单路3_2 Pin=R6_单路3-2
Added Pin To Net: NetName=H1_OUT4_单路4 Pin=R6_单路4-1
Added Pin To Net: NetName=NetR6_单路4_2 Pin=R6_单路4-2
Added Pin To Net: NetName=H1_OUT4_单路5 Pin=R6_单路5-1
Added Pin To Net: NetName=NetR6_单路5_2 Pin=R6_单路5-2
Added Pin To Net: NetName=H1_OUT4_单路6 Pin=R6_单路6-1
Added Pin To Net: NetName=NetR6_单路6_2 Pin=R6_单路6-2
Added Pin To Net: NetName=H1_OUT4_单路7 Pin=R6_单路7-1
Added Pin To Net: NetName=NetR6_单路7_2 Pin=R6_单路7-2
Added Pin To Net: NetName=H1_OUT4_单路8 Pin=R6_单路8-1
Added Pin To Net: NetName=NetR6_单路8_2 Pin=R6_单路8-2
Added Pin To Net: NetName=NetR6_单路1_2 Pin=R8_单路1-1
Added Pin To Net: NetName=NetR8_单路1_2 Pin=R8_单路1-2
Added Pin To Net: NetName=NetR8_单路1_3 Pin=R8_单路1-3
Added Pin To Net: NetName=NetR6_单路2_2 Pin=R8_单路2-1
Added Pin To Net: NetName=NetR8_单路2_2 Pin=R8_单路2-2
Added Pin To Net: NetName=NetR8_单路2_3 Pin=R8_单路2-3
Added Pin To Net: NetName=NetR6_单路3_2 Pin=R8_单路3-1
Added Pin To Net: NetName=NetR8_单路3_2 Pin=R8_单路3-2
Added Pin To Net: NetName=NetR8_单路3_3 Pin=R8_单路3-3
Added Pin To Net: NetName=NetR6_单路4_2 Pin=R8_单路4-1
Added Pin To Net: NetName=NetR8_单路4_2 Pin=R8_单路4-2
Added Pin To Net: NetName=NetR8_单路4_3 Pin=R8_单路4-3
Added Pin To Net: NetName=NetR6_单路5_2 Pin=R8_单路5-1
Added Pin To Net: NetName=NetR8_单路5_2 Pin=R8_单路5-2
Added Pin To Net: NetName=NetR8_单路5_3 Pin=R8_单路5-3
Added Pin To Net: NetName=NetR6_单路6_2 Pin=R8_单路6-1
Added Pin To Net: NetName=NetR8_单路6_2 Pin=R8_单路6-2
Added Pin To Net: NetName=NetR8_单路6_3 Pin=R8_单路6-3
Added Pin To Net: NetName=NetR6_单路7_2 Pin=R8_单路7-1
Added Pin To Net: NetName=NetR8_单路7_2 Pin=R8_单路7-2
Added Pin To Net: NetName=NetR8_单路7_3 Pin=R8_单路7-3
Added Pin To Net: NetName=NetR6_单路8_2 Pin=R8_单路8-1
Added Pin To Net: NetName=NetR8_单路8_2 Pin=R8_单路8-2
Added Pin To Net: NetName=NetR8_单路8_3 Pin=R8_单路8-3
Added Pin To Net: NetName=NetR8_单路1_3 Pin=R12_单路1-1
Added Pin To Net: NetName=NetR12_单路1_2 Pin=R12_单路1-2
Added Pin To Net: NetName=NetR8_单路2_3 Pin=R12_单路2-1
Added Pin To Net: NetName=NetR12_单路2_2 Pin=R12_单路2-2
Added Pin To Net: NetName=NetR8_单路3_3 Pin=R12_单路3-1
Added Pin To Net: NetName=NetR12_单路3_2 Pin=R12_单路3-2
Added Pin To Net: NetName=NetR8_单路4_3 Pin=R12_单路4-1
Added Pin To Net: NetName=NetR12_单路4_2 Pin=R12_单路4-2
Added Pin To Net: NetName=NetR8_单路5_3 Pin=R12_单路5-1
Added Pin To Net: NetName=NetR12_单路5_2 Pin=R12_单路5-2
Added Pin To Net: NetName=NetR8_单路6_3 Pin=R12_单路6-1
Added Pin To Net: NetName=NetR12_单路6_2 Pin=R12_单路6-2
Added Pin To Net: NetName=NetR8_单路7_3 Pin=R12_单路7-1
Added Pin To Net: NetName=NetR12_单路7_2 Pin=R12_单路7-2
Added Pin To Net: NetName=NetR8_单路8_3 Pin=R12_单路8-1
Added Pin To Net: NetName=NetR12_单路8_2 Pin=R12_单路8-2
Added Pin To Net: NetName=NetR12_单路1_2 Pin=R13_单路1-1
Added Pin To Net: NetName=NetR13_单路1_2 Pin=R13_单路1-2
Added Pin To Net: NetName=NetR12_单路2_2 Pin=R13_单路2-1
Added Pin To Net: NetName=NetR13_单路2_2 Pin=R13_单路2-2
Added Pin To Net: NetName=NetR12_单路3_2 Pin=R13_单路3-1
Added Pin To Net: NetName=NetR13_单路3_2 Pin=R13_单路3-2
Added Pin To Net: NetName=NetR12_单路4_2 Pin=R13_单路4-1
Added Pin To Net: NetName=NetR13_单路4_2 Pin=R13_单路4-2
Added Pin To Net: NetName=NetR12_单路5_2 Pin=R13_单路5-1
Added Pin To Net: NetName=NetR13_单路5_2 Pin=R13_单路5-2
Added Pin To Net: NetName=NetR12_单路6_2 Pin=R13_单路6-1
Added Pin To Net: NetName=NetR13_单路6_2 Pin=R13_单路6-2
Added Pin To Net: NetName=NetR12_单路7_2 Pin=R13_单路7-1
Added Pin To Net: NetName=NetR13_单路7_2 Pin=R13_单路7-2
Added Pin To Net: NetName=NetR12_单路8_2 Pin=R13_单路8-1
Added Pin To Net: NetName=NetR13_单路8_2 Pin=R13_单路8-2
Added Pin To Net: NetName=NetR3_单路1_1 Pin=R14_单路1-1
Added Pin To Net: NetName=NetR13_单路1_2 Pin=R14_单路1-2
Added Pin To Net: NetName=NetR3_单路2_1 Pin=R14_单路2-1
Added Pin To Net: NetName=NetR13_单路2_2 Pin=R14_单路2-2
Added Pin To Net: NetName=NetR3_单路3_1 Pin=R14_单路3-1
Added Pin To Net: NetName=NetR13_单路3_2 Pin=R14_单路3-2
Added Pin To Net: NetName=NetR3_单路4_1 Pin=R14_单路4-1
Added Pin To Net: NetName=NetR13_单路4_2 Pin=R14_单路4-2
Added Pin To Net: NetName=NetR3_单路5_1 Pin=R14_单路5-1
Added Pin To Net: NetName=NetR13_单路5_2 Pin=R14_单路5-2
Added Pin To Net: NetName=NetR3_单路6_1 Pin=R14_单路6-1
Added Pin To Net: NetName=NetR13_单路6_2 Pin=R14_单路6-2
Added Pin To Net: NetName=NetR3_单路7_1 Pin=R14_单路7-1
Added Pin To Net: NetName=NetR13_单路7_2 Pin=R14_单路7-2
Added Pin To Net: NetName=NetR3_单路8_1 Pin=R14_单路8-1
Added Pin To Net: NetName=NetR13_单路8_2 Pin=R14_单路8-2
Added Pin To Net: NetName=NetD2_单路1_2 Pin=R16_单路1-1
Added Pin To Net: NetName=NetQ2_单路1_2 Pin=R16_单路1-2
Added Pin To Net: NetName=NetD2_单路2_2 Pin=R16_单路2-1
Added Pin To Net: NetName=NetQ2_单路2_2 Pin=R16_单路2-2
Added Pin To Net: NetName=NetD2_单路3_2 Pin=R16_单路3-1
Added Pin To Net: NetName=NetQ2_单路3_2 Pin=R16_单路3-2
Added Pin To Net: NetName=NetD2_单路4_2 Pin=R16_单路4-1
Added Pin To Net: NetName=NetQ2_单路4_2 Pin=R16_单路4-2
Added Pin To Net: NetName=NetD2_单路5_2 Pin=R16_单路5-1
Added Pin To Net: NetName=NetQ2_单路5_2 Pin=R16_单路5-2
Added Pin To Net: NetName=NetD2_单路6_2 Pin=R16_单路6-1
Added Pin To Net: NetName=NetQ2_单路6_2 Pin=R16_单路6-2
Added Pin To Net: NetName=NetD2_单路7_2 Pin=R16_单路7-1
Added Pin To Net: NetName=NetQ2_单路7_2 Pin=R16_单路7-2
Added Pin To Net: NetName=NetD2_单路8_2 Pin=R16_单路8-1
Added Pin To Net: NetName=NetQ2_单路8_2 Pin=R16_单路8-2
Added Pin To Net: NetName=H1_OUT2_单路1 Pin=R18_单路1-1
Added Pin To Net: NetName=NetR8_单路1_2 Pin=R18_单路1-2
Added Pin To Net: NetName=H1_OUT2_单路2 Pin=R18_单路2-1
Added Pin To Net: NetName=NetR8_单路2_2 Pin=R18_单路2-2
Added Pin To Net: NetName=H1_OUT2_单路3 Pin=R18_单路3-1
Added Pin To Net: NetName=NetR8_单路3_2 Pin=R18_单路3-2
Added Pin To Net: NetName=H1_OUT2_单路4 Pin=R18_单路4-1
Added Pin To Net: NetName=NetR8_单路4_2 Pin=R18_单路4-2
Added Pin To Net: NetName=H1_OUT2_单路5 Pin=R18_单路5-1
Added Pin To Net: NetName=NetR8_单路5_2 Pin=R18_单路5-2
Added Pin To Net: NetName=H1_OUT2_单路6 Pin=R18_单路6-1
Added Pin To Net: NetName=NetR8_单路6_2 Pin=R18_单路6-2
Added Pin To Net: NetName=H1_OUT2_单路7 Pin=R18_单路7-1
Added Pin To Net: NetName=NetR8_单路7_2 Pin=R18_单路7-2
Added Pin To Net: NetName=H1_OUT2_单路8 Pin=R18_单路8-1
Added Pin To Net: NetName=NetR8_单路8_2 Pin=R18_单路8-2
Added Pin To Net: NetName=NetD2_单路1_2 Pin=R20_单路1-1
Added Pin To Net: NetName=GND_单路1 Pin=R20_单路1-2
Added Pin To Net: NetName=NetD2_单路2_2 Pin=R20_单路2-1
Added Pin To Net: NetName=GND_单路1 Pin=R20_单路2-2
Added Pin To Net: NetName=NetD2_单路3_2 Pin=R20_单路3-1
Added Pin To Net: NetName=GND_单路1 Pin=R20_单路3-2
Added Pin To Net: NetName=NetD2_单路4_2 Pin=R20_单路4-1
Added Pin To Net: NetName=GND_单路1 Pin=R20_单路4-2
Added Pin To Net: NetName=NetD2_单路5_2 Pin=R20_单路5-1
Added Pin To Net: NetName=GND_单路1 Pin=R20_单路5-2
Added Pin To Net: NetName=NetD2_单路6_2 Pin=R20_单路6-1
Added Pin To Net: NetName=GND_单路1 Pin=R20_单路6-2
Added Pin To Net: NetName=NetD2_单路7_2 Pin=R20_单路7-1
Added Pin To Net: NetName=GND_单路1 Pin=R20_单路7-2
Added Pin To Net: NetName=NetD2_单路8_2 Pin=R20_单路8-1
Added Pin To Net: NetName=GND_单路1 Pin=R20_单路8-2
Added Pin To Net: NetName=NetR4_单路1_2 Pin=R22_单路1-1
Added Pin To Net: NetName=NetD2_单路1_1 Pin=R22_单路1-2
Added Pin To Net: NetName=NetR4_单路2_2 Pin=R22_单路2-1
Added Pin To Net: NetName=NetD2_单路2_1 Pin=R22_单路2-2
Added Pin To Net: NetName=NetR4_单路3_2 Pin=R22_单路3-1
Added Pin To Net: NetName=NetD2_单路3_1 Pin=R22_单路3-2
Added Pin To Net: NetName=NetR4_单路4_2 Pin=R22_单路4-1
Added Pin To Net: NetName=NetD2_单路4_1 Pin=R22_单路4-2
Added Pin To Net: NetName=NetR4_单路5_2 Pin=R22_单路5-1
Added Pin To Net: NetName=NetD2_单路5_1 Pin=R22_单路5-2
Added Pin To Net: NetName=NetR4_单路6_2 Pin=R22_单路6-1
Added Pin To Net: NetName=NetD2_单路6_1 Pin=R22_单路6-2
Added Pin To Net: NetName=NetR4_单路7_2 Pin=R22_单路7-1
Added Pin To Net: NetName=NetD2_单路7_1 Pin=R22_单路7-2
Added Pin To Net: NetName=NetR4_单路8_2 Pin=R22_单路8-1
Added Pin To Net: NetName=NetD2_单路8_1 Pin=R22_单路8-2
Added Pin To Net: NetName=NetR24_单路1_1 Pin=R24_单路1-1
Added Pin To Net: NetName=VCC8_单路1 Pin=R24_单路1-2
Added Pin To Net: NetName=NetR24_单路2_1 Pin=R24_单路2-1
Added Pin To Net: NetName=VCC8_单路1 Pin=R24_单路2-2
Added Pin To Net: NetName=NetR24_单路3_1 Pin=R24_单路3-1
Added Pin To Net: NetName=VCC8_单路1 Pin=R24_单路3-2
Added Pin To Net: NetName=NetR24_单路4_1 Pin=R24_单路4-1
Added Pin To Net: NetName=VCC8_单路1 Pin=R24_单路4-2
Added Pin To Net: NetName=NetR24_单路5_1 Pin=R24_单路5-1
Added Pin To Net: NetName=VCC8_单路1 Pin=R24_单路5-2
Added Pin To Net: NetName=NetR24_单路6_1 Pin=R24_单路6-1
Added Pin To Net: NetName=VCC8_单路1 Pin=R24_单路6-2
Added Pin To Net: NetName=NetR24_单路7_1 Pin=R24_单路7-1
Added Pin To Net: NetName=VCC8_单路1 Pin=R24_单路7-2
Added Pin To Net: NetName=NetR24_单路8_1 Pin=R24_单路8-1
Added Pin To Net: NetName=VCC8_单路1 Pin=R24_单路8-2
Added Pin To Net: NetName=GND_单路1 Pin=R26_单路1-1
Added Pin To Net: NetName=NetR24_单路1_1 Pin=R26_单路1-2
Added Pin To Net: NetName=GND_单路1 Pin=R26_单路2-1
Added Pin To Net: NetName=NetR24_单路2_1 Pin=R26_单路2-2
Added Pin To Net: NetName=GND_单路1 Pin=R26_单路3-1
Added Pin To Net: NetName=NetR24_单路3_1 Pin=R26_单路3-2
Added Pin To Net: NetName=GND_单路1 Pin=R26_单路4-1
Added Pin To Net: NetName=NetR24_单路4_1 Pin=R26_单路4-2
Added Pin To Net: NetName=GND_单路1 Pin=R26_单路5-1
Added Pin To Net: NetName=NetR24_单路5_1 Pin=R26_单路5-2
Added Pin To Net: NetName=GND_单路1 Pin=R26_单路6-1
Added Pin To Net: NetName=NetR24_单路6_1 Pin=R26_单路6-2
Added Pin To Net: NetName=GND_单路1 Pin=R26_单路7-1
Added Pin To Net: NetName=NetR24_单路7_1 Pin=R26_单路7-2
Added Pin To Net: NetName=GND_单路1 Pin=R26_单路8-1
Added Pin To Net: NetName=NetR24_单路8_1 Pin=R26_单路8-2
Added Pin To Net: NetName=GND_单路1 Pin=U1-2
Added Pin To Net: NetName=VCC8_单路1 Pin=U1-3
Added Pin To Net: NetName=VCC8_单路1 Pin=U3_单路1-1
Added Pin To Net: NetName=H1_OUT4_单路1 Pin=U3_单路1-2
Added Pin To Net: NetName=H1_OUT4_单路1 Pin=U3_单路1-3
Added Pin To Net: NetName=H1_OUT2_单路1 Pin=U3_单路1-4
Added Pin To Net: NetName=VCC8_单路1 Pin=U3_单路2-1
Added Pin To Net: NetName=H1_OUT4_单路2 Pin=U3_单路2-2
Added Pin To Net: NetName=H1_OUT4_单路2 Pin=U3_单路2-3
Added Pin To Net: NetName=H1_OUT2_单路2 Pin=U3_单路2-4
Added Pin To Net: NetName=VCC8_单路1 Pin=U3_单路3-1
Added Pin To Net: NetName=H1_OUT4_单路3 Pin=U3_单路3-2
Added Pin To Net: NetName=H1_OUT4_单路3 Pin=U3_单路3-3
Added Pin To Net: NetName=H1_OUT2_单路3 Pin=U3_单路3-4
Added Pin To Net: NetName=VCC8_单路1 Pin=U3_单路4-1
Added Pin To Net: NetName=H1_OUT4_单路4 Pin=U3_单路4-2
Added Pin To Net: NetName=H1_OUT4_单路4 Pin=U3_单路4-3
Added Pin To Net: NetName=H1_OUT2_单路4 Pin=U3_单路4-4
Added Pin To Net: NetName=VCC8_单路1 Pin=U3_单路5-1
Added Pin To Net: NetName=H1_OUT4_单路5 Pin=U3_单路5-2
Added Pin To Net: NetName=H1_OUT4_单路5 Pin=U3_单路5-3
Added Pin To Net: NetName=H1_OUT2_单路5 Pin=U3_单路5-4
Added Pin To Net: NetName=VCC8_单路1 Pin=U3_单路6-1
Added Pin To Net: NetName=H1_OUT4_单路6 Pin=U3_单路6-2
Added Pin To Net: NetName=H1_OUT4_单路6 Pin=U3_单路6-3
Added Pin To Net: NetName=H1_OUT2_单路6 Pin=U3_单路6-4
Added Pin To Net: NetName=VCC8_单路1 Pin=U3_单路7-1
Added Pin To Net: NetName=H1_OUT4_单路7 Pin=U3_单路7-2
Added Pin To Net: NetName=H1_OUT4_单路7 Pin=U3_单路7-3
Added Pin To Net: NetName=H1_OUT2_单路7 Pin=U3_单路7-4
Added Pin To Net: NetName=VCC8_单路1 Pin=U3_单路8-1
Added Pin To Net: NetName=H1_OUT4_单路8 Pin=U3_单路8-2
Added Pin To Net: NetName=H1_OUT4_单路8 Pin=U3_单路8-3
Added Pin To Net: NetName=H1_OUT2_单路8 Pin=U3_单路8-4
Added Pin To Net: NetName=H1_IN1_单路1 Pin=U5_单路1-1
Added Pin To Net: NetName=H1_OUT2_单路1 Pin=U5_单路1-2
Added Pin To Net: NetName=H1_IN3_单路1 Pin=U5_单路1-3
Added Pin To Net: NetName=H1_OUT4_单路1 Pin=U5_单路1-4
Added Pin To Net: NetName=H1_IN1_单路2 Pin=U5_单路2-1
Added Pin To Net: NetName=H1_OUT2_单路2 Pin=U5_单路2-2
Added Pin To Net: NetName=H1_IN3_单路2 Pin=U5_单路2-3
Added Pin To Net: NetName=H1_OUT4_单路2 Pin=U5_单路2-4
Added Pin To Net: NetName=H1_IN1_单路3 Pin=U5_单路3-1
Added Pin To Net: NetName=H1_OUT2_单路3 Pin=U5_单路3-2
Added Pin To Net: NetName=H1_IN3_单路3 Pin=U5_单路3-3
Added Pin To Net: NetName=H1_OUT4_单路3 Pin=U5_单路3-4
Added Pin To Net: NetName=H1_IN1_单路4 Pin=U5_单路4-1
Added Pin To Net: NetName=H1_OUT2_单路4 Pin=U5_单路4-2
Added Pin To Net: NetName=H1_IN3_单路4 Pin=U5_单路4-3
Added Pin To Net: NetName=H1_OUT4_单路4 Pin=U5_单路4-4
Added Pin To Net: NetName=H1_IN1_单路5 Pin=U5_单路5-1
Added Pin To Net: NetName=H1_OUT2_单路5 Pin=U5_单路5-2
Added Pin To Net: NetName=H1_IN3_单路5 Pin=U5_单路5-3
Added Pin To Net: NetName=H1_OUT4_单路5 Pin=U5_单路5-4
Added Pin To Net: NetName=H1_IN1_单路6 Pin=U5_单路6-1
Added Pin To Net: NetName=H1_OUT2_单路6 Pin=U5_单路6-2
Added Pin To Net: NetName=H1_IN3_单路6 Pin=U5_单路6-3
Added Pin To Net: NetName=H1_OUT4_单路6 Pin=U5_单路6-4
Added Pin To Net: NetName=H1_IN1_单路7 Pin=U5_单路7-1
Added Pin To Net: NetName=H1_OUT2_单路7 Pin=U5_单路7-2
Added Pin To Net: NetName=H1_IN3_单路7 Pin=U5_单路7-3
Added Pin To Net: NetName=H1_OUT4_单路7 Pin=U5_单路7-4
Added Pin To Net: NetName=H1_IN1_单路8 Pin=U5_单路8-1
Added Pin To Net: NetName=H1_OUT2_单路8 Pin=U5_单路8-2
Added Pin To Net: NetName=H1_IN3_单路8 Pin=U5_单路8-3
Added Pin To Net: NetName=H1_OUT4_单路8 Pin=U5_单路8-4
Added Pin To Net: NetName=NetR3_单路1_2 Pin=U19_单路1-1
Added Pin To Net: NetName=NetR3_单路1_1 Pin=U19_单路1-2
Added Pin To Net: NetName=H1_IN3_单路1 Pin=U19_单路1-3
Added Pin To Net: NetName=VCC8_单路1 Pin=U19_单路1-4
Added Pin To Net: NetName=NetR12_单路1_2 Pin=U19_单路1-5
Added Pin To Net: NetName=H1_OUT2_单路1 Pin=U19_单路1-7
Added Pin To Net: NetName=NetR13_单路1_2 Pin=U19_单路1-8
Added Pin To Net: NetName=NetR13_单路1_2 Pin=U19_单路1-9
Added Pin To Net: NetName=NetR24_单路1_1 Pin=U19_单路1-10
Added Pin To Net: NetName=GND_单路1 Pin=U19_单路1-11
Added Pin To Net: NetName=NetR4_单路1_2 Pin=U19_单路1-12
Added Pin To Net: NetName=H1_OUT4_单路1 Pin=U19_单路1-13
Added Pin To Net: NetName=NetD2_单路1_1 Pin=U19_单路1-14
Added Pin To Net: NetName=NetR3_单路2_2 Pin=U19_单路2-1
Added Pin To Net: NetName=NetR3_单路2_1 Pin=U19_单路2-2
Added Pin To Net: NetName=H1_IN3_单路2 Pin=U19_单路2-3
Added Pin To Net: NetName=VCC8_单路1 Pin=U19_单路2-4
Added Pin To Net: NetName=NetR12_单路2_2 Pin=U19_单路2-5
Added Pin To Net: NetName=H1_OUT2_单路2 Pin=U19_单路2-7
Added Pin To Net: NetName=NetR13_单路2_2 Pin=U19_单路2-8
Added Pin To Net: NetName=NetR13_单路2_2 Pin=U19_单路2-9
Added Pin To Net: NetName=NetR24_单路2_1 Pin=U19_单路2-10
Added Pin To Net: NetName=GND_单路1 Pin=U19_单路2-11
Added Pin To Net: NetName=NetR4_单路2_2 Pin=U19_单路2-12
Added Pin To Net: NetName=H1_OUT4_单路2 Pin=U19_单路2-13
Added Pin To Net: NetName=NetD2_单路2_1 Pin=U19_单路2-14
Added Pin To Net: NetName=NetR3_单路3_2 Pin=U19_单路3-1
Added Pin To Net: NetName=NetR3_单路3_1 Pin=U19_单路3-2
Added Pin To Net: NetName=H1_IN3_单路3 Pin=U19_单路3-3
Added Pin To Net: NetName=VCC8_单路1 Pin=U19_单路3-4
Added Pin To Net: NetName=NetR12_单路3_2 Pin=U19_单路3-5
Added Pin To Net: NetName=H1_OUT2_单路3 Pin=U19_单路3-7
Added Pin To Net: NetName=NetR13_单路3_2 Pin=U19_单路3-8
Added Pin To Net: NetName=NetR13_单路3_2 Pin=U19_单路3-9
Added Pin To Net: NetName=NetR24_单路3_1 Pin=U19_单路3-10
Added Pin To Net: NetName=GND_单路1 Pin=U19_单路3-11
Added Pin To Net: NetName=NetR4_单路3_2 Pin=U19_单路3-12
Added Pin To Net: NetName=H1_OUT4_单路3 Pin=U19_单路3-13
Added Pin To Net: NetName=NetD2_单路3_1 Pin=U19_单路3-14
Added Pin To Net: NetName=NetR3_单路4_2 Pin=U19_单路4-1
Added Pin To Net: NetName=NetR3_单路4_1 Pin=U19_单路4-2
Added Pin To Net: NetName=H1_IN3_单路4 Pin=U19_单路4-3
Added Pin To Net: NetName=VCC8_单路1 Pin=U19_单路4-4
Added Pin To Net: NetName=NetR12_单路4_2 Pin=U19_单路4-5
Added Pin To Net: NetName=H1_OUT2_单路4 Pin=U19_单路4-7
Added Pin To Net: NetName=NetR13_单路4_2 Pin=U19_单路4-8
Added Pin To Net: NetName=NetR13_单路4_2 Pin=U19_单路4-9
Added Pin To Net: NetName=NetR24_单路4_1 Pin=U19_单路4-10
Added Pin To Net: NetName=GND_单路1 Pin=U19_单路4-11
Added Pin To Net: NetName=NetR4_单路4_2 Pin=U19_单路4-12
Added Pin To Net: NetName=H1_OUT4_单路4 Pin=U19_单路4-13
Added Pin To Net: NetName=NetD2_单路4_1 Pin=U19_单路4-14
Added Pin To Net: NetName=NetR3_单路5_2 Pin=U19_单路5-1
Added Pin To Net: NetName=NetR3_单路5_1 Pin=U19_单路5-2
Added Pin To Net: NetName=H1_IN3_单路5 Pin=U19_单路5-3
Added Pin To Net: NetName=VCC8_单路1 Pin=U19_单路5-4
Added Pin To Net: NetName=NetR12_单路5_2 Pin=U19_单路5-5
Added Pin To Net: NetName=H1_OUT2_单路5 Pin=U19_单路5-7
Added Pin To Net: NetName=NetR13_单路5_2 Pin=U19_单路5-8
Added Pin To Net: NetName=NetR13_单路5_2 Pin=U19_单路5-9
Added Pin To Net: NetName=NetR24_单路5_1 Pin=U19_单路5-10
Added Pin To Net: NetName=GND_单路1 Pin=U19_单路5-11
Added Pin To Net: NetName=NetR4_单路5_2 Pin=U19_单路5-12
Added Pin To Net: NetName=H1_OUT4_单路5 Pin=U19_单路5-13
Added Pin To Net: NetName=NetD2_单路5_1 Pin=U19_单路5-14
Added Pin To Net: NetName=NetR3_单路6_2 Pin=U19_单路6-1
Added Pin To Net: NetName=NetR3_单路6_1 Pin=U19_单路6-2
Added Pin To Net: NetName=H1_IN3_单路6 Pin=U19_单路6-3
Added Pin To Net: NetName=VCC8_单路1 Pin=U19_单路6-4
Added Pin To Net: NetName=NetR12_单路6_2 Pin=U19_单路6-5
Added Pin To Net: NetName=H1_OUT2_单路6 Pin=U19_单路6-7
Added Pin To Net: NetName=NetR13_单路6_2 Pin=U19_单路6-8
Added Pin To Net: NetName=NetR13_单路6_2 Pin=U19_单路6-9
Added Pin To Net: NetName=NetR24_单路6_1 Pin=U19_单路6-10
Added Pin To Net: NetName=GND_单路1 Pin=U19_单路6-11
Added Pin To Net: NetName=NetR4_单路6_2 Pin=U19_单路6-12
Added Pin To Net: NetName=H1_OUT4_单路6 Pin=U19_单路6-13
Added Pin To Net: NetName=NetD2_单路6_1 Pin=U19_单路6-14
Added Pin To Net: NetName=NetR3_单路7_2 Pin=U19_单路7-1
Added Pin To Net: NetName=NetR3_单路7_1 Pin=U19_单路7-2
Added Pin To Net: NetName=H1_IN3_单路7 Pin=U19_单路7-3
Added Pin To Net: NetName=VCC8_单路1 Pin=U19_单路7-4
Added Pin To Net: NetName=NetR12_单路7_2 Pin=U19_单路7-5
Added Pin To Net: NetName=H1_OUT2_单路7 Pin=U19_单路7-7
Added Pin To Net: NetName=NetR13_单路7_2 Pin=U19_单路7-8
Added Pin To Net: NetName=NetR13_单路7_2 Pin=U19_单路7-9
Added Pin To Net: NetName=NetR24_单路7_1 Pin=U19_单路7-10
Added Pin To Net: NetName=GND_单路1 Pin=U19_单路7-11
Added Pin To Net: NetName=NetR4_单路7_2 Pin=U19_单路7-12
Added Pin To Net: NetName=H1_OUT4_单路7 Pin=U19_单路7-13
Added Pin To Net: NetName=NetD2_单路7_1 Pin=U19_单路7-14
Added Pin To Net: NetName=NetR3_单路8_2 Pin=U19_单路8-1
Added Pin To Net: NetName=NetR3_单路8_1 Pin=U19_单路8-2
Added Pin To Net: NetName=H1_IN3_单路8 Pin=U19_单路8-3
Added Pin To Net: NetName=VCC8_单路1 Pin=U19_单路8-4
Added Pin To Net: NetName=NetR12_单路8_2 Pin=U19_单路8-5
Added Pin To Net: NetName=H1_OUT2_单路8 Pin=U19_单路8-7
Added Pin To Net: NetName=NetR13_单路8_2 Pin=U19_单路8-8
Added Pin To Net: NetName=NetR13_单路8_2 Pin=U19_单路8-9
Added Pin To Net: NetName=NetR24_单路8_1 Pin=U19_单路8-10
Added Pin To Net: NetName=GND_单路1 Pin=U19_单路8-11
Added Pin To Net: NetName=NetR4_单路8_2 Pin=U19_单路8-12
Added Pin To Net: NetName=H1_OUT4_单路8 Pin=U19_单路8-13
Added Pin To Net: NetName=NetD2_单路8_1 Pin=U19_单路8-14
Change Net Name : Old Net Name=CDH1_单路1 New Net Name=CDH1
Change Net Name : Old Net Name=CDH1_单路2 New Net Name=CDH2
Change Net Name : Old Net Name=CDH1_单路3 New Net Name=CDH3
Change Net Name : Old Net Name=CDH1_单路4 New Net Name=CDH4
Change Net Name : Old Net Name=CDH1_单路5 New Net Name=CDH5
Change Net Name : Old Net Name=CDH1_单路6 New Net Name=CDH6
Change Net Name : Old Net Name=CDH1_单路7 New Net Name=CDH7
Change Net Name : Old Net Name=CDH1_单路8 New Net Name=CDH8
Change Net Name : Old Net Name=GND_单路1 New Net Name=GND
Change Net Name : Old Net Name=VCC8_单路1 New Net Name=VCC8
Added Pin To Net: NetName=CDH_单路1 Pin=F2_单路1-2
Added Net: Name=CDH_单路1
Added Pin To Net: NetName=CDH_单路2 Pin=F2_单路2-2
Added Net: Name=CDH_单路2
Added Pin To Net: NetName=CDH_单路3 Pin=F2_单路3-2
Added Net: Name=CDH_单路3
Added Pin To Net: NetName=CDH_单路4 Pin=F2_单路4-2
Added Net: Name=CDH_单路4
Added Pin To Net: NetName=CDH_单路5 Pin=F2_单路5-2
Added Net: Name=CDH_单路5
Added Pin To Net: NetName=CDH_单路6 Pin=F2_单路6-2
Added Net: Name=CDH_单路6
Added Pin To Net: NetName=CDH_单路7 Pin=F2_单路7-2
Added Net: Name=CDH_单路7
Added Pin To Net: NetName=CDH_单路8 Pin=F2_单路8-2
Added Net: Name=CDH_单路8
Added Pin To Net: NetName=NetC3_1 Pin=C3-1
Added Pin To Net: NetName=NetC3_1 Pin=F3-2
Added Pin To Net: NetName=NetC3_1 Pin=U1-1
Added Net: Name=NetC3_1
Added Pin To Net: NetName=NetD3_2 Pin=D3-2
Added Pin To Net: NetName=NetD3_2 Pin=F3-1
Added Net: Name=NetD3_2
Added Pin To Net: NetName=VCC24 Pin=D3-1
Added Pin To Net: NetName=VCC24 Pin=P1-10
Added Net: Name=VCC24
Added Class: Name=总图
Added Class: Name=CDH[1..8]
Added Member To Class: ClassName=单路1 Member=Component C2_单路1 (C2) Cap Semi
Added Member To Class: ClassName=单路2 Member=Component C2_单路2 (C2) Cap Semi
Added Member To Class: ClassName=单路3 Member=Component C2_单路3 (C2) Cap Semi
Added Member To Class: ClassName=单路4 Member=Component C2_单路4 (C2) Cap Semi
Added Member To Class: ClassName=单路5 Member=Component C2_单路5 (C2) Cap Semi
Added Member To Class: ClassName=单路6 Member=Component C2_单路6 (C2) Cap Semi
Added Member To Class: ClassName=单路7 Member=Component C2_单路7 (C2) Cap Semi
Added Member To Class: ClassName=单路8 Member=Component C2_单路8 (C2) Cap Semi
Added Member To Class: ClassName=单路1 Member=Component D2_单路1 (D2) LED0
Added Member To Class: ClassName=单路2 Member=Component D2_单路2 (D2) LED0
Added Member To Class: ClassName=单路3 Member=Component D2_单路3 (D2) LED0
Added Member To Class: ClassName=单路4 Member=Component D2_单路4 (D2) LED0
Added Member To Class: ClassName=单路5 Member=Component D2_单路5 (D2) LED0
Added Member To Class: ClassName=单路6 Member=Component D2_单路6 (D2) LED0
Added Member To Class: ClassName=单路7 Member=Component D2_单路7 (D2) LED0
Added Member To Class: ClassName=单路8 Member=Component D2_单路8 (D2) LED0
Added Member To Class: ClassName=单路1 Member=Component F2_单路1 (F2) Fuse 1
Added Member To Class: ClassName=单路2 Member=Component F2_单路2 (F2) Fuse 1
Added Member To Class: ClassName=单路3 Member=Component F2_单路3 (F2) Fuse 1
Added Member To Class: ClassName=单路4 Member=Component F2_单路4 (F2) Fuse 1
Added Member To Class: ClassName=单路5 Member=Component F2_单路5 (F2) Fuse 1
Added Member To Class: ClassName=单路6 Member=Component F2_单路6 (F2) Fuse 1
Added Member To Class: ClassName=单路7 Member=Component F2_单路7 (F2) Fuse 1
Added Member To Class: ClassName=单路8 Member=Component F2_单路8 (F2) Fuse 1
Added Member To Class: ClassName=单路1 Member=Component Q2_单路1 (Q2) NPN
Added Member To Class: ClassName=单路2 Member=Component Q2_单路2 (Q2) NPN
Added Member To Class: ClassName=单路3 Member=Component Q2_单路3 (Q2) NPN
Added Member To Class: ClassName=单路4 Member=Component Q2_单路4 (Q2) NPN
Added Member To Class: ClassName=单路5 Member=Component Q2_单路5 (Q2) NPN
Added Member To Class: ClassName=单路6 Member=Component Q2_单路6 (Q2) NPN
Added Member To Class: ClassName=单路7 Member=Component Q2_单路7 (Q2) NPN
Added Member To Class: ClassName=单路8 Member=Component Q2_单路8 (Q2) NPN
Added Member To Class: ClassName=单路1 Member=Component R3_单路1 (R3) Res2
Added Member To Class: ClassName=单路2 Member=Component R3_单路2 (R3) Res2
Added Member To Class: ClassName=单路3 Member=Component R3_单路3 (R3) Res2
Added Member To Class: ClassName=单路4 Member=Component R3_单路4 (R3) Res2
Added Member To Class: ClassName=单路5 Member=Component R3_单路5 (R3) Res2
Added Member To Class: ClassName=单路6 Member=Component R3_单路6 (R3) Res2
Added Member To Class: ClassName=单路7 Member=Component R3_单路7 (R3) Res2
Added Member To Class: ClassName=单路8 Member=Component R3_单路8 (R3) Res2
Added Member To Class: ClassName=单路1 Member=Component R4_单路1 (R4) Res2
Added Member To Class: ClassName=单路2 Member=Component R4_单路2 (R4) Res2
Added Member To Class: ClassName=单路3 Member=Component R4_单路3 (R4) Res2
Added Member To Class: ClassName=单路4 Member=Component R4_单路4 (R4) Res2
Added Member To Class: ClassName=单路5 Member=Component R4_单路5 (R4) Res2
Added Member To Class: ClassName=单路6 Member=Component R4_单路6 (R4) Res2
Added Member To Class: ClassName=单路7 Member=Component R4_单路7 (R4) Res2
Added Member To Class: ClassName=单路8 Member=Component R4_单路8 (R4) Res2
Added Member To Class: ClassName=单路1 Member=Component R6_单路1 (R6) Res2
Added Member To Class: ClassName=单路2 Member=Component R6_单路2 (R6) Res2
Added Member To Class: ClassName=单路3 Member=Component R6_单路3 (R6) Res2
Added Member To Class: ClassName=单路4 Member=Component R6_单路4 (R6) Res2
Added Member To Class: ClassName=单路5 Member=Component R6_单路5 (R6) Res2
Added Member To Class: ClassName=单路6 Member=Component R6_单路6 (R6) Res2
Added Member To Class: ClassName=单路7 Member=Component R6_单路7 (R6) Res2
Added Member To Class: ClassName=单路8 Member=Component R6_单路8 (R6) Res2
Added Member To Class: ClassName=单路1 Member=Component R8_单路1 (R8) Res Tap
Added Member To Class: ClassName=单路2 Member=Component R8_单路2 (R8) Res Tap
Added Member To Class: ClassName=单路3 Member=Component R8_单路3 (R8) Res Tap
Added Member To Class: ClassName=单路4 Member=Component R8_单路4 (R8) Res Tap
Added Member To Class: ClassName=单路5 Member=Component R8_单路5 (R8) Res Tap
Added Member To Class: ClassName=单路6 Member=Component R8_单路6 (R8) Res Tap
Added Member To Class: ClassName=单路7 Member=Component R8_单路7 (R8) Res Tap
Added Member To Class: ClassName=单路8 Member=Component R8_单路8 (R8) Res Tap
Added Member To Class: ClassName=单路1 Member=Component R12_单路1 (R12) Res2
Added Member To Class: ClassName=单路2 Member=Component R12_单路2 (R12) Res2
Added Member To Class: ClassName=单路3 Member=Component R12_单路3 (R12) Res2
Added Member To Class: ClassName=单路4 Member=Component R12_单路4 (R12) Res2
Added Member To Class: ClassName=单路5 Member=Component R12_单路5 (R12) Res2
Added Member To Class: ClassName=单路6 Member=Component R12_单路6 (R12) Res2
Added Member To Class: ClassName=单路7 Member=Component R12_单路7 (R12) Res2
Added Member To Class: ClassName=单路8 Member=Component R12_单路8 (R12) Res2
Added Member To Class: ClassName=单路1 Member=Component R13_单路1 (R13) Res2
Added Member To Class: ClassName=单路2 Member=Component R13_单路2 (R13) Res2
Added Member To Class: ClassName=单路3 Member=Component R13_单路3 (R13) Res2
Added Member To Class: ClassName=单路4 Member=Component R13_单路4 (R13) Res2
Added Member To Class: ClassName=单路5 Member=Component R13_单路5 (R13) Res2
Added Member To Class: ClassName=单路6 Member=Component R13_单路6 (R13) Res2
Added Member To Class: ClassName=单路7 Member=Component R13_单路7 (R13) Res2
Added Member To Class: ClassName=单路8 Member=Component R13_单路8 (R13) Res2
Added Member To Class: ClassName=单路1 Member=Component R14_单路1 (R14) Res2
Added Member To Class: ClassName=单路2 Member=Component R14_单路2 (R14) Res2
Added Member To Class: ClassName=单路3 Member=Component R14_单路3 (R14) Res2
Added Member To Class: ClassName=单路4 Member=Component R14_单路4 (R14) Res2
Added Member To Class: ClassName=单路5 Member=Component R14_单路5 (R14) Res2
Added Member To Class: ClassName=单路6 Member=Component R14_单路6 (R14) Res2
Added Member To Class: ClassName=单路7 Member=Component R14_单路7 (R14) Res2
Added Member To Class: ClassName=单路8 Member=Component R14_单路8 (R14) Res2
Added Member To Class: ClassName=单路1 Member=Component R16_单路1 (R16) Res2
Added Member To Class: ClassName=单路2 Member=Component R16_单路2 (R16) Res2
Added Member To Class: ClassName=单路3 Member=Component R16_单路3 (R16) Res2
Added Member To Class: ClassName=单路4 Member=Component R16_单路4 (R16) Res2
Added Member To Class: ClassName=单路5 Member=Component R16_单路5 (R16) Res2
Added Member To Class: ClassName=单路6 Member=Component R16_单路6 (R16) Res2
Added Member To Class: ClassName=单路7 Member=Component R16_单路7 (R16) Res2
Added Member To Class: ClassName=单路8 Member=Component R16_单路8 (R16) Res2
Added Member To Class: ClassName=单路1 Member=Component R18_单路1 (R18) Res2
Added Member To Class: ClassName=单路2 Member=Component R18_单路2 (R18) Res2
Added Member To Class: ClassName=单路3 Member=Component R18_单路3 (R18) Res2
Added Member To Class: ClassName=单路4 Member=Component R18_单路4 (R18) Res2
Added Member To Class: ClassName=单路5 Member=Component R18_单路5 (R18) Res2
Added Member To Class: ClassName=单路6 Member=Component R18_单路6 (R18) Res2
Added Member To Class: ClassName=单路7 Member=Component R18_单路7 (R18) Res2
Added Member To Class: ClassName=单路8 Member=Component R18_单路8 (R18) Res2
Added Member To Class: ClassName=单路1 Member=Component R20_单路1 (R20) Res2
Added Member To Class: ClassName=单路2 Member=Component R20_单路2 (R20) Res2
Added Member To Class: ClassName=单路3 Member=Component R20_单路3 (R20) Res2
Added Member To Class: ClassName=单路4 Member=Component R20_单路4 (R20) Res2
Added Member To Class: ClassName=单路5 Member=Component R20_单路5 (R20) Res2
Added Member To Class: ClassName=单路6 Member=Component R20_单路6 (R20) Res2
Added Member To Class: ClassName=单路7 Member=Component R20_单路7 (R20) Res2
Added Member To Class: ClassName=单路8 Member=Component R20_单路8 (R20) Res2
Added Member To Class: ClassName=单路1 Member=Component R22_单路1 (R22) Res2
Added Member To Class: ClassName=单路2 Member=Component R22_单路2 (R22) Res2
Added Member To Class: ClassName=单路3 Member=Component R22_单路3 (R22) Res2
Added Member To Class: ClassName=单路4 Member=Component R22_单路4 (R22) Res2
Added Member To Class: ClassName=单路5 Member=Component R22_单路5 (R22) Res2
Added Member To Class: ClassName=单路6 Member=Component R22_单路6 (R22) Res2
Added Member To Class: ClassName=单路7 Member=Component R22_单路7 (R22) Res2
Added Member To Class: ClassName=单路8 Member=Component R22_单路8 (R22) Res2
Added Member To Class: ClassName=单路1 Member=Component R24_单路1 (R24) Res2
Added Member To Class: ClassName=单路2 Member=Component R24_单路2 (R24) Res2
Added Member To Class: ClassName=单路3 Member=Component R24_单路3 (R24) Res2
Added Member To Class: ClassName=单路4 Member=Component R24_单路4 (R24) Res2
Added Member To Class: ClassName=单路5 Member=Component R24_单路5 (R24) Res2
Added Member To Class: ClassName=单路6 Member=Component R24_单路6 (R24) Res2
Added Member To Class: ClassName=单路7 Member=Component R24_单路7 (R24) Res2
Added Member To Class: ClassName=单路8 Member=Component R24_单路8 (R24) Res2
Added Member To Class: ClassName=单路1 Member=Component R26_单路1 (R26) Res2
Added Member To Class: ClassName=单路2 Member=Component R26_单路2 (R26) Res2
Added Member To Class: ClassName=单路3 Member=Component R26_单路3 (R26) Res2
Added Member To Class: ClassName=单路4 Member=Component R26_单路4 (R26) Res2
Added Member To Class: ClassName=单路5 Member=Component R26_单路5 (R26) Res2
Added Member To Class: ClassName=单路6 Member=Component R26_单路6 (R26) Res2
Added Member To Class: ClassName=单路7 Member=Component R26_单路7 (R26) Res2
Added Member To Class: ClassName=单路8 Member=Component R26_单路8 (R26) Res2
Added Member To Class: ClassName=单路1 Member=Component U3_单路1 (U3) LM317
Added Member To Class: ClassName=单路2 Member=Component U3_单路2 (U3) LM317
Added Member To Class: ClassName=单路3 Member=Component U3_单路3 (U3) LM317
Added Member To Class: ClassName=单路4 Member=Component U3_单路4 (U3) LM317
Added Member To Class: ClassName=单路5 Member=Component U3_单路5 (U3) LM317
Added Member To Class: ClassName=单路6 Member=Component U3_单路6 (U3) LM317
Added Member To Class: ClassName=单路7 Member=Component U3_单路7 (U3) LM317
Added Member To Class: ClassName=单路8 Member=Component U3_单路8 (U3) LM317
Added Member To Class: ClassName=单路1 Member=Component U5_单路1 (U5) HW-101A
Added Member To Class: ClassName=单路2 Member=Component U5_单路2 (U5) HW-101A
Added Member To Class: ClassName=单路3 Member=Component U5_单路3 (U5) HW-101A
Added Member To Class: ClassName=单路4 Member=Component U5_单路4 (U5) HW-101A
Added Member To Class: ClassName=单路5 Member=Component U5_单路5 (U5) HW-101A
Added Member To Class: ClassName=单路6 Member=Component U5_单路6 (U5) HW-101A
Added Member To Class: ClassName=单路7 Member=Component U5_单路7 (U5) HW-101A
Added Member To Class: ClassName=单路8 Member=Component U5_单路8 (U5) HW-101A
Added Member To Class: ClassName=单路1 Member=Component U19_单路1 (U19A) TLC2264
Added Member To Class: ClassName=单路2 Member=Component U19_单路2 (U19A) TLC2264
Added Member To Class: ClassName=单路3 Member=Component U19_单路3 (U19A) TLC2264
Added Member To Class: ClassName=单路4 Member=Component U19_单路4 (U19A) TLC2264
Added Member To Class: ClassName=单路5 Member=Component U19_单路5 (U19A) TLC2264
Added Member To Class: ClassName=单路6 Member=Component U19_单路6 (U19A) TLC2264
Added Member To Class: ClassName=单路7 Member=Component U19_单路7 (U19A) TLC2264
Added Member To Class: ClassName=单路8 Member=Component U19_单路8 (U19A) TLC2264
Added Room: Name=单路1
Added Room: Name=单路2
Added Room: Name=单路3
Added Room: Name=单路4
Added Room: Name=单路5
Added Room: Name=单路6
Added Room: Name=单路7
Added Room: Name=单路8
Added Room: Name=总图
