Change Component DesignItemId : Designator=C18 Old DesignItemId= New DesignItemId=C
Change Component DesignItemId : Designator=C19 Old DesignItemId= New DesignItemId=C_3
Change Component DesignItemId : Designator=C20 Old DesignItemId= New DesignItemId=CAP
Change Component DesignItemId : Designator=R105 Old DesignItemId= New DesignItemId=R_2
Change Component DesignItemId : Designator=U27 Old DesignItemId= New DesignItemId=SN65HVD230D
Change Component DesignItemId : Designator=U2 Old DesignItemId=AMS1 New DesignItemId=AMS1117
Change Component DesignItemId : Designator=U1 Old DesignItemId=L New DesignItemId=L7808
Change Component DesignItemId : Designator=U3_cdh1 Old DesignItemId=L New DesignItemId=LM317
Change Component DesignItemId : Designator=U3_cdh2 Old DesignItemId=L New DesignItemId=LM317
Change Component DesignItemId : Designator=U3_cdh3 Old DesignItemId=L New DesignItemId=LM317
Change Component DesignItemId : Designator=U3_cdh4 Old DesignItemId=L New DesignItemId=LM317
Change Component DesignItemId : Designator=U3_cdh5 Old DesignItemId=L New DesignItemId=LM317
Change Component DesignItemId : Designator=U3_cdh6 Old DesignItemId=L New DesignItemId=LM317
Change Component DesignItemId : Designator=U3_cdh7 Old DesignItemId=L New DesignItemId=LM317
Change Component DesignItemId : Designator=U3_cdh8 Old DesignItemId=L New DesignItemId=LM317
Change Component DesignItemId : Designator=U26 Old DesignItemId=stm32f103v New DesignItemId=stm32f103v8t6
Change Component DesignItemId : Designator=U19_cdh1 Old DesignItemId=TLC2 New DesignItemId=TLC2264
Change Component DesignItemId : Designator=U19_cdh2 Old DesignItemId=TLC2 New DesignItemId=TLC2264
Change Component DesignItemId : Designator=U19_cdh3 Old DesignItemId=TLC2 New DesignItemId=TLC2264
Change Component DesignItemId : Designator=U19_cdh4 Old DesignItemId=TLC2 New DesignItemId=TLC2264
Change Component DesignItemId : Designator=U19_cdh5 Old DesignItemId=TLC2 New DesignItemId=TLC2264
Change Component DesignItemId : Designator=U19_cdh6 Old DesignItemId=TLC2 New DesignItemId=TLC2264
Change Component DesignItemId : Designator=U19_cdh7 Old DesignItemId=TLC2 New DesignItemId=TLC2264
Change Component DesignItemId : Designator=U19_cdh8 Old DesignItemId=TLC2 New DesignItemId=TLC2264
Change Component Footprint: Designator=P3 Old Footprint=HDR1X4 New Footprint=IDE4
Change Component Description : Designator=U1 Old Description= New Description=L7808
Change Component Description : Designator=U3_cdh1 Old Description= New Description=LM317
Change Component Description : Designator=U3_cdh2 Old Description= New Description=LM317
Change Component Description : Designator=U3_cdh3 Old Description= New Description=LM317
Change Component Description : Designator=U3_cdh4 Old Description= New Description=LM317
Change Component Description : Designator=U3_cdh5 Old Description= New Description=LM317
Change Component Description : Designator=U3_cdh6 Old Description= New Description=LM317
Change Component Description : Designator=U3_cdh7 Old Description= New Description=LM317
Change Component Description : Designator=U3_cdh8 Old Description= New Description=LM317
Change Component Description : Designator=D3 Old Description=1 Amp General Purpose Rectif New Description=1 Amp General Purpose Rectifier
Change Component Description : Designator=C12 Old Description=Capaci New Description=Capacitor
Change Component Description : Designator=C13 Old Description=Capaci New Description=Capacitor
Change Component Description : Designator=C15 Old Description=Capaci New Description=Capacitor
Change Component Description : Designator=C16 Old Description=Capaci New Description=Capacitor
Change Component Description : Designator=C17 Old Description=Capaci New Description=Capacitor
Change Component Description : Designator=C2_cdh1 Old Description=Capacitor (Semiconductor SIM Mod New Description=Capacitor (Semiconductor SIM Model)
Change Component Description : Designator=C2_cdh2 Old Description=Capacitor (Semiconductor SIM Mod New Description=Capacitor (Semiconductor SIM Model)
Change Component Description : Designator=C2_cdh3 Old Description=Capacitor (Semiconductor SIM Mod New Description=Capacitor (Semiconductor SIM Model)
Change Component Description : Designator=C2_cdh4 Old Description=Capacitor (Semiconductor SIM Mod New Description=Capacitor (Semiconductor SIM Model)
Change Component Description : Designator=C2_cdh5 Old Description=Capacitor (Semiconductor SIM Mod New Description=Capacitor (Semiconductor SIM Model)
Change Component Description : Designator=C2_cdh6 Old Description=Capacitor (Semiconductor SIM Mod New Description=Capacitor (Semiconductor SIM Model)
Change Component Description : Designator=C2_cdh7 Old Description=Capacitor (Semiconductor SIM Mod New Description=Capacitor (Semiconductor SIM Model)
Change Component Description : Designator=C2_cdh8 Old Description=Capacitor (Semiconductor SIM Mod New Description=Capacitor (Semiconductor SIM Model)
Change Component Description : Designator=C5 Old Description=Capacitor (Semiconductor SIM Mod New Description=Capacitor (Semiconductor SIM Model)
Change Component Description : Designator=Y1 Old Description=Crystal Oscilla New Description=Crystal Oscillator
Change Component Description : Designator=F3 Old Description=F New Description=Fuse
Change Component Description : Designator=P2 Old Description=Head New Description=Header, 4-Pin
Change Component Description : Designator=U5_cdh1 Old Description=Header, 4- New Description=Header, 4-Pin
Change Component Description : Designator=U5_cdh2 Old Description=Header, 4- New Description=Header, 4-Pin
Change Component Description : Designator=U5_cdh3 Old Description=Header, 4- New Description=Header, 4-Pin
Change Component Description : Designator=U5_cdh4 Old Description=Header, 4- New Description=Header, 4-Pin
Change Component Description : Designator=U5_cdh5 Old Description=Header, 4- New Description=Header, 4-Pin
Change Component Description : Designator=U5_cdh6 Old Description=Header, 4- New Description=Header, 4-Pin
Change Component Description : Designator=U5_cdh7 Old Description=Header, 4- New Description=Header, 4-Pin
Change Component Description : Designator=U5_cdh8 Old Description=Header, 4- New Description=Header, 4-Pin
Change Component Description : Designator=Q2_cdh1 Old Description=NPN Bipolar Transis New Description=NPN Bipolar Transistor
Change Component Description : Designator=Q2_cdh2 Old Description=NPN Bipolar Transis New Description=NPN Bipolar Transistor
Change Component Description : Designator=Q2_cdh3 Old Description=NPN Bipolar Transis New Description=NPN Bipolar Transistor
Change Component Description : Designator=Q2_cdh4 Old Description=NPN Bipolar Transis New Description=NPN Bipolar Transistor
Change Component Description : Designator=Q2_cdh5 Old Description=NPN Bipolar Transis New Description=NPN Bipolar Transistor
Change Component Description : Designator=Q2_cdh6 Old Description=NPN Bipolar Transis New Description=NPN Bipolar Transistor
Change Component Description : Designator=Q2_cdh7 Old Description=NPN Bipolar Transis New Description=NPN Bipolar Transistor
Change Component Description : Designator=Q2_cdh8 Old Description=NPN Bipolar Transis New Description=NPN Bipolar Transistor
Change Component Description : Designator=C3 Old Description=Polarized Capacitor (Surface Mou New Description=Polarized Capacitor (Surface Mount)
Change Component Description : Designator=R3_cdh1 Old Description=Resis New Description=Resistor
Change Component Description : Designator=R3_cdh2 Old Description=Resis New Description=Resistor
Change Component Description : Designator=R3_cdh3 Old Description=Resis New Description=Resistor
Change Component Description : Designator=R3_cdh4 Old Description=Resis New Description=Resistor
Change Component Description : Designator=R3_cdh5 Old Description=Resis New Description=Resistor
Change Component Description : Designator=R3_cdh6 Old Description=Resis New Description=Resistor
Change Component Description : Designator=R3_cdh7 Old Description=Resis New Description=Resistor
Change Component Description : Designator=R3_cdh8 Old Description=Resis New Description=Resistor
Change Component Description : Designator=R4_cdh1 Old Description=Resis New Description=Resistor
Change Component Description : Designator=R4_cdh2 Old Description=Resis New Description=Resistor
Change Component Description : Designator=R4_cdh3 Old Description=Resis New Description=Resistor
Change Component Description : Designator=R4_cdh4 Old Description=Resis New Description=Resistor
Change Component Description : Designator=R4_cdh5 Old Description=Resis New Description=Resistor
Change Component Description : Designator=R4_cdh6 Old Description=Resis New Description=Resistor
Change Component Description : Designator=R4_cdh7 Old Description=Resis New Description=Resistor
Change Component Description : Designator=R4_cdh8 Old Description=Resis New Description=Resistor
Change Component Description : Designator=R6_cdh1 Old Description=Resis New Description=Resistor
Change Component Description : Designator=R6_cdh2 Old Description=Resis New Description=Resistor
Change Component Description : Designator=R6_cdh3 Old Description=Resis New Description=Resistor
Change Component Description : Designator=R6_cdh4 Old Description=Resis New Description=Resistor
Change Component Description : Designator=R6_cdh5 Old Description=Resis New Description=Resistor
Change Component Description : Designator=R6_cdh6 Old Description=Resis New Description=Resistor
Change Component Description : Designator=R6_cdh7 Old Description=Resis New Description=Resistor
Change Component Description : Designator=R6_cdh8 Old Description=Resis New Description=Resistor
Change Component Description : Designator=R12_cdh1 Old Description=Resis New Description=Resistor
Change Component Description : Designator=R12_cdh2 Old Description=Resis New Description=Resistor
Change Component Description : Designator=R12_cdh3 Old Description=Resis New Description=Resistor
Change Component Description : Designator=R12_cdh4 Old Description=Resis New Description=Resistor
Change Component Description : Designator=R12_cdh5 Old Description=Resis New Description=Resistor
Change Component Description : Designator=R12_cdh6 Old Description=Resis New Description=Resistor
Change Component Description : Designator=R12_cdh7 Old Description=Resis New Description=Resistor
Change Component Description : Designator=R12_cdh8 Old Description=Resis New Description=Resistor
Change Component Description : Designator=R13_cdh1 Old Description=Resis New Description=Resistor
Change Component Description : Designator=R13_cdh2 Old Description=Resis New Description=Resistor
Change Component Description : Designator=R13_cdh3 Old Description=Resis New Description=Resistor
Change Component Description : Designator=R13_cdh4 Old Description=Resis New Description=Resistor
Change Component Description : Designator=R13_cdh5 Old Description=Resis New Description=Resistor
Change Component Description : Designator=R13_cdh6 Old Description=Resis New Description=Resistor
Change Component Description : Designator=R13_cdh7 Old Description=Resis New Description=Resistor
Change Component Description : Designator=R13_cdh8 Old Description=Resis New Description=Resistor
Change Component Description : Designator=R14_cdh1 Old Description=Resis New Description=Resistor
Change Component Description : Designator=R14_cdh2 Old Description=Resis New Description=Resistor
Change Component Description : Designator=R14_cdh3 Old Description=Resis New Description=Resistor
Change Component Description : Designator=R14_cdh4 Old Description=Resis New Description=Resistor
Change Component Description : Designator=R14_cdh5 Old Description=Resis New Description=Resistor
Change Component Description : Designator=R14_cdh6 Old Description=Resis New Description=Resistor
Change Component Description : Designator=R14_cdh7 Old Description=Resis New Description=Resistor
Change Component Description : Designator=R14_cdh8 Old Description=Resis New Description=Resistor
Change Component Description : Designator=R16_cdh1 Old Description=Resis New Description=Resistor
Change Component Description : Designator=R16_cdh2 Old Description=Resis New Description=Resistor
Change Component Description : Designator=R16_cdh3 Old Description=Resis New Description=Resistor
Change Component Description : Designator=R16_cdh4 Old Description=Resis New Description=Resistor
Change Component Description : Designator=R16_cdh5 Old Description=Resis New Description=Resistor
Change Component Description : Designator=R16_cdh6 Old Description=Resis New Description=Resistor
Change Component Description : Designator=R16_cdh7 Old Description=Resis New Description=Resistor
Change Component Description : Designator=R16_cdh8 Old Description=Resis New Description=Resistor
Change Component Description : Designator=R18_cdh1 Old Description=Resis New Description=Resistor
Change Component Description : Designator=R18_cdh2 Old Description=Resis New Description=Resistor
Change Component Description : Designator=R18_cdh3 Old Description=Resis New Description=Resistor
Change Component Description : Designator=R18_cdh4 Old Description=Resis New Description=Resistor
Change Component Description : Designator=R18_cdh5 Old Description=Resis New Description=Resistor
Change Component Description : Designator=R18_cdh6 Old Description=Resis New Description=Resistor
Change Component Description : Designator=R18_cdh7 Old Description=Resis New Description=Resistor
Change Component Description : Designator=R18_cdh8 Old Description=Resis New Description=Resistor
Change Component Description : Designator=R20_cdh1 Old Description=Resis New Description=Resistor
Change Component Description : Designator=R20_cdh2 Old Description=Resis New Description=Resistor
Change Component Description : Designator=R20_cdh3 Old Description=Resis New Description=Resistor
Change Component Description : Designator=R20_cdh4 Old Description=Resis New Description=Resistor
Change Component Description : Designator=R20_cdh5 Old Description=Resis New Description=Resistor
Change Component Description : Designator=R20_cdh6 Old Description=Resis New Description=Resistor
Change Component Description : Designator=R20_cdh7 Old Description=Resis New Description=Resistor
Change Component Description : Designator=R20_cdh8 Old Description=Resis New Description=Resistor
Change Component Description : Designator=R22_cdh1 Old Description=Resis New Description=Resistor
Change Component Description : Designator=R22_cdh2 Old Description=Resis New Description=Resistor
Change Component Description : Designator=R22_cdh3 Old Description=Resis New Description=Resistor
Change Component Description : Designator=R22_cdh4 Old Description=Resis New Description=Resistor
Change Component Description : Designator=R22_cdh5 Old Description=Resis New Description=Resistor
Change Component Description : Designator=R22_cdh6 Old Description=Resis New Description=Resistor
Change Component Description : Designator=R22_cdh7 Old Description=Resis New Description=Resistor
Change Component Description : Designator=R22_cdh8 Old Description=Resis New Description=Resistor
Change Component Description : Designator=R24_cdh1 Old Description=Resis New Description=Resistor
Change Component Description : Designator=R24_cdh2 Old Description=Resis New Description=Resistor
Change Component Description : Designator=R24_cdh3 Old Description=Resis New Description=Resistor
Change Component Description : Designator=R24_cdh4 Old Description=Resis New Description=Resistor
Change Component Description : Designator=R24_cdh5 Old Description=Resis New Description=Resistor
Change Component Description : Designator=R24_cdh6 Old Description=Resis New Description=Resistor
Change Component Description : Designator=R24_cdh7 Old Description=Resis New Description=Resistor
Change Component Description : Designator=R24_cdh8 Old Description=Resis New Description=Resistor
Change Component Description : Designator=R26_cdh1 Old Description=Resis New Description=Resistor
Change Component Description : Designator=R26_cdh2 Old Description=Resis New Description=Resistor
Change Component Description : Designator=R26_cdh3 Old Description=Resis New Description=Resistor
Change Component Description : Designator=R26_cdh4 Old Description=Resis New Description=Resistor
Change Component Description : Designator=R26_cdh5 Old Description=Resis New Description=Resistor
Change Component Description : Designator=R26_cdh6 Old Description=Resis New Description=Resistor
Change Component Description : Designator=R26_cdh7 Old Description=Resis New Description=Resistor
Change Component Description : Designator=R26_cdh8 Old Description=Resis New Description=Resistor
Change Component Description : Designator=D2_cdh1 Old Description=Typical INFRARED GaAs New Description=Typical INFRARED GaAs LED
Change Component Description : Designator=D2_cdh2 Old Description=Typical INFRARED GaAs New Description=Typical INFRARED GaAs LED
Change Component Description : Designator=D2_cdh3 Old Description=Typical INFRARED GaAs New Description=Typical INFRARED GaAs LED
Change Component Description : Designator=D2_cdh4 Old Description=Typical INFRARED GaAs New Description=Typical INFRARED GaAs LED
Change Component Description : Designator=D2_cdh5 Old Description=Typical INFRARED GaAs New Description=Typical INFRARED GaAs LED
Change Component Description : Designator=D2_cdh6 Old Description=Typical INFRARED GaAs New Description=Typical INFRARED GaAs LED
Change Component Description : Designator=D2_cdh7 Old Description=Typical INFRARED GaAs New Description=Typical INFRARED GaAs LED
Change Component Description : Designator=D2_cdh8 Old Description=Typical INFRARED GaAs New Description=Typical INFRARED GaAs LED
Change Component Library : Designator=C18 Old Library=Explorer STM32F407封装? New Library=Explorer STM32F407封装库.IntLib
Change Component Library : Designator=C19 Old Library=Explorer STM32F407封装? New Library=Explorer STM32F407封装库.IntLib
Change Component Library : Designator=R105 Old Library=Explorer STM32F407封装? New Library=Explorer STM32F407封装库.IntLib
Added Component: Designator=C14(0603)
Added Component: Designator=D10(LC-0805_LED_S1)
Added Component: Designator=R106(0603)
Added Pin To Net: NetName=VCC3.3 Pin=C14-1
Added Pin To Net: NetName=GND Pin=C14-2
Added Pin To Net: NetName=GND Pin=D10-K
Added Pin To Net: NetName=VCC3.3 Pin=R106-1
Added Pin To Net: NetName=NetD10_A Pin=D10-A
Added Pin To Net: NetName=NetD10_A Pin=R106-2
Added Net: Name=NetD10_A
Added Member To Class: ClassName=总图 Member=Component C14 Cap
Added Member To Class: ClassName=总图 Member=Component D10 LED0
Added Member To Class: ClassName=总图 Member=Component R106 1k
