Removed Pin From Net: NetName=H1_IN1_cdh1 Pin=U5_cdh1-1
Removed Pin From Net: NetName=H1_OUT2_cdh1 Pin=U5_cdh1-2
Removed Pin From Net: NetName=H1_IN3_cdh1 Pin=U5_cdh1-3
Removed Pin From Net: NetName=H1_OUT4_cdh1 Pin=U5_cdh1-4
Removed Pin From Net: NetName=H1_IN1_cdh2 Pin=U5_cdh2-1
Removed Pin From Net: NetName=H1_OUT2_cdh2 Pin=U5_cdh2-2
Removed Pin From Net: NetName=H1_IN3_cdh2 Pin=U5_cdh2-3
Removed Pin From Net: NetName=H1_OUT4_cdh2 Pin=U5_cdh2-4
Removed Pin From Net: NetName=H1_IN1_cdh3 Pin=U5_cdh3-1
Removed Pin From Net: NetName=H1_OUT2_cdh3 Pin=U5_cdh3-2
Removed Pin From Net: NetName=H1_IN3_cdh3 Pin=U5_cdh3-3
Removed Pin From Net: NetName=H1_OUT4_cdh3 Pin=U5_cdh3-4
Removed Pin From Net: NetName=H1_IN1_cdh4 Pin=U5_cdh4-1
Removed Pin From Net: NetName=H1_OUT2_cdh4 Pin=U5_cdh4-2
Removed Pin From Net: NetName=H1_IN3_cdh4 Pin=U5_cdh4-3
Removed Pin From Net: NetName=H1_OUT4_cdh4 Pin=U5_cdh4-4
Removed Pin From Net: NetName=H1_IN1_cdh5 Pin=U5_cdh5-1
Removed Pin From Net: NetName=H1_OUT2_cdh5 Pin=U5_cdh5-2
Removed Pin From Net: NetName=H1_IN3_cdh5 Pin=U5_cdh5-3
Removed Pin From Net: NetName=H1_OUT4_cdh5 Pin=U5_cdh5-4
Removed Pin From Net: NetName=H1_IN1_cdh6 Pin=U5_cdh6-1
Removed Pin From Net: NetName=H1_OUT2_cdh6 Pin=U5_cdh6-2
Removed Pin From Net: NetName=H1_IN3_cdh6 Pin=U5_cdh6-3
Removed Pin From Net: NetName=H1_OUT4_cdh6 Pin=U5_cdh6-4
Removed Pin From Net: NetName=H1_IN1_cdh7 Pin=U5_cdh7-1
Removed Pin From Net: NetName=H1_OUT2_cdh7 Pin=U5_cdh7-2
Removed Pin From Net: NetName=H1_IN3_cdh7 Pin=U5_cdh7-3
Removed Pin From Net: NetName=H1_OUT4_cdh7 Pin=U5_cdh7-4
Removed Pin From Net: NetName=H1_IN1_cdh8 Pin=U5_cdh8-1
Removed Pin From Net: NetName=H1_OUT2_cdh8 Pin=U5_cdh8-2
Removed Pin From Net: NetName=H1_IN3_cdh8 Pin=U5_cdh8-3
Removed Pin From Net: NetName=H1_OUT4_cdh8 Pin=U5_cdh8-4
Added Component: Designator=C14(0603)
Added Pin To Net: NetName=VCC3.3 Pin=C14-1
Added Pin To Net: NetName=GND Pin=C14-2
Added Pin To Net: NetName=H1_OUT4_cdh1 Pin=U5_cdh1-1
Added Pin To Net: NetName=H1_IN3_cdh1 Pin=U5_cdh1-2
Added Pin To Net: NetName=H1_OUT2_cdh1 Pin=U5_cdh1-3
Added Pin To Net: NetName=H1_IN1_cdh1 Pin=U5_cdh1-4
Added Pin To Net: NetName=H1_OUT4_cdh2 Pin=U5_cdh2-1
Added Pin To Net: NetName=H1_IN3_cdh2 Pin=U5_cdh2-2
Added Pin To Net: NetName=H1_OUT2_cdh2 Pin=U5_cdh2-3
Added Pin To Net: NetName=H1_IN1_cdh2 Pin=U5_cdh2-4
Added Pin To Net: NetName=H1_OUT4_cdh3 Pin=U5_cdh3-1
Added Pin To Net: NetName=H1_IN3_cdh3 Pin=U5_cdh3-2
Added Pin To Net: NetName=H1_OUT2_cdh3 Pin=U5_cdh3-3
Added Pin To Net: NetName=H1_IN1_cdh3 Pin=U5_cdh3-4
Added Pin To Net: NetName=H1_OUT4_cdh4 Pin=U5_cdh4-1
Added Pin To Net: NetName=H1_IN3_cdh4 Pin=U5_cdh4-2
Added Pin To Net: NetName=H1_OUT2_cdh4 Pin=U5_cdh4-3
Added Pin To Net: NetName=H1_IN1_cdh4 Pin=U5_cdh4-4
Added Pin To Net: NetName=H1_OUT4_cdh5 Pin=U5_cdh5-1
Added Pin To Net: NetName=H1_IN3_cdh5 Pin=U5_cdh5-2
Added Pin To Net: NetName=H1_OUT2_cdh5 Pin=U5_cdh5-3
Added Pin To Net: NetName=H1_IN1_cdh5 Pin=U5_cdh5-4
Added Pin To Net: NetName=H1_OUT4_cdh6 Pin=U5_cdh6-1
Added Pin To Net: NetName=H1_IN3_cdh6 Pin=U5_cdh6-2
Added Pin To Net: NetName=H1_OUT2_cdh6 Pin=U5_cdh6-3
Added Pin To Net: NetName=H1_IN1_cdh6 Pin=U5_cdh6-4
Added Pin To Net: NetName=H1_OUT4_cdh7 Pin=U5_cdh7-1
Added Pin To Net: NetName=H1_IN3_cdh7 Pin=U5_cdh7-2
Added Pin To Net: NetName=H1_OUT2_cdh7 Pin=U5_cdh7-3
Added Pin To Net: NetName=H1_IN1_cdh7 Pin=U5_cdh7-4
Added Pin To Net: NetName=H1_OUT4_cdh8 Pin=U5_cdh8-1
Added Pin To Net: NetName=H1_IN3_cdh8 Pin=U5_cdh8-2
Added Pin To Net: NetName=H1_OUT2_cdh8 Pin=U5_cdh8-3
Added Pin To Net: NetName=H1_IN1_cdh8 Pin=U5_cdh8-4
Added Member To Class: ClassName=змЭМ Member=Component C14 Cap
