Removed Pin From Net: NetName=VCC24 Pin=D?-1
Removed Pin From Net: NetName=VCC8 Pin=R?-2
Change Component Designator: OldDesignator=C? NewDesignator=C21
Change Component Designator: OldDesignator=C? NewDesignator=C22
Change Component Designator: OldDesignator=C? NewDesignator=C23
Change Component Designator: OldDesignator=C? NewDesignator=C24
Change Component Designator: OldDesignator=D? NewDesignator=D11
Change Component Designator: OldDesignator=D? NewDesignator=D12
Change Component Designator: OldDesignator=L? NewDesignator=L1
Change Component Designator: OldDesignator=R? NewDesignator=R107
Change Component Designator: OldDesignator=R? NewDesignator=R108
Change Component Designator: OldDesignator=R? NewDesignator=R109
Change Component Designator: OldDesignator=R? NewDesignator=R110
Change Component Designator: OldDesignator=R? NewDesignator=R111
Change Component Designator: OldDesignator=R? NewDesignator=R112
Change Component Designator: OldDesignator=U? NewDesignator=U28
Added Pin To Net: NetName=GND Pin=C22-1
Added Pin To Net: NetName=VCC8 Pin=C22-2
Added Pin To Net: NetName=GND Pin=C23-2
Added Pin To Net: NetName=VCC24 Pin=D11-1
Added Pin To Net: NetName=GND Pin=D12-2
Added Pin To Net: NetName=VCC8 Pin=R108-2
Added Pin To Net: NetName=GND Pin=R109-2
Added Pin To Net: NetName=GND Pin=R110-2
Added Pin To Net: NetName=GND Pin=R111-2
Added Pin To Net: NetName=GND Pin=R112-2
Added Pin To Net: NetName=NetC21_1 Pin=C21-1
Added Pin To Net: NetName=NetC21_1 Pin=D12-1
Added Pin To Net: NetName=NetC21_1 Pin=L1-1
Added Pin To Net: NetName=NetC21_1 Pin=U28-1
Added Net: Name=NetC21_1
Added Pin To Net: NetName=NetC21_2 Pin=C21-2
Added Pin To Net: NetName=NetC21_2 Pin=U28-8
Added Net: Name=NetC21_2
Added Pin To Net: NetName=NetC23_1 Pin=C23-1
Added Pin To Net: NetName=NetC23_1 Pin=F3-2
Added Pin To Net: NetName=NetC23_1 Pin=R107-1
Added Pin To Net: NetName=NetC23_1 Pin=U28-7
Added Net: Name=NetC23_1
Added Pin To Net: NetName=NetC24_1 Pin=C24-1
Added Pin To Net: NetName=NetC24_1 Pin=R112-1
Added Net: Name=NetC24_1
Added Pin To Net: NetName=NetC24_2 Pin=C24-2
Added Pin To Net: NetName=NetC24_2 Pin=U28-3
Added Net: Name=NetC24_2
Added Pin To Net: NetName=NetD11_2 Pin=D11-2
Added Pin To Net: NetName=NetD11_2 Pin=F3-1
Added Net: Name=NetD11_2
Added Pin To Net: NetName=NetR107_2 Pin=R107-2
Added Pin To Net: NetName=NetR107_2 Pin=R109-1
Added Pin To Net: NetName=NetR107_2 Pin=U28-2
Added Net: Name=NetR107_2
Added Pin To Net: NetName=NetR108_1 Pin=R108-1
Added Pin To Net: NetName=NetR108_1 Pin=R110-1
Added Pin To Net: NetName=NetR108_1 Pin=U28-4
Added Net: Name=NetR108_1
Added Pin To Net: NetName=NetR111_1 Pin=R111-1
Added Pin To Net: NetName=NetR111_1 Pin=U28-6
Added Net: Name=NetR111_1
Added Member To Class: ClassName=总图 Member=Component C21 0.1uF
Added Member To Class: ClassName=总图 Member=Component C22 0.1uF
Added Member To Class: ClassName=总图 Member=Component C24 0.1uF
Added Member To Class: ClassName=总图 Member=Component D12 SS34
Added Member To Class: ClassName=总图 Member=Component R107 100K
Added Member To Class: ClassName=总图 Member=Component R108 365K
Added Member To Class: ClassName=总图 Member=Component R110 40.2K
Added Member To Class: ClassName=总图 Member=Component R111 200K
Added Member To Class: ClassName=总图 Member=Component R112 100K
