Added Component: Designator=C2_cdh1(C0805)
Added Component: Designator=C2_cdh2(C0805)
Added Component: Designator=C2_cdh3(C0805)
Added Component: Designator=C2_cdh4(C0805)
Added Component: Designator=C2_cdh5(C0805)
Added Component: Designator=C2_cdh6(C0805)
Added Component: Designator=C2_cdh7(C0805)
Added Component: Designator=C2_cdh8(C0805)
Added Component: Designator=C3(CAP-6*12)
Added Component: Designator=C4(CAP-6*12)
Added Component: Designator=C5(C0805)
Added Component: Designator=D2_cdh1(LED1)
Added Component: Designator=D2_cdh2(LED1)
Added Component: Designator=D2_cdh3(LED1)
Added Component: Designator=D2_cdh4(LED1)
Added Component: Designator=D2_cdh5(LED1)
Added Component: Designator=D2_cdh6(LED1)
Added Component: Designator=D2_cdh7(LED1)
Added Component: Designator=D2_cdh8(LED1)
Added Component: Designator=D3(DIDOE)
Added Component: Designator=F2_cdh1(1206)
Added Component: Designator=F2_cdh2(1206)
Added Component: Designator=F2_cdh3(1206)
Added Component: Designator=F2_cdh4(1206)
Added Component: Designator=F2_cdh5(1206)
Added Component: Designator=F2_cdh6(1206)
Added Component: Designator=F2_cdh7(1206)
Added Component: Designator=F2_cdh8(1206)
Added Component: Designator=F3(1206)
Added Component: Designator=P1(HDR2X5)
Added Component: Designator=Q2_cdh1(SOT-23)
Added Component: Designator=Q2_cdh2(SOT-23)
Added Component: Designator=Q2_cdh3(SOT-23)
Added Component: Designator=Q2_cdh4(SOT-23)
Added Component: Designator=Q2_cdh5(SOT-23)
Added Component: Designator=Q2_cdh6(SOT-23)
Added Component: Designator=Q2_cdh7(SOT-23)
Added Component: Designator=Q2_cdh8(SOT-23)
Added Component: Designator=R3_cdh1(0805)
Added Component: Designator=R3_cdh2(0805)
Added Component: Designator=R3_cdh3(0805)
Added Component: Designator=R3_cdh4(0805)
Added Component: Designator=R3_cdh5(0805)
Added Component: Designator=R3_cdh6(0805)
Added Component: Designator=R3_cdh7(0805)
Added Component: Designator=R3_cdh8(0805)
Added Component: Designator=R4_cdh1(0805)
Added Component: Designator=R4_cdh2(0805)
Added Component: Designator=R4_cdh3(0805)
Added Component: Designator=R4_cdh4(0805)
Added Component: Designator=R4_cdh5(0805)
Added Component: Designator=R4_cdh6(0805)
Added Component: Designator=R4_cdh7(0805)
Added Component: Designator=R4_cdh8(0805)
Added Component: Designator=R6_cdh1(0805)
Added Component: Designator=R6_cdh2(0805)
Added Component: Designator=R6_cdh3(0805)
Added Component: Designator=R6_cdh4(0805)
Added Component: Designator=R6_cdh5(0805)
Added Component: Designator=R6_cdh6(0805)
Added Component: Designator=R6_cdh7(0805)
Added Component: Designator=R6_cdh8(0805)
Added Component: Designator=R8_cdh1(3224W)
Added Component: Designator=R8_cdh2(3224W)
Added Component: Designator=R8_cdh3(3224W)
Added Component: Designator=R8_cdh4(3224W)
Added Component: Designator=R8_cdh5(3224W)
Added Component: Designator=R8_cdh6(3224W)
Added Component: Designator=R8_cdh7(3224W)
Added Component: Designator=R8_cdh8(3224W)
Added Component: Designator=R12_cdh1(0805)
Added Component: Designator=R12_cdh2(0805)
Added Component: Designator=R12_cdh3(0805)
Added Component: Designator=R12_cdh4(0805)
Added Component: Designator=R12_cdh5(0805)
Added Component: Designator=R12_cdh6(0805)
Added Component: Designator=R12_cdh7(0805)
Added Component: Designator=R12_cdh8(0805)
Added Component: Designator=R13_cdh1(0805)
Added Component: Designator=R13_cdh2(0805)
Added Component: Designator=R13_cdh3(0805)
Added Component: Designator=R13_cdh4(0805)
Added Component: Designator=R13_cdh5(0805)
Added Component: Designator=R13_cdh6(0805)
Added Component: Designator=R13_cdh7(0805)
Added Component: Designator=R13_cdh8(0805)
Added Component: Designator=R14_cdh1(0805)
Added Component: Designator=R14_cdh2(0805)
Added Component: Designator=R14_cdh3(0805)
Added Component: Designator=R14_cdh4(0805)
Added Component: Designator=R14_cdh5(0805)
Added Component: Designator=R14_cdh6(0805)
Added Component: Designator=R14_cdh7(0805)
Added Component: Designator=R14_cdh8(0805)
Added Component: Designator=R16_cdh1(0805)
Added Component: Designator=R16_cdh2(0805)
Added Component: Designator=R16_cdh3(0805)
Added Component: Designator=R16_cdh4(0805)
Added Component: Designator=R16_cdh5(0805)
Added Component: Designator=R16_cdh6(0805)
Added Component: Designator=R16_cdh7(0805)
Added Component: Designator=R16_cdh8(0805)
Added Component: Designator=R18_cdh1(0805)
Added Component: Designator=R18_cdh2(0805)
Added Component: Designator=R18_cdh3(0805)
Added Component: Designator=R18_cdh4(0805)
Added Component: Designator=R18_cdh5(0805)
Added Component: Designator=R18_cdh6(0805)
Added Component: Designator=R18_cdh7(0805)
Added Component: Designator=R18_cdh8(0805)
Added Component: Designator=R20_cdh1(0805)
Added Component: Designator=R20_cdh2(0805)
Added Component: Designator=R20_cdh3(0805)
Added Component: Designator=R20_cdh4(0805)
Added Component: Designator=R20_cdh5(0805)
Added Component: Designator=R20_cdh6(0805)
Added Component: Designator=R20_cdh7(0805)
Added Component: Designator=R20_cdh8(0805)
Added Component: Designator=R22_cdh1(0805)
Added Component: Designator=R22_cdh2(0805)
Added Component: Designator=R22_cdh3(0805)
Added Component: Designator=R22_cdh4(0805)
Added Component: Designator=R22_cdh5(0805)
Added Component: Designator=R22_cdh6(0805)
Added Component: Designator=R22_cdh7(0805)
Added Component: Designator=R22_cdh8(0805)
Added Component: Designator=R24_cdh1(0805)
Added Component: Designator=R24_cdh2(0805)
Added Component: Designator=R24_cdh3(0805)
Added Component: Designator=R24_cdh4(0805)
Added Component: Designator=R24_cdh5(0805)
Added Component: Designator=R24_cdh6(0805)
Added Component: Designator=R24_cdh7(0805)
Added Component: Designator=R24_cdh8(0805)
Added Component: Designator=R26_cdh1(0805)
Added Component: Designator=R26_cdh2(0805)
Added Component: Designator=R26_cdh3(0805)
Added Component: Designator=R26_cdh4(0805)
Added Component: Designator=R26_cdh5(0805)
Added Component: Designator=R26_cdh6(0805)
Added Component: Designator=R26_cdh7(0805)
Added Component: Designator=R26_cdh8(0805)
Added Component: Designator=U1(TO-220)
Added Component: Designator=U3_cdh1(SO-8)
Added Component: Designator=U3_cdh2(SO-8)
Added Component: Designator=U3_cdh3(SO-8)
Added Component: Designator=U3_cdh4(SO-8)
Added Component: Designator=U3_cdh5(SO-8)
Added Component: Designator=U3_cdh6(SO-8)
Added Component: Designator=U3_cdh7(SO-8)
Added Component: Designator=U3_cdh8(SO-8)
Added Component: Designator=U5_cdh1(SOT-23-4)
Added Component: Designator=U5_cdh2(SOT-23-4)
Added Component: Designator=U5_cdh3(SOT-23-4)
Added Component: Designator=U5_cdh4(SOT-23-4)
Added Component: Designator=U5_cdh5(SOT-23-4)
Added Component: Designator=U5_cdh6(SOT-23-4)
Added Component: Designator=U5_cdh7(SOT-23-4)
Added Component: Designator=U5_cdh8(SOT-23-4)
Added Component: Designator=U19_cdh1(TSSOP14)
Added Component: Designator=U19_cdh2(TSSOP14)
Added Component: Designator=U19_cdh3(TSSOP14)
Added Component: Designator=U19_cdh4(TSSOP14)
Added Component: Designator=U19_cdh5(TSSOP14)
Added Component: Designator=U19_cdh6(TSSOP14)
Added Component: Designator=U19_cdh7(TSSOP14)
Added Component: Designator=U19_cdh8(TSSOP14)
Added Pin To Net: NetName=GND Pin=C2_cdh1-1
Added Pin To Net: NetName=VCC8 Pin=C2_cdh1-2
Added Pin To Net: NetName=GND Pin=C2_cdh2-1
Added Pin To Net: NetName=VCC8 Pin=C2_cdh2-2
Added Pin To Net: NetName=GND Pin=C2_cdh3-1
Added Pin To Net: NetName=VCC8 Pin=C2_cdh3-2
Added Pin To Net: NetName=GND Pin=C2_cdh4-1
Added Pin To Net: NetName=VCC8 Pin=C2_cdh4-2
Added Pin To Net: NetName=GND Pin=C2_cdh5-1
Added Pin To Net: NetName=VCC8 Pin=C2_cdh5-2
Added Pin To Net: NetName=GND Pin=C2_cdh6-1
Added Pin To Net: NetName=VCC8 Pin=C2_cdh6-2
Added Pin To Net: NetName=GND Pin=C2_cdh7-1
Added Pin To Net: NetName=VCC8 Pin=C2_cdh7-2
Added Pin To Net: NetName=GND Pin=C2_cdh8-1
Added Pin To Net: NetName=VCC8 Pin=C2_cdh8-2
Added Pin To Net: NetName=NetC3_1 Pin=C3-1
Added Pin To Net: NetName=GND Pin=C3-2
Added Pin To Net: NetName=VCC8 Pin=C4-1
Added Pin To Net: NetName=GND Pin=C4-2
Added Pin To Net: NetName=GND Pin=C5-1
Added Pin To Net: NetName=VCC8 Pin=C5-2
Added Pin To Net: NetName=VCC24 Pin=D3-1
Added Pin To Net: NetName=NetD3_2 Pin=D3-2
Added Pin To Net: NetName=NetD3_2 Pin=F3-1
Added Pin To Net: NetName=NetC3_1 Pin=F3-2
Added Pin To Net: NetName=CDH1 Pin=P1-1
Added Pin To Net: NetName=CDH2 Pin=P1-2
Added Pin To Net: NetName=CDH3 Pin=P1-3
Added Pin To Net: NetName=CDH4 Pin=P1-4
Added Pin To Net: NetName=CDH5 Pin=P1-5
Added Pin To Net: NetName=CDH6 Pin=P1-6
Added Pin To Net: NetName=CDH7 Pin=P1-7
Added Pin To Net: NetName=CDH8 Pin=P1-8
Added Pin To Net: NetName=GND Pin=P1-9
Added Pin To Net: NetName=VCC24 Pin=P1-10
Added Pin To Net: NetName=GND Pin=Q2_cdh1-3
Added Pin To Net: NetName=GND Pin=Q2_cdh2-3
Added Pin To Net: NetName=GND Pin=Q2_cdh3-3
Added Pin To Net: NetName=GND Pin=Q2_cdh4-3
Added Pin To Net: NetName=GND Pin=Q2_cdh5-3
Added Pin To Net: NetName=GND Pin=Q2_cdh6-3
Added Pin To Net: NetName=GND Pin=Q2_cdh7-3
Added Pin To Net: NetName=GND Pin=Q2_cdh8-3
Added Pin To Net: NetName=GND Pin=R20_cdh1-2
Added Pin To Net: NetName=GND Pin=R20_cdh2-2
Added Pin To Net: NetName=GND Pin=R20_cdh3-2
Added Pin To Net: NetName=GND Pin=R20_cdh4-2
Added Pin To Net: NetName=GND Pin=R20_cdh5-2
Added Pin To Net: NetName=GND Pin=R20_cdh6-2
Added Pin To Net: NetName=GND Pin=R20_cdh7-2
Added Pin To Net: NetName=GND Pin=R20_cdh8-2
Added Pin To Net: NetName=VCC8 Pin=R24_cdh1-2
Added Pin To Net: NetName=VCC8 Pin=R24_cdh2-2
Added Pin To Net: NetName=VCC8 Pin=R24_cdh3-2
Added Pin To Net: NetName=VCC8 Pin=R24_cdh4-2
Added Pin To Net: NetName=VCC8 Pin=R24_cdh5-2
Added Pin To Net: NetName=VCC8 Pin=R24_cdh6-2
Added Pin To Net: NetName=VCC8 Pin=R24_cdh7-2
Added Pin To Net: NetName=VCC8 Pin=R24_cdh8-2
Added Pin To Net: NetName=GND Pin=R26_cdh1-1
Added Pin To Net: NetName=GND Pin=R26_cdh2-1
Added Pin To Net: NetName=GND Pin=R26_cdh3-1
Added Pin To Net: NetName=GND Pin=R26_cdh4-1
Added Pin To Net: NetName=GND Pin=R26_cdh5-1
Added Pin To Net: NetName=GND Pin=R26_cdh6-1
Added Pin To Net: NetName=GND Pin=R26_cdh7-1
Added Pin To Net: NetName=GND Pin=R26_cdh8-1
Added Pin To Net: NetName=NetC3_1 Pin=U1-1
Added Pin To Net: NetName=GND Pin=U1-2
Added Pin To Net: NetName=VCC8 Pin=U1-3
Added Pin To Net: NetName=VCC8 Pin=U3_cdh1-1
Added Pin To Net: NetName=VCC8 Pin=U3_cdh2-1
Added Pin To Net: NetName=VCC8 Pin=U3_cdh3-1
Added Pin To Net: NetName=VCC8 Pin=U3_cdh4-1
Added Pin To Net: NetName=VCC8 Pin=U3_cdh5-1
Added Pin To Net: NetName=VCC8 Pin=U3_cdh6-1
Added Pin To Net: NetName=VCC8 Pin=U3_cdh7-1
Added Pin To Net: NetName=VCC8 Pin=U3_cdh8-1
Added Pin To Net: NetName=VCC8 Pin=U19_cdh1-4
Added Pin To Net: NetName=GND Pin=U19_cdh1-11
Added Pin To Net: NetName=VCC8 Pin=U19_cdh2-4
Added Pin To Net: NetName=GND Pin=U19_cdh2-11
Added Pin To Net: NetName=VCC8 Pin=U19_cdh3-4
Added Pin To Net: NetName=GND Pin=U19_cdh3-11
Added Pin To Net: NetName=VCC8 Pin=U19_cdh4-4
Added Pin To Net: NetName=GND Pin=U19_cdh4-11
Added Pin To Net: NetName=VCC8 Pin=U19_cdh5-4
Added Pin To Net: NetName=GND Pin=U19_cdh5-11
Added Pin To Net: NetName=VCC8 Pin=U19_cdh6-4
Added Pin To Net: NetName=GND Pin=U19_cdh6-11
Added Pin To Net: NetName=VCC8 Pin=U19_cdh7-4
Added Pin To Net: NetName=GND Pin=U19_cdh7-11
Added Pin To Net: NetName=VCC8 Pin=U19_cdh8-4
Added Pin To Net: NetName=GND Pin=U19_cdh8-11
Added Pin To Net: NetName=CDH_cdh1 Pin=F2_cdh1-2
Added Net: Name=CDH_cdh1
Added Pin To Net: NetName=CDH_cdh2 Pin=F2_cdh2-2
Added Net: Name=CDH_cdh2
Added Pin To Net: NetName=CDH_cdh3 Pin=F2_cdh3-2
Added Net: Name=CDH_cdh3
Added Pin To Net: NetName=CDH_cdh4 Pin=F2_cdh4-2
Added Net: Name=CDH_cdh4
Added Pin To Net: NetName=CDH_cdh5 Pin=F2_cdh5-2
Added Net: Name=CDH_cdh5
Added Pin To Net: NetName=CDH_cdh6 Pin=F2_cdh6-2
Added Net: Name=CDH_cdh6
Added Pin To Net: NetName=CDH_cdh7 Pin=F2_cdh7-2
Added Net: Name=CDH_cdh7
Added Pin To Net: NetName=CDH_cdh8 Pin=F2_cdh8-2
Added Net: Name=CDH_cdh8
Added Pin To Net: NetName=H1_IN1_cdh1 Pin=U5_cdh1-1
Added Net: Name=H1_IN1_cdh1
Added Pin To Net: NetName=H1_IN1_cdh2 Pin=U5_cdh2-1
Added Net: Name=H1_IN1_cdh2
Added Pin To Net: NetName=H1_IN1_cdh3 Pin=U5_cdh3-1
Added Net: Name=H1_IN1_cdh3
Added Pin To Net: NetName=H1_IN1_cdh4 Pin=U5_cdh4-1
Added Net: Name=H1_IN1_cdh4
Added Pin To Net: NetName=H1_IN1_cdh5 Pin=U5_cdh5-1
Added Net: Name=H1_IN1_cdh5
Added Pin To Net: NetName=H1_IN1_cdh6 Pin=U5_cdh6-1
Added Net: Name=H1_IN1_cdh6
Added Pin To Net: NetName=H1_IN1_cdh7 Pin=U5_cdh7-1
Added Net: Name=H1_IN1_cdh7
Added Pin To Net: NetName=H1_IN1_cdh8 Pin=U5_cdh8-1
Added Net: Name=H1_IN1_cdh8
Added Pin To Net: NetName=H1_IN3_cdh1 Pin=U5_cdh1-3
Added Pin To Net: NetName=H1_IN3_cdh1 Pin=U19_cdh1-3
Added Net: Name=H1_IN3_cdh1
Added Pin To Net: NetName=H1_IN3_cdh2 Pin=U5_cdh2-3
Added Pin To Net: NetName=H1_IN3_cdh2 Pin=U19_cdh2-3
Added Net: Name=H1_IN3_cdh2
Added Pin To Net: NetName=H1_IN3_cdh3 Pin=U5_cdh3-3
Added Pin To Net: NetName=H1_IN3_cdh3 Pin=U19_cdh3-3
Added Net: Name=H1_IN3_cdh3
Added Pin To Net: NetName=H1_IN3_cdh4 Pin=U5_cdh4-3
Added Pin To Net: NetName=H1_IN3_cdh4 Pin=U19_cdh4-3
Added Net: Name=H1_IN3_cdh4
Added Pin To Net: NetName=H1_IN3_cdh5 Pin=U5_cdh5-3
Added Pin To Net: NetName=H1_IN3_cdh5 Pin=U19_cdh5-3
Added Net: Name=H1_IN3_cdh5
Added Pin To Net: NetName=H1_IN3_cdh6 Pin=U5_cdh6-3
Added Pin To Net: NetName=H1_IN3_cdh6 Pin=U19_cdh6-3
Added Net: Name=H1_IN3_cdh6
Added Pin To Net: NetName=H1_IN3_cdh7 Pin=U5_cdh7-3
Added Pin To Net: NetName=H1_IN3_cdh7 Pin=U19_cdh7-3
Added Net: Name=H1_IN3_cdh7
Added Pin To Net: NetName=H1_IN3_cdh8 Pin=U5_cdh8-3
Added Pin To Net: NetName=H1_IN3_cdh8 Pin=U19_cdh8-3
Added Net: Name=H1_IN3_cdh8
Added Pin To Net: NetName=H1_OUT2_cdh1 Pin=R18_cdh1-1
Added Pin To Net: NetName=H1_OUT2_cdh1 Pin=U3_cdh1-4
Added Pin To Net: NetName=H1_OUT2_cdh1 Pin=U5_cdh1-2
Added Pin To Net: NetName=H1_OUT2_cdh1 Pin=U19_cdh1-7
Added Net: Name=H1_OUT2_cdh1
Added Pin To Net: NetName=H1_OUT2_cdh2 Pin=R18_cdh2-1
Added Pin To Net: NetName=H1_OUT2_cdh2 Pin=U3_cdh2-4
Added Pin To Net: NetName=H1_OUT2_cdh2 Pin=U5_cdh2-2
Added Pin To Net: NetName=H1_OUT2_cdh2 Pin=U19_cdh2-7
Added Net: Name=H1_OUT2_cdh2
Added Pin To Net: NetName=H1_OUT2_cdh3 Pin=R18_cdh3-1
Added Pin To Net: NetName=H1_OUT2_cdh3 Pin=U3_cdh3-4
Added Pin To Net: NetName=H1_OUT2_cdh3 Pin=U5_cdh3-2
Added Pin To Net: NetName=H1_OUT2_cdh3 Pin=U19_cdh3-7
Added Net: Name=H1_OUT2_cdh3
Added Pin To Net: NetName=H1_OUT2_cdh4 Pin=R18_cdh4-1
Added Pin To Net: NetName=H1_OUT2_cdh4 Pin=U3_cdh4-4
Added Pin To Net: NetName=H1_OUT2_cdh4 Pin=U5_cdh4-2
Added Pin To Net: NetName=H1_OUT2_cdh4 Pin=U19_cdh4-7
Added Net: Name=H1_OUT2_cdh4
Added Pin To Net: NetName=H1_OUT2_cdh5 Pin=R18_cdh5-1
Added Pin To Net: NetName=H1_OUT2_cdh5 Pin=U3_cdh5-4
Added Pin To Net: NetName=H1_OUT2_cdh5 Pin=U5_cdh5-2
Added Pin To Net: NetName=H1_OUT2_cdh5 Pin=U19_cdh5-7
Added Net: Name=H1_OUT2_cdh5
Added Pin To Net: NetName=H1_OUT2_cdh6 Pin=R18_cdh6-1
Added Pin To Net: NetName=H1_OUT2_cdh6 Pin=U3_cdh6-4
Added Pin To Net: NetName=H1_OUT2_cdh6 Pin=U5_cdh6-2
Added Pin To Net: NetName=H1_OUT2_cdh6 Pin=U19_cdh6-7
Added Net: Name=H1_OUT2_cdh6
Added Pin To Net: NetName=H1_OUT2_cdh7 Pin=R18_cdh7-1
Added Pin To Net: NetName=H1_OUT2_cdh7 Pin=U3_cdh7-4
Added Pin To Net: NetName=H1_OUT2_cdh7 Pin=U5_cdh7-2
Added Pin To Net: NetName=H1_OUT2_cdh7 Pin=U19_cdh7-7
Added Net: Name=H1_OUT2_cdh7
Added Pin To Net: NetName=H1_OUT2_cdh8 Pin=R18_cdh8-1
Added Pin To Net: NetName=H1_OUT2_cdh8 Pin=U3_cdh8-4
Added Pin To Net: NetName=H1_OUT2_cdh8 Pin=U5_cdh8-2
Added Pin To Net: NetName=H1_OUT2_cdh8 Pin=U19_cdh8-7
Added Net: Name=H1_OUT2_cdh8
Added Pin To Net: NetName=H1_OUT4_cdh1 Pin=R6_cdh1-1
Added Pin To Net: NetName=H1_OUT4_cdh1 Pin=U3_cdh1-2
Added Pin To Net: NetName=H1_OUT4_cdh1 Pin=U3_cdh1-3
Added Pin To Net: NetName=H1_OUT4_cdh1 Pin=U5_cdh1-4
Added Pin To Net: NetName=H1_OUT4_cdh1 Pin=U19_cdh1-13
Added Net: Name=H1_OUT4_cdh1
Added Pin To Net: NetName=H1_OUT4_cdh2 Pin=R6_cdh2-1
Added Pin To Net: NetName=H1_OUT4_cdh2 Pin=U3_cdh2-2
Added Pin To Net: NetName=H1_OUT4_cdh2 Pin=U3_cdh2-3
Added Pin To Net: NetName=H1_OUT4_cdh2 Pin=U5_cdh2-4
Added Pin To Net: NetName=H1_OUT4_cdh2 Pin=U19_cdh2-13
Added Net: Name=H1_OUT4_cdh2
Added Pin To Net: NetName=H1_OUT4_cdh3 Pin=R6_cdh3-1
Added Pin To Net: NetName=H1_OUT4_cdh3 Pin=U3_cdh3-2
Added Pin To Net: NetName=H1_OUT4_cdh3 Pin=U3_cdh3-3
Added Pin To Net: NetName=H1_OUT4_cdh3 Pin=U5_cdh3-4
Added Pin To Net: NetName=H1_OUT4_cdh3 Pin=U19_cdh3-13
Added Net: Name=H1_OUT4_cdh3
Added Pin To Net: NetName=H1_OUT4_cdh4 Pin=R6_cdh4-1
Added Pin To Net: NetName=H1_OUT4_cdh4 Pin=U3_cdh4-2
Added Pin To Net: NetName=H1_OUT4_cdh4 Pin=U3_cdh4-3
Added Pin To Net: NetName=H1_OUT4_cdh4 Pin=U5_cdh4-4
Added Pin To Net: NetName=H1_OUT4_cdh4 Pin=U19_cdh4-13
Added Net: Name=H1_OUT4_cdh4
Added Pin To Net: NetName=H1_OUT4_cdh5 Pin=R6_cdh5-1
Added Pin To Net: NetName=H1_OUT4_cdh5 Pin=U3_cdh5-2
Added Pin To Net: NetName=H1_OUT4_cdh5 Pin=U3_cdh5-3
Added Pin To Net: NetName=H1_OUT4_cdh5 Pin=U5_cdh5-4
Added Pin To Net: NetName=H1_OUT4_cdh5 Pin=U19_cdh5-13
Added Net: Name=H1_OUT4_cdh5
Added Pin To Net: NetName=H1_OUT4_cdh6 Pin=R6_cdh6-1
Added Pin To Net: NetName=H1_OUT4_cdh6 Pin=U3_cdh6-2
Added Pin To Net: NetName=H1_OUT4_cdh6 Pin=U3_cdh6-3
Added Pin To Net: NetName=H1_OUT4_cdh6 Pin=U5_cdh6-4
Added Pin To Net: NetName=H1_OUT4_cdh6 Pin=U19_cdh6-13
Added Net: Name=H1_OUT4_cdh6
Added Pin To Net: NetName=H1_OUT4_cdh7 Pin=R6_cdh7-1
Added Pin To Net: NetName=H1_OUT4_cdh7 Pin=U3_cdh7-2
Added Pin To Net: NetName=H1_OUT4_cdh7 Pin=U3_cdh7-3
Added Pin To Net: NetName=H1_OUT4_cdh7 Pin=U5_cdh7-4
Added Pin To Net: NetName=H1_OUT4_cdh7 Pin=U19_cdh7-13
Added Net: Name=H1_OUT4_cdh7
Added Pin To Net: NetName=H1_OUT4_cdh8 Pin=R6_cdh8-1
Added Pin To Net: NetName=H1_OUT4_cdh8 Pin=U3_cdh8-2
Added Pin To Net: NetName=H1_OUT4_cdh8 Pin=U3_cdh8-3
Added Pin To Net: NetName=H1_OUT4_cdh8 Pin=U5_cdh8-4
Added Pin To Net: NetName=H1_OUT4_cdh8 Pin=U19_cdh8-13
Added Net: Name=H1_OUT4_cdh8
Added Pin To Net: NetName=NetD2_cdh1_1 Pin=D2_cdh1-1
Added Pin To Net: NetName=NetD2_cdh1_1 Pin=R22_cdh1-2
Added Pin To Net: NetName=NetD2_cdh1_1 Pin=U19_cdh1-14
Added Net: Name=NetD2_cdh1_1
Added Pin To Net: NetName=NetD2_cdh1_2 Pin=D2_cdh1-2
Added Pin To Net: NetName=NetD2_cdh1_2 Pin=R16_cdh1-1
Added Pin To Net: NetName=NetD2_cdh1_2 Pin=R20_cdh1-1
Added Net: Name=NetD2_cdh1_2
Added Pin To Net: NetName=NetD2_cdh2_1 Pin=D2_cdh2-1
Added Pin To Net: NetName=NetD2_cdh2_1 Pin=R22_cdh2-2
Added Pin To Net: NetName=NetD2_cdh2_1 Pin=U19_cdh2-14
Added Net: Name=NetD2_cdh2_1
Added Pin To Net: NetName=NetD2_cdh2_2 Pin=D2_cdh2-2
Added Pin To Net: NetName=NetD2_cdh2_2 Pin=R16_cdh2-1
Added Pin To Net: NetName=NetD2_cdh2_2 Pin=R20_cdh2-1
Added Net: Name=NetD2_cdh2_2
Added Pin To Net: NetName=NetD2_cdh3_1 Pin=D2_cdh3-1
Added Pin To Net: NetName=NetD2_cdh3_1 Pin=R22_cdh3-2
Added Pin To Net: NetName=NetD2_cdh3_1 Pin=U19_cdh3-14
Added Net: Name=NetD2_cdh3_1
Added Pin To Net: NetName=NetD2_cdh3_2 Pin=D2_cdh3-2
Added Pin To Net: NetName=NetD2_cdh3_2 Pin=R16_cdh3-1
Added Pin To Net: NetName=NetD2_cdh3_2 Pin=R20_cdh3-1
Added Net: Name=NetD2_cdh3_2
Added Pin To Net: NetName=NetD2_cdh4_1 Pin=D2_cdh4-1
Added Pin To Net: NetName=NetD2_cdh4_1 Pin=R22_cdh4-2
Added Pin To Net: NetName=NetD2_cdh4_1 Pin=U19_cdh4-14
Added Net: Name=NetD2_cdh4_1
Added Pin To Net: NetName=NetD2_cdh4_2 Pin=D2_cdh4-2
Added Pin To Net: NetName=NetD2_cdh4_2 Pin=R16_cdh4-1
Added Pin To Net: NetName=NetD2_cdh4_2 Pin=R20_cdh4-1
Added Net: Name=NetD2_cdh4_2
Added Pin To Net: NetName=NetD2_cdh5_1 Pin=D2_cdh5-1
Added Pin To Net: NetName=NetD2_cdh5_1 Pin=R22_cdh5-2
Added Pin To Net: NetName=NetD2_cdh5_1 Pin=U19_cdh5-14
Added Net: Name=NetD2_cdh5_1
Added Pin To Net: NetName=NetD2_cdh5_2 Pin=D2_cdh5-2
Added Pin To Net: NetName=NetD2_cdh5_2 Pin=R16_cdh5-1
Added Pin To Net: NetName=NetD2_cdh5_2 Pin=R20_cdh5-1
Added Net: Name=NetD2_cdh5_2
Added Pin To Net: NetName=NetD2_cdh6_1 Pin=D2_cdh6-1
Added Pin To Net: NetName=NetD2_cdh6_1 Pin=R22_cdh6-2
Added Pin To Net: NetName=NetD2_cdh6_1 Pin=U19_cdh6-14
Added Net: Name=NetD2_cdh6_1
Added Pin To Net: NetName=NetD2_cdh6_2 Pin=D2_cdh6-2
Added Pin To Net: NetName=NetD2_cdh6_2 Pin=R16_cdh6-1
Added Pin To Net: NetName=NetD2_cdh6_2 Pin=R20_cdh6-1
Added Net: Name=NetD2_cdh6_2
Added Pin To Net: NetName=NetD2_cdh7_1 Pin=D2_cdh7-1
Added Pin To Net: NetName=NetD2_cdh7_1 Pin=R22_cdh7-2
Added Pin To Net: NetName=NetD2_cdh7_1 Pin=U19_cdh7-14
Added Net: Name=NetD2_cdh7_1
Added Pin To Net: NetName=NetD2_cdh7_2 Pin=D2_cdh7-2
Added Pin To Net: NetName=NetD2_cdh7_2 Pin=R16_cdh7-1
Added Pin To Net: NetName=NetD2_cdh7_2 Pin=R20_cdh7-1
Added Net: Name=NetD2_cdh7_2
Added Pin To Net: NetName=NetD2_cdh8_1 Pin=D2_cdh8-1
Added Pin To Net: NetName=NetD2_cdh8_1 Pin=R22_cdh8-2
Added Pin To Net: NetName=NetD2_cdh8_1 Pin=U19_cdh8-14
Added Net: Name=NetD2_cdh8_1
Added Pin To Net: NetName=NetD2_cdh8_2 Pin=D2_cdh8-2
Added Pin To Net: NetName=NetD2_cdh8_2 Pin=R16_cdh8-1
Added Pin To Net: NetName=NetD2_cdh8_2 Pin=R20_cdh8-1
Added Net: Name=NetD2_cdh8_2
Added Pin To Net: NetName=NetF2_cdh1_1 Pin=F2_cdh1-1
Added Pin To Net: NetName=NetF2_cdh1_1 Pin=Q2_cdh1-1
Added Net: Name=NetF2_cdh1_1
Added Pin To Net: NetName=NetF2_cdh2_1 Pin=F2_cdh2-1
Added Pin To Net: NetName=NetF2_cdh2_1 Pin=Q2_cdh2-1
Added Net: Name=NetF2_cdh2_1
Added Pin To Net: NetName=NetF2_cdh3_1 Pin=F2_cdh3-1
Added Pin To Net: NetName=NetF2_cdh3_1 Pin=Q2_cdh3-1
Added Net: Name=NetF2_cdh3_1
Added Pin To Net: NetName=NetF2_cdh4_1 Pin=F2_cdh4-1
Added Pin To Net: NetName=NetF2_cdh4_1 Pin=Q2_cdh4-1
Added Net: Name=NetF2_cdh4_1
Added Pin To Net: NetName=NetF2_cdh5_1 Pin=F2_cdh5-1
Added Pin To Net: NetName=NetF2_cdh5_1 Pin=Q2_cdh5-1
Added Net: Name=NetF2_cdh5_1
Added Pin To Net: NetName=NetF2_cdh6_1 Pin=F2_cdh6-1
Added Pin To Net: NetName=NetF2_cdh6_1 Pin=Q2_cdh6-1
Added Net: Name=NetF2_cdh6_1
Added Pin To Net: NetName=NetF2_cdh7_1 Pin=F2_cdh7-1
Added Pin To Net: NetName=NetF2_cdh7_1 Pin=Q2_cdh7-1
Added Net: Name=NetF2_cdh7_1
Added Pin To Net: NetName=NetF2_cdh8_1 Pin=F2_cdh8-1
Added Pin To Net: NetName=NetF2_cdh8_1 Pin=Q2_cdh8-1
Added Net: Name=NetF2_cdh8_1
Added Pin To Net: NetName=NetQ2_cdh1_2 Pin=Q2_cdh1-2
Added Pin To Net: NetName=NetQ2_cdh1_2 Pin=R16_cdh1-2
Added Net: Name=NetQ2_cdh1_2
Added Pin To Net: NetName=NetQ2_cdh2_2 Pin=Q2_cdh2-2
Added Pin To Net: NetName=NetQ2_cdh2_2 Pin=R16_cdh2-2
Added Net: Name=NetQ2_cdh2_2
Added Pin To Net: NetName=NetQ2_cdh3_2 Pin=Q2_cdh3-2
Added Pin To Net: NetName=NetQ2_cdh3_2 Pin=R16_cdh3-2
Added Net: Name=NetQ2_cdh3_2
Added Pin To Net: NetName=NetQ2_cdh4_2 Pin=Q2_cdh4-2
Added Pin To Net: NetName=NetQ2_cdh4_2 Pin=R16_cdh4-2
Added Net: Name=NetQ2_cdh4_2
Added Pin To Net: NetName=NetQ2_cdh5_2 Pin=Q2_cdh5-2
Added Pin To Net: NetName=NetQ2_cdh5_2 Pin=R16_cdh5-2
Added Net: Name=NetQ2_cdh5_2
Added Pin To Net: NetName=NetQ2_cdh6_2 Pin=Q2_cdh6-2
Added Pin To Net: NetName=NetQ2_cdh6_2 Pin=R16_cdh6-2
Added Net: Name=NetQ2_cdh6_2
Added Pin To Net: NetName=NetQ2_cdh7_2 Pin=Q2_cdh7-2
Added Pin To Net: NetName=NetQ2_cdh7_2 Pin=R16_cdh7-2
Added Net: Name=NetQ2_cdh7_2
Added Pin To Net: NetName=NetQ2_cdh8_2 Pin=Q2_cdh8-2
Added Pin To Net: NetName=NetQ2_cdh8_2 Pin=R16_cdh8-2
Added Net: Name=NetQ2_cdh8_2
Added Pin To Net: NetName=NetR3_cdh1_1 Pin=R3_cdh1-1
Added Pin To Net: NetName=NetR3_cdh1_1 Pin=R14_cdh1-1
Added Pin To Net: NetName=NetR3_cdh1_1 Pin=U19_cdh1-2
Added Net: Name=NetR3_cdh1_1
Added Pin To Net: NetName=NetR3_cdh1_2 Pin=R3_cdh1-2
Added Pin To Net: NetName=NetR3_cdh1_2 Pin=R4_cdh1-1
Added Pin To Net: NetName=NetR3_cdh1_2 Pin=U19_cdh1-1
Added Net: Name=NetR3_cdh1_2
Added Pin To Net: NetName=NetR3_cdh2_1 Pin=R3_cdh2-1
Added Pin To Net: NetName=NetR3_cdh2_1 Pin=R14_cdh2-1
Added Pin To Net: NetName=NetR3_cdh2_1 Pin=U19_cdh2-2
Added Net: Name=NetR3_cdh2_1
Added Pin To Net: NetName=NetR3_cdh2_2 Pin=R3_cdh2-2
Added Pin To Net: NetName=NetR3_cdh2_2 Pin=R4_cdh2-1
Added Pin To Net: NetName=NetR3_cdh2_2 Pin=U19_cdh2-1
Added Net: Name=NetR3_cdh2_2
Added Pin To Net: NetName=NetR3_cdh3_1 Pin=R3_cdh3-1
Added Pin To Net: NetName=NetR3_cdh3_1 Pin=R14_cdh3-1
Added Pin To Net: NetName=NetR3_cdh3_1 Pin=U19_cdh3-2
Added Net: Name=NetR3_cdh3_1
Added Pin To Net: NetName=NetR3_cdh3_2 Pin=R3_cdh3-2
Added Pin To Net: NetName=NetR3_cdh3_2 Pin=R4_cdh3-1
Added Pin To Net: NetName=NetR3_cdh3_2 Pin=U19_cdh3-1
Added Net: Name=NetR3_cdh3_2
Added Pin To Net: NetName=NetR3_cdh4_1 Pin=R3_cdh4-1
Added Pin To Net: NetName=NetR3_cdh4_1 Pin=R14_cdh4-1
Added Pin To Net: NetName=NetR3_cdh4_1 Pin=U19_cdh4-2
Added Net: Name=NetR3_cdh4_1
Added Pin To Net: NetName=NetR3_cdh4_2 Pin=R3_cdh4-2
Added Pin To Net: NetName=NetR3_cdh4_2 Pin=R4_cdh4-1
Added Pin To Net: NetName=NetR3_cdh4_2 Pin=U19_cdh4-1
Added Net: Name=NetR3_cdh4_2
Added Pin To Net: NetName=NetR3_cdh5_1 Pin=R3_cdh5-1
Added Pin To Net: NetName=NetR3_cdh5_1 Pin=R14_cdh5-1
Added Pin To Net: NetName=NetR3_cdh5_1 Pin=U19_cdh5-2
Added Net: Name=NetR3_cdh5_1
Added Pin To Net: NetName=NetR3_cdh5_2 Pin=R3_cdh5-2
Added Pin To Net: NetName=NetR3_cdh5_2 Pin=R4_cdh5-1
Added Pin To Net: NetName=NetR3_cdh5_2 Pin=U19_cdh5-1
Added Net: Name=NetR3_cdh5_2
Added Pin To Net: NetName=NetR3_cdh6_1 Pin=R3_cdh6-1
Added Pin To Net: NetName=NetR3_cdh6_1 Pin=R14_cdh6-1
Added Pin To Net: NetName=NetR3_cdh6_1 Pin=U19_cdh6-2
Added Net: Name=NetR3_cdh6_1
Added Pin To Net: NetName=NetR3_cdh6_2 Pin=R3_cdh6-2
Added Pin To Net: NetName=NetR3_cdh6_2 Pin=R4_cdh6-1
Added Pin To Net: NetName=NetR3_cdh6_2 Pin=U19_cdh6-1
Added Net: Name=NetR3_cdh6_2
Added Pin To Net: NetName=NetR3_cdh7_1 Pin=R3_cdh7-1
Added Pin To Net: NetName=NetR3_cdh7_1 Pin=R14_cdh7-1
Added Pin To Net: NetName=NetR3_cdh7_1 Pin=U19_cdh7-2
Added Net: Name=NetR3_cdh7_1
Added Pin To Net: NetName=NetR3_cdh7_2 Pin=R3_cdh7-2
Added Pin To Net: NetName=NetR3_cdh7_2 Pin=R4_cdh7-1
Added Pin To Net: NetName=NetR3_cdh7_2 Pin=U19_cdh7-1
Added Net: Name=NetR3_cdh7_2
Added Pin To Net: NetName=NetR3_cdh8_1 Pin=R3_cdh8-1
Added Pin To Net: NetName=NetR3_cdh8_1 Pin=R14_cdh8-1
Added Pin To Net: NetName=NetR3_cdh8_1 Pin=U19_cdh8-2
Added Net: Name=NetR3_cdh8_1
Added Pin To Net: NetName=NetR3_cdh8_2 Pin=R3_cdh8-2
Added Pin To Net: NetName=NetR3_cdh8_2 Pin=R4_cdh8-1
Added Pin To Net: NetName=NetR3_cdh8_2 Pin=U19_cdh8-1
Added Net: Name=NetR3_cdh8_2
Added Pin To Net: NetName=NetR4_cdh1_2 Pin=R4_cdh1-2
Added Pin To Net: NetName=NetR4_cdh1_2 Pin=R22_cdh1-1
Added Pin To Net: NetName=NetR4_cdh1_2 Pin=U19_cdh1-12
Added Net: Name=NetR4_cdh1_2
Added Pin To Net: NetName=NetR4_cdh2_2 Pin=R4_cdh2-2
Added Pin To Net: NetName=NetR4_cdh2_2 Pin=R22_cdh2-1
Added Pin To Net: NetName=NetR4_cdh2_2 Pin=U19_cdh2-12
Added Net: Name=NetR4_cdh2_2
Added Pin To Net: NetName=NetR4_cdh3_2 Pin=R4_cdh3-2
Added Pin To Net: NetName=NetR4_cdh3_2 Pin=R22_cdh3-1
Added Pin To Net: NetName=NetR4_cdh3_2 Pin=U19_cdh3-12
Added Net: Name=NetR4_cdh3_2
Added Pin To Net: NetName=NetR4_cdh4_2 Pin=R4_cdh4-2
Added Pin To Net: NetName=NetR4_cdh4_2 Pin=R22_cdh4-1
Added Pin To Net: NetName=NetR4_cdh4_2 Pin=U19_cdh4-12
Added Net: Name=NetR4_cdh4_2
Added Pin To Net: NetName=NetR4_cdh5_2 Pin=R4_cdh5-2
Added Pin To Net: NetName=NetR4_cdh5_2 Pin=R22_cdh5-1
Added Pin To Net: NetName=NetR4_cdh5_2 Pin=U19_cdh5-12
Added Net: Name=NetR4_cdh5_2
Added Pin To Net: NetName=NetR4_cdh6_2 Pin=R4_cdh6-2
Added Pin To Net: NetName=NetR4_cdh6_2 Pin=R22_cdh6-1
Added Pin To Net: NetName=NetR4_cdh6_2 Pin=U19_cdh6-12
Added Net: Name=NetR4_cdh6_2
Added Pin To Net: NetName=NetR4_cdh7_2 Pin=R4_cdh7-2
Added Pin To Net: NetName=NetR4_cdh7_2 Pin=R22_cdh7-1
Added Pin To Net: NetName=NetR4_cdh7_2 Pin=U19_cdh7-12
Added Net: Name=NetR4_cdh7_2
Added Pin To Net: NetName=NetR4_cdh8_2 Pin=R4_cdh8-2
Added Pin To Net: NetName=NetR4_cdh8_2 Pin=R22_cdh8-1
Added Pin To Net: NetName=NetR4_cdh8_2 Pin=U19_cdh8-12
Added Net: Name=NetR4_cdh8_2
Added Pin To Net: NetName=NetR6_cdh1_2 Pin=R6_cdh1-2
Added Pin To Net: NetName=NetR6_cdh1_2 Pin=R8_cdh1-1
Added Net: Name=NetR6_cdh1_2
Added Pin To Net: NetName=NetR6_cdh2_2 Pin=R6_cdh2-2
Added Pin To Net: NetName=NetR6_cdh2_2 Pin=R8_cdh2-1
Added Net: Name=NetR6_cdh2_2
Added Pin To Net: NetName=NetR6_cdh3_2 Pin=R6_cdh3-2
Added Pin To Net: NetName=NetR6_cdh3_2 Pin=R8_cdh3-1
Added Net: Name=NetR6_cdh3_2
Added Pin To Net: NetName=NetR6_cdh4_2 Pin=R6_cdh4-2
Added Pin To Net: NetName=NetR6_cdh4_2 Pin=R8_cdh4-1
Added Net: Name=NetR6_cdh4_2
Added Pin To Net: NetName=NetR6_cdh5_2 Pin=R6_cdh5-2
Added Pin To Net: NetName=NetR6_cdh5_2 Pin=R8_cdh5-1
Added Net: Name=NetR6_cdh5_2
Added Pin To Net: NetName=NetR6_cdh6_2 Pin=R6_cdh6-2
Added Pin To Net: NetName=NetR6_cdh6_2 Pin=R8_cdh6-1
Added Net: Name=NetR6_cdh6_2
Added Pin To Net: NetName=NetR6_cdh7_2 Pin=R6_cdh7-2
Added Pin To Net: NetName=NetR6_cdh7_2 Pin=R8_cdh7-1
Added Net: Name=NetR6_cdh7_2
Added Pin To Net: NetName=NetR6_cdh8_2 Pin=R6_cdh8-2
Added Pin To Net: NetName=NetR6_cdh8_2 Pin=R8_cdh8-1
Added Net: Name=NetR6_cdh8_2
Added Pin To Net: NetName=NetR8_cdh1_2 Pin=R8_cdh1-2
Added Pin To Net: NetName=NetR8_cdh1_2 Pin=R18_cdh1-2
Added Net: Name=NetR8_cdh1_2
Added Pin To Net: NetName=NetR8_cdh1_3 Pin=R8_cdh1-3
Added Pin To Net: NetName=NetR8_cdh1_3 Pin=R12_cdh1-1
Added Net: Name=NetR8_cdh1_3
Added Pin To Net: NetName=NetR8_cdh2_2 Pin=R8_cdh2-2
Added Pin To Net: NetName=NetR8_cdh2_2 Pin=R18_cdh2-2
Added Net: Name=NetR8_cdh2_2
Added Pin To Net: NetName=NetR8_cdh2_3 Pin=R8_cdh2-3
Added Pin To Net: NetName=NetR8_cdh2_3 Pin=R12_cdh2-1
Added Net: Name=NetR8_cdh2_3
Added Pin To Net: NetName=NetR8_cdh3_2 Pin=R8_cdh3-2
Added Pin To Net: NetName=NetR8_cdh3_2 Pin=R18_cdh3-2
Added Net: Name=NetR8_cdh3_2
Added Pin To Net: NetName=NetR8_cdh3_3 Pin=R8_cdh3-3
Added Pin To Net: NetName=NetR8_cdh3_3 Pin=R12_cdh3-1
Added Net: Name=NetR8_cdh3_3
Added Pin To Net: NetName=NetR8_cdh4_2 Pin=R8_cdh4-2
Added Pin To Net: NetName=NetR8_cdh4_2 Pin=R18_cdh4-2
Added Net: Name=NetR8_cdh4_2
Added Pin To Net: NetName=NetR8_cdh4_3 Pin=R8_cdh4-3
Added Pin To Net: NetName=NetR8_cdh4_3 Pin=R12_cdh4-1
Added Net: Name=NetR8_cdh4_3
Added Pin To Net: NetName=NetR8_cdh5_2 Pin=R8_cdh5-2
Added Pin To Net: NetName=NetR8_cdh5_2 Pin=R18_cdh5-2
Added Net: Name=NetR8_cdh5_2
Added Pin To Net: NetName=NetR8_cdh5_3 Pin=R8_cdh5-3
Added Pin To Net: NetName=NetR8_cdh5_3 Pin=R12_cdh5-1
Added Net: Name=NetR8_cdh5_3
Added Pin To Net: NetName=NetR8_cdh6_2 Pin=R8_cdh6-2
Added Pin To Net: NetName=NetR8_cdh6_2 Pin=R18_cdh6-2
Added Net: Name=NetR8_cdh6_2
Added Pin To Net: NetName=NetR8_cdh6_3 Pin=R8_cdh6-3
Added Pin To Net: NetName=NetR8_cdh6_3 Pin=R12_cdh6-1
Added Net: Name=NetR8_cdh6_3
Added Pin To Net: NetName=NetR8_cdh7_2 Pin=R8_cdh7-2
Added Pin To Net: NetName=NetR8_cdh7_2 Pin=R18_cdh7-2
Added Net: Name=NetR8_cdh7_2
Added Pin To Net: NetName=NetR8_cdh7_3 Pin=R8_cdh7-3
Added Pin To Net: NetName=NetR8_cdh7_3 Pin=R12_cdh7-1
Added Net: Name=NetR8_cdh7_3
Added Pin To Net: NetName=NetR8_cdh8_2 Pin=R8_cdh8-2
Added Pin To Net: NetName=NetR8_cdh8_2 Pin=R18_cdh8-2
Added Net: Name=NetR8_cdh8_2
Added Pin To Net: NetName=NetR8_cdh8_3 Pin=R8_cdh8-3
Added Pin To Net: NetName=NetR8_cdh8_3 Pin=R12_cdh8-1
Added Net: Name=NetR8_cdh8_3
Added Pin To Net: NetName=NetR12_cdh1_2 Pin=R12_cdh1-2
Added Pin To Net: NetName=NetR12_cdh1_2 Pin=R13_cdh1-1
Added Pin To Net: NetName=NetR12_cdh1_2 Pin=U19_cdh1-5
Added Net: Name=NetR12_cdh1_2
Added Pin To Net: NetName=NetR12_cdh2_2 Pin=R12_cdh2-2
Added Pin To Net: NetName=NetR12_cdh2_2 Pin=R13_cdh2-1
Added Pin To Net: NetName=NetR12_cdh2_2 Pin=U19_cdh2-5
Added Net: Name=NetR12_cdh2_2
Added Pin To Net: NetName=NetR12_cdh3_2 Pin=R12_cdh3-2
Added Pin To Net: NetName=NetR12_cdh3_2 Pin=R13_cdh3-1
Added Pin To Net: NetName=NetR12_cdh3_2 Pin=U19_cdh3-5
Added Net: Name=NetR12_cdh3_2
Added Pin To Net: NetName=NetR12_cdh4_2 Pin=R12_cdh4-2
Added Pin To Net: NetName=NetR12_cdh4_2 Pin=R13_cdh4-1
Added Pin To Net: NetName=NetR12_cdh4_2 Pin=U19_cdh4-5
Added Net: Name=NetR12_cdh4_2
Added Pin To Net: NetName=NetR12_cdh5_2 Pin=R12_cdh5-2
Added Pin To Net: NetName=NetR12_cdh5_2 Pin=R13_cdh5-1
Added Pin To Net: NetName=NetR12_cdh5_2 Pin=U19_cdh5-5
Added Net: Name=NetR12_cdh5_2
Added Pin To Net: NetName=NetR12_cdh6_2 Pin=R12_cdh6-2
Added Pin To Net: NetName=NetR12_cdh6_2 Pin=R13_cdh6-1
Added Pin To Net: NetName=NetR12_cdh6_2 Pin=U19_cdh6-5
Added Net: Name=NetR12_cdh6_2
Added Pin To Net: NetName=NetR12_cdh7_2 Pin=R12_cdh7-2
Added Pin To Net: NetName=NetR12_cdh7_2 Pin=R13_cdh7-1
Added Pin To Net: NetName=NetR12_cdh7_2 Pin=U19_cdh7-5
Added Net: Name=NetR12_cdh7_2
Added Pin To Net: NetName=NetR12_cdh8_2 Pin=R12_cdh8-2
Added Pin To Net: NetName=NetR12_cdh8_2 Pin=R13_cdh8-1
Added Pin To Net: NetName=NetR12_cdh8_2 Pin=U19_cdh8-5
Added Net: Name=NetR12_cdh8_2
Added Pin To Net: NetName=NetR13_cdh1_2 Pin=R13_cdh1-2
Added Pin To Net: NetName=NetR13_cdh1_2 Pin=R14_cdh1-2
Added Pin To Net: NetName=NetR13_cdh1_2 Pin=U19_cdh1-8
Added Pin To Net: NetName=NetR13_cdh1_2 Pin=U19_cdh1-9
Added Net: Name=NetR13_cdh1_2
Added Pin To Net: NetName=NetR13_cdh2_2 Pin=R13_cdh2-2
Added Pin To Net: NetName=NetR13_cdh2_2 Pin=R14_cdh2-2
Added Pin To Net: NetName=NetR13_cdh2_2 Pin=U19_cdh2-8
Added Pin To Net: NetName=NetR13_cdh2_2 Pin=U19_cdh2-9
Added Net: Name=NetR13_cdh2_2
Added Pin To Net: NetName=NetR13_cdh3_2 Pin=R13_cdh3-2
Added Pin To Net: NetName=NetR13_cdh3_2 Pin=R14_cdh3-2
Added Pin To Net: NetName=NetR13_cdh3_2 Pin=U19_cdh3-8
Added Pin To Net: NetName=NetR13_cdh3_2 Pin=U19_cdh3-9
Added Net: Name=NetR13_cdh3_2
Added Pin To Net: NetName=NetR13_cdh4_2 Pin=R13_cdh4-2
Added Pin To Net: NetName=NetR13_cdh4_2 Pin=R14_cdh4-2
Added Pin To Net: NetName=NetR13_cdh4_2 Pin=U19_cdh4-8
Added Pin To Net: NetName=NetR13_cdh4_2 Pin=U19_cdh4-9
Added Net: Name=NetR13_cdh4_2
Added Pin To Net: NetName=NetR13_cdh5_2 Pin=R13_cdh5-2
Added Pin To Net: NetName=NetR13_cdh5_2 Pin=R14_cdh5-2
Added Pin To Net: NetName=NetR13_cdh5_2 Pin=U19_cdh5-8
Added Pin To Net: NetName=NetR13_cdh5_2 Pin=U19_cdh5-9
Added Net: Name=NetR13_cdh5_2
Added Pin To Net: NetName=NetR13_cdh6_2 Pin=R13_cdh6-2
Added Pin To Net: NetName=NetR13_cdh6_2 Pin=R14_cdh6-2
Added Pin To Net: NetName=NetR13_cdh6_2 Pin=U19_cdh6-8
Added Pin To Net: NetName=NetR13_cdh6_2 Pin=U19_cdh6-9
Added Net: Name=NetR13_cdh6_2
Added Pin To Net: NetName=NetR13_cdh7_2 Pin=R13_cdh7-2
Added Pin To Net: NetName=NetR13_cdh7_2 Pin=R14_cdh7-2
Added Pin To Net: NetName=NetR13_cdh7_2 Pin=U19_cdh7-8
Added Pin To Net: NetName=NetR13_cdh7_2 Pin=U19_cdh7-9
Added Net: Name=NetR13_cdh7_2
Added Pin To Net: NetName=NetR13_cdh8_2 Pin=R13_cdh8-2
Added Pin To Net: NetName=NetR13_cdh8_2 Pin=R14_cdh8-2
Added Pin To Net: NetName=NetR13_cdh8_2 Pin=U19_cdh8-8
Added Pin To Net: NetName=NetR13_cdh8_2 Pin=U19_cdh8-9
Added Net: Name=NetR13_cdh8_2
Added Pin To Net: NetName=NetR24_cdh1_1 Pin=R24_cdh1-1
Added Pin To Net: NetName=NetR24_cdh1_1 Pin=R26_cdh1-2
Added Pin To Net: NetName=NetR24_cdh1_1 Pin=U19_cdh1-10
Added Net: Name=NetR24_cdh1_1
Added Pin To Net: NetName=NetR24_cdh2_1 Pin=R24_cdh2-1
Added Pin To Net: NetName=NetR24_cdh2_1 Pin=R26_cdh2-2
Added Pin To Net: NetName=NetR24_cdh2_1 Pin=U19_cdh2-10
Added Net: Name=NetR24_cdh2_1
Added Pin To Net: NetName=NetR24_cdh3_1 Pin=R24_cdh3-1
Added Pin To Net: NetName=NetR24_cdh3_1 Pin=R26_cdh3-2
Added Pin To Net: NetName=NetR24_cdh3_1 Pin=U19_cdh3-10
Added Net: Name=NetR24_cdh3_1
Added Pin To Net: NetName=NetR24_cdh4_1 Pin=R24_cdh4-1
Added Pin To Net: NetName=NetR24_cdh4_1 Pin=R26_cdh4-2
Added Pin To Net: NetName=NetR24_cdh4_1 Pin=U19_cdh4-10
Added Net: Name=NetR24_cdh4_1
Added Pin To Net: NetName=NetR24_cdh5_1 Pin=R24_cdh5-1
Added Pin To Net: NetName=NetR24_cdh5_1 Pin=R26_cdh5-2
Added Pin To Net: NetName=NetR24_cdh5_1 Pin=U19_cdh5-10
Added Net: Name=NetR24_cdh5_1
Added Pin To Net: NetName=NetR24_cdh6_1 Pin=R24_cdh6-1
Added Pin To Net: NetName=NetR24_cdh6_1 Pin=R26_cdh6-2
Added Pin To Net: NetName=NetR24_cdh6_1 Pin=U19_cdh6-10
Added Net: Name=NetR24_cdh6_1
Added Pin To Net: NetName=NetR24_cdh7_1 Pin=R24_cdh7-1
Added Pin To Net: NetName=NetR24_cdh7_1 Pin=R26_cdh7-2
Added Pin To Net: NetName=NetR24_cdh7_1 Pin=U19_cdh7-10
Added Net: Name=NetR24_cdh7_1
Added Pin To Net: NetName=NetR24_cdh8_1 Pin=R24_cdh8-1
Added Pin To Net: NetName=NetR24_cdh8_1 Pin=R26_cdh8-2
Added Pin To Net: NetName=NetR24_cdh8_1 Pin=U19_cdh8-10
Added Net: Name=NetR24_cdh8_1
Added Class: Name=cdh1
Added Class: Name=cdh2
Added Class: Name=cdh3
Added Class: Name=cdh4
Added Class: Name=cdh5
Added Class: Name=cdh6
Added Class: Name=cdh7
Added Class: Name=cdh8
Added Class: Name=cdh
Added Member To Class: ClassName=总图 Member=Component C3 Cap Pol3
Added Member To Class: ClassName=总图 Member=Component C4 Cap Pol3
Added Member To Class: ClassName=总图 Member=Component C5 Cap Semi
Added Member To Class: ClassName=总图 Member=Component D3 1N4007
Added Member To Class: ClassName=总图 Member=Component F3 Fuse 1
Added Member To Class: ClassName=总图 Member=Component P1 Header 5X2
Added Member To Class: ClassName=总图 Member=Component U1 L7808
Added Room: Name=cdh1
Added Room: Name=cdh2
Added Room: Name=cdh3
Added Room: Name=cdh4
Added Room: Name=cdh5
Added Room: Name=cdh6
Added Room: Name=cdh7
Added Room: Name=cdh8
Added Room: Name=总图
