Removed Pin From Net: NetName=GND Pin=C3-2
Removed Pin From Net: NetName=GND Pin=C5-1
Removed Pin From Net: NetName=VCC8 Pin=C5-2
Removed Pin From Net: NetName=VCC24 Pin=D3-1
Removed Pin From Net: NetName=GND Pin=U1-2
Removed Pin From Net: NetName=VCC8 Pin=U1-3
Removed Member From Class: ClassName=总图 Member=C3
Removed Member From Class: ClassName=总图 Member=C5
Removed Member From Class: ClassName=总图 Member=D3
Removed Member From Class: ClassName=总图 Member=U1
Change Component DesignItemId : Designator=C18 Old DesignItemId= New DesignItemId=C
Change Component DesignItemId : Designator=C19 Old DesignItemId= New DesignItemId=C_3
Change Component DesignItemId : Designator=R105 Old DesignItemId= New DesignItemId=R_2
Change Component DesignItemId : Designator=R106 Old DesignItemId= New DesignItemId=R_2
Change Component DesignItemId : Designator=U2 Old DesignItemId=AMS11 New DesignItemId=AMS1117
Change Component DesignItemId : Designator=C20 Old DesignItemId=C New DesignItemId=CAP
Change Component DesignItemId : Designator=U27 Old DesignItemId=SN6 New DesignItemId=SN65HVD230D
Change Component DesignItemId : Designator=U26 Old DesignItemId=stm32f103v8 New DesignItemId=stm32f103v8t6
Change Component DesignItemId : Designator=U19_cdh1 Old DesignItemId=TLC22 New DesignItemId=TLC2264
Change Component DesignItemId : Designator=U19_cdh2 Old DesignItemId=TLC22 New DesignItemId=TLC2264
Change Component DesignItemId : Designator=U19_cdh3 Old DesignItemId=TLC22 New DesignItemId=TLC2264
Change Component DesignItemId : Designator=U19_cdh4 Old DesignItemId=TLC22 New DesignItemId=TLC2264
Change Component DesignItemId : Designator=U19_cdh5 Old DesignItemId=TLC22 New DesignItemId=TLC2264
Change Component DesignItemId : Designator=U19_cdh6 Old DesignItemId=TLC22 New DesignItemId=TLC2264
Change Component DesignItemId : Designator=U19_cdh7 Old DesignItemId=TLC22 New DesignItemId=TLC2264
Change Component DesignItemId : Designator=U19_cdh8 Old DesignItemId=TLC22 New DesignItemId=TLC2264
Change Component Description : Designator=U3_cdh1 Old Description= New Description=LM317
Change Component Description : Designator=U3_cdh2 Old Description= New Description=LM317
Change Component Description : Designator=U3_cdh3 Old Description= New Description=LM317
Change Component Description : Designator=U3_cdh4 Old Description= New Description=LM317
Change Component Description : Designator=U3_cdh5 Old Description= New Description=LM317
Change Component Description : Designator=U3_cdh6 Old Description= New Description=LM317
Change Component Description : Designator=U3_cdh7 Old Description= New Description=LM317
Change Component Description : Designator=U3_cdh8 Old Description= New Description=LM317
Change Component Description : Designator=C12 Old Description=Capacit New Description=Capacitor
Change Component Description : Designator=C13 Old Description=Capacit New Description=Capacitor
Change Component Description : Designator=C15 Old Description=Capacit New Description=Capacitor
Change Component Description : Designator=C16 Old Description=Capacit New Description=Capacitor
Change Component Description : Designator=C17 Old Description=Capacit New Description=Capacitor
Change Component Description : Designator=C2_cdh1 Old Description=Capacitor (Semiconductor SIM Mode New Description=Capacitor (Semiconductor SIM Model)
Change Component Description : Designator=C2_cdh2 Old Description=Capacitor (Semiconductor SIM Mode New Description=Capacitor (Semiconductor SIM Model)
Change Component Description : Designator=C2_cdh3 Old Description=Capacitor (Semiconductor SIM Mode New Description=Capacitor (Semiconductor SIM Model)
Change Component Description : Designator=C2_cdh4 Old Description=Capacitor (Semiconductor SIM Mode New Description=Capacitor (Semiconductor SIM Model)
Change Component Description : Designator=C2_cdh5 Old Description=Capacitor (Semiconductor SIM Mode New Description=Capacitor (Semiconductor SIM Model)
Change Component Description : Designator=C2_cdh6 Old Description=Capacitor (Semiconductor SIM Mode New Description=Capacitor (Semiconductor SIM Model)
Change Component Description : Designator=C2_cdh7 Old Description=Capacitor (Semiconductor SIM Mode New Description=Capacitor (Semiconductor SIM Model)
Change Component Description : Designator=C2_cdh8 Old Description=Capacitor (Semiconductor SIM Mode New Description=Capacitor (Semiconductor SIM Model)
Change Component Description : Designator=Y1 Old Description=Crystal Oscillat New Description=Crystal Oscillator
Change Component Description : Designator=F3 Old Description=Fu New Description=Fuse
Change Component Description : Designator=U5_cdh1 Old Description=Header, 4-P New Description=Header, 4-Pin
Change Component Description : Designator=U5_cdh2 Old Description=Header, 4-P New Description=Header, 4-Pin
Change Component Description : Designator=U5_cdh3 Old Description=Header, 4-P New Description=Header, 4-Pin
Change Component Description : Designator=U5_cdh4 Old Description=Header, 4-P New Description=Header, 4-Pin
Change Component Description : Designator=U5_cdh5 Old Description=Header, 4-P New Description=Header, 4-Pin
Change Component Description : Designator=U5_cdh6 Old Description=Header, 4-P New Description=Header, 4-Pin
Change Component Description : Designator=U5_cdh7 Old Description=Header, 4-P New Description=Header, 4-Pin
Change Component Description : Designator=U5_cdh8 Old Description=Header, 4-P New Description=Header, 4-Pin
Change Component Description : Designator=P2 Old Description=Header, New Description=Header, 4-Pin
Change Component Description : Designator=Q2_cdh1 Old Description=NPN Bipolar Transist New Description=NPN Bipolar Transistor
Change Component Description : Designator=Q2_cdh2 Old Description=NPN Bipolar Transist New Description=NPN Bipolar Transistor
Change Component Description : Designator=Q2_cdh3 Old Description=NPN Bipolar Transist New Description=NPN Bipolar Transistor
Change Component Description : Designator=Q2_cdh4 Old Description=NPN Bipolar Transist New Description=NPN Bipolar Transistor
Change Component Description : Designator=Q2_cdh5 Old Description=NPN Bipolar Transist New Description=NPN Bipolar Transistor
Change Component Description : Designator=Q2_cdh6 Old Description=NPN Bipolar Transist New Description=NPN Bipolar Transistor
Change Component Description : Designator=Q2_cdh7 Old Description=NPN Bipolar Transist New Description=NPN Bipolar Transistor
Change Component Description : Designator=Q2_cdh8 Old Description=NPN Bipolar Transist New Description=NPN Bipolar Transistor
Change Component Description : Designator=R3_cdh1 Old Description=Resist New Description=Resistor
Change Component Description : Designator=R3_cdh2 Old Description=Resist New Description=Resistor
Change Component Description : Designator=R3_cdh3 Old Description=Resist New Description=Resistor
Change Component Description : Designator=R3_cdh4 Old Description=Resist New Description=Resistor
Change Component Description : Designator=R3_cdh5 Old Description=Resist New Description=Resistor
Change Component Description : Designator=R3_cdh6 Old Description=Resist New Description=Resistor
Change Component Description : Designator=R3_cdh7 Old Description=Resist New Description=Resistor
Change Component Description : Designator=R3_cdh8 Old Description=Resist New Description=Resistor
Change Component Description : Designator=R4_cdh1 Old Description=Resist New Description=Resistor
Change Component Description : Designator=R4_cdh2 Old Description=Resist New Description=Resistor
Change Component Description : Designator=R4_cdh3 Old Description=Resist New Description=Resistor
Change Component Description : Designator=R4_cdh4 Old Description=Resist New Description=Resistor
Change Component Description : Designator=R4_cdh5 Old Description=Resist New Description=Resistor
Change Component Description : Designator=R4_cdh6 Old Description=Resist New Description=Resistor
Change Component Description : Designator=R4_cdh7 Old Description=Resist New Description=Resistor
Change Component Description : Designator=R4_cdh8 Old Description=Resist New Description=Resistor
Change Component Description : Designator=R6_cdh1 Old Description=Resist New Description=Resistor
Change Component Description : Designator=R6_cdh2 Old Description=Resist New Description=Resistor
Change Component Description : Designator=R6_cdh3 Old Description=Resist New Description=Resistor
Change Component Description : Designator=R6_cdh4 Old Description=Resist New Description=Resistor
Change Component Description : Designator=R6_cdh5 Old Description=Resist New Description=Resistor
Change Component Description : Designator=R6_cdh6 Old Description=Resist New Description=Resistor
Change Component Description : Designator=R6_cdh7 Old Description=Resist New Description=Resistor
Change Component Description : Designator=R6_cdh8 Old Description=Resist New Description=Resistor
Change Component Description : Designator=R12_cdh1 Old Description=Resist New Description=Resistor
Change Component Description : Designator=R12_cdh2 Old Description=Resist New Description=Resistor
Change Component Description : Designator=R12_cdh3 Old Description=Resist New Description=Resistor
Change Component Description : Designator=R12_cdh4 Old Description=Resist New Description=Resistor
Change Component Description : Designator=R12_cdh5 Old Description=Resist New Description=Resistor
Change Component Description : Designator=R12_cdh6 Old Description=Resist New Description=Resistor
Change Component Description : Designator=R12_cdh7 Old Description=Resist New Description=Resistor
Change Component Description : Designator=R12_cdh8 Old Description=Resist New Description=Resistor
Change Component Description : Designator=R13_cdh1 Old Description=Resist New Description=Resistor
Change Component Description : Designator=R13_cdh2 Old Description=Resist New Description=Resistor
Change Component Description : Designator=R13_cdh3 Old Description=Resist New Description=Resistor
Change Component Description : Designator=R13_cdh4 Old Description=Resist New Description=Resistor
Change Component Description : Designator=R13_cdh5 Old Description=Resist New Description=Resistor
Change Component Description : Designator=R13_cdh6 Old Description=Resist New Description=Resistor
Change Component Description : Designator=R13_cdh7 Old Description=Resist New Description=Resistor
Change Component Description : Designator=R13_cdh8 Old Description=Resist New Description=Resistor
Change Component Description : Designator=R14_cdh1 Old Description=Resist New Description=Resistor
Change Component Description : Designator=R14_cdh2 Old Description=Resist New Description=Resistor
Change Component Description : Designator=R14_cdh3 Old Description=Resist New Description=Resistor
Change Component Description : Designator=R14_cdh4 Old Description=Resist New Description=Resistor
Change Component Description : Designator=R14_cdh5 Old Description=Resist New Description=Resistor
Change Component Description : Designator=R14_cdh6 Old Description=Resist New Description=Resistor
Change Component Description : Designator=R14_cdh7 Old Description=Resist New Description=Resistor
Change Component Description : Designator=R14_cdh8 Old Description=Resist New Description=Resistor
Change Component Description : Designator=R16_cdh1 Old Description=Resist New Description=Resistor
Change Component Description : Designator=R16_cdh2 Old Description=Resist New Description=Resistor
Change Component Description : Designator=R16_cdh3 Old Description=Resist New Description=Resistor
Change Component Description : Designator=R16_cdh4 Old Description=Resist New Description=Resistor
Change Component Description : Designator=R16_cdh5 Old Description=Resist New Description=Resistor
Change Component Description : Designator=R16_cdh6 Old Description=Resist New Description=Resistor
Change Component Description : Designator=R16_cdh7 Old Description=Resist New Description=Resistor
Change Component Description : Designator=R16_cdh8 Old Description=Resist New Description=Resistor
Change Component Description : Designator=R18_cdh1 Old Description=Resist New Description=Resistor
Change Component Description : Designator=R18_cdh2 Old Description=Resist New Description=Resistor
Change Component Description : Designator=R18_cdh3 Old Description=Resist New Description=Resistor
Change Component Description : Designator=R18_cdh4 Old Description=Resist New Description=Resistor
Change Component Description : Designator=R18_cdh5 Old Description=Resist New Description=Resistor
Change Component Description : Designator=R18_cdh6 Old Description=Resist New Description=Resistor
Change Component Description : Designator=R18_cdh7 Old Description=Resist New Description=Resistor
Change Component Description : Designator=R18_cdh8 Old Description=Resist New Description=Resistor
Change Component Description : Designator=R20_cdh1 Old Description=Resist New Description=Resistor
Change Component Description : Designator=R20_cdh2 Old Description=Resist New Description=Resistor
Change Component Description : Designator=R20_cdh3 Old Description=Resist New Description=Resistor
Change Component Description : Designator=R20_cdh4 Old Description=Resist New Description=Resistor
Change Component Description : Designator=R20_cdh5 Old Description=Resist New Description=Resistor
Change Component Description : Designator=R20_cdh6 Old Description=Resist New Description=Resistor
Change Component Description : Designator=R20_cdh7 Old Description=Resist New Description=Resistor
Change Component Description : Designator=R20_cdh8 Old Description=Resist New Description=Resistor
Change Component Description : Designator=R22_cdh1 Old Description=Resist New Description=Resistor
Change Component Description : Designator=R22_cdh2 Old Description=Resist New Description=Resistor
Change Component Description : Designator=R22_cdh3 Old Description=Resist New Description=Resistor
Change Component Description : Designator=R22_cdh4 Old Description=Resist New Description=Resistor
Change Component Description : Designator=R22_cdh5 Old Description=Resist New Description=Resistor
Change Component Description : Designator=R22_cdh6 Old Description=Resist New Description=Resistor
Change Component Description : Designator=R22_cdh7 Old Description=Resist New Description=Resistor
Change Component Description : Designator=R22_cdh8 Old Description=Resist New Description=Resistor
Change Component Description : Designator=R24_cdh1 Old Description=Resist New Description=Resistor
Change Component Description : Designator=R24_cdh2 Old Description=Resist New Description=Resistor
Change Component Description : Designator=R24_cdh3 Old Description=Resist New Description=Resistor
Change Component Description : Designator=R24_cdh4 Old Description=Resist New Description=Resistor
Change Component Description : Designator=R24_cdh5 Old Description=Resist New Description=Resistor
Change Component Description : Designator=R24_cdh6 Old Description=Resist New Description=Resistor
Change Component Description : Designator=R24_cdh7 Old Description=Resist New Description=Resistor
Change Component Description : Designator=R24_cdh8 Old Description=Resist New Description=Resistor
Change Component Description : Designator=R26_cdh1 Old Description=Resist New Description=Resistor
Change Component Description : Designator=R26_cdh2 Old Description=Resist New Description=Resistor
Change Component Description : Designator=R26_cdh3 Old Description=Resist New Description=Resistor
Change Component Description : Designator=R26_cdh4 Old Description=Resist New Description=Resistor
Change Component Description : Designator=R26_cdh5 Old Description=Resist New Description=Resistor
Change Component Description : Designator=R26_cdh6 Old Description=Resist New Description=Resistor
Change Component Description : Designator=R26_cdh7 Old Description=Resist New Description=Resistor
Change Component Description : Designator=R26_cdh8 Old Description=Resist New Description=Resistor
Change Component Description : Designator=D10 Old Description=Typical INFRARE New Description=Typical INFRARED GaAs LED
Change Component Description : Designator=D2_cdh1 Old Description=Typical INFRARED GaAs L New Description=Typical INFRARED GaAs LED
Change Component Description : Designator=D2_cdh2 Old Description=Typical INFRARED GaAs L New Description=Typical INFRARED GaAs LED
Change Component Description : Designator=D2_cdh3 Old Description=Typical INFRARED GaAs L New Description=Typical INFRARED GaAs LED
Change Component Description : Designator=D2_cdh4 Old Description=Typical INFRARED GaAs L New Description=Typical INFRARED GaAs LED
Change Component Description : Designator=D2_cdh5 Old Description=Typical INFRARED GaAs L New Description=Typical INFRARED GaAs LED
Change Component Description : Designator=D2_cdh6 Old Description=Typical INFRARED GaAs L New Description=Typical INFRARED GaAs LED
Change Component Description : Designator=D2_cdh7 Old Description=Typical INFRARED GaAs L New Description=Typical INFRARED GaAs LED
Change Component Description : Designator=D2_cdh8 Old Description=Typical INFRARED GaAs L New Description=Typical INFRARED GaAs LED
Change Component Library : Designator=C18 Old Library=Explorer STM32F407封装库.In New Library=Explorer STM32F407封装库.IntLib
Change Component Library : Designator=C19 Old Library=Explorer STM32F407封装库.In New Library=Explorer STM32F407封装库.IntLib
Change Component Library : Designator=R105 Old Library=Explorer STM32F407封装库.In New Library=Explorer STM32F407封装库.IntLib
Change Component Library : Designator=R106 Old Library=Explorer STM32F407封装库.In New Library=Explorer STM32F407封装库.IntLib
Added Component: Designator=C14(0603-CAP)
Added Component: Designator=C?(1206)
Added Component: Designator=C?(0603-CAP)
Added Component: Designator=C?(1206)
Added Component: Designator=C?(0603-CAP)
Added Component: Designator=D?(SS34)
Added Component: Designator=D?(SS34)
Added Component: Designator=L?(0402-A)
Added Component: Designator=R?(0603)
Added Component: Designator=R?(0603)
Added Component: Designator=R?(0603)
Added Component: Designator=R?(0603)
Added Component: Designator=R?(0603)
Added Component: Designator=R?(0603)
Added Component: Designator=U?(SO-8)
Added Pin To Net: NetName=VCC3.3 Pin=C14-1
Added Pin To Net: NetName=GND Pin=C14-2
Added Pin To Net: NetName=GND Pin=C?-1
Added Pin To Net: NetName=GND Pin=C?-2
Added Pin To Net: NetName=VCC8 Pin=C?-2
Added Pin To Net: NetName=VCC24 Pin=D?-1
Added Pin To Net: NetName=GND Pin=D?-2
Added Pin To Net: NetName=VCC8 Pin=L?-2
Added Pin To Net: NetName=GND Pin=R?-2
Added Pin To Net: NetName=GND Pin=R?-2
Added Pin To Net: NetName=GND Pin=R?-2
Added Pin To Net: NetName=GND Pin=R?-2
Added Pin To Net: NetName=VCC8 Pin=R?-2
Added Pin To Net: NetName=GND Pin=U?-5
Added Pin To Net: NetName=NetC?_1 Pin=C?-1
Added Pin To Net: NetName=NetC?_1 Pin=R?-1
Added Net: Name=NetC?_1
Added Pin To Net: NetName=NetC?_2 Pin=C?-2
Added Pin To Net: NetName=NetC?_2 Pin=U?-3
Added Net: Name=NetC?_2
Added Pin To Net: NetName=NetD?_2 Pin=D?-2
Added Pin To Net: NetName=NetD?_2 Pin=F3-1
Added Net: Name=NetD?_2
Added Pin To Net: NetName=NetR?_1 Pin=R?-1
Added Pin To Net: NetName=NetR?_1 Pin=R?-1
Added Pin To Net: NetName=NetR?_1 Pin=U?-4
Added Net: Name=NetR?_1
Added Member To Class: ClassName=总图 Member=Component C14 Cap
Added Member To Class: ClassName=总图 Member=Component C? 0.1uF
Added Member To Class: ClassName=总图 Member=Component D? 1N4007
Added Member To Class: ClassName=总图 Member=Component L? Inductor
Added Member To Class: ClassName=总图 Member=Component R? 29.4K
Added Member To Class: ClassName=总图 Member=Component U? MP1584
