Removed Pin From Net: NetName=NetR3_2 Pin=U19-1
Removed Pin From Net: NetName=NetR3_1 Pin=U19-2
Removed Pin From Net: NetName=H1_IN3 Pin=U19-3
Removed Pin From Net: NetName=VCC8 Pin=U19-4
Removed Pin From Net: NetName=NetR12_2 Pin=U19-5
Removed Pin From Net: NetName=H1_OUT2 Pin=U19-7
Removed Pin From Net: NetName=NetR13_2 Pin=U19-8
Removed Pin From Net: NetName=NetR13_2 Pin=U19-9
Removed Pin From Net: NetName=NetR24_1 Pin=U19-10
Removed Pin From Net: NetName=GND Pin=U19-11
Removed Pin From Net: NetName=NetR4_2 Pin=U19-12
Removed Pin From Net: NetName=H1_OUT4 Pin=U19-13
Removed Pin From Net: NetName=NetD2_1 Pin=U19-14
Added Component: Designator=U19(TSSOP14)
Added Pin To Net: NetName=NetR3_2 Pin=U19-1
Added Pin To Net: NetName=NetR3_1 Pin=U19-2
Added Pin To Net: NetName=H1_IN3 Pin=U19-3
Added Pin To Net: NetName=VCC8 Pin=U19-4
Added Pin To Net: NetName=NetR12_2 Pin=U19-5
Added Pin To Net: NetName=H1_OUT2 Pin=U19-7
Added Pin To Net: NetName=NetR13_2 Pin=U19-8
Added Pin To Net: NetName=NetR13_2 Pin=U19-9
Added Pin To Net: NetName=NetR24_1 Pin=U19-10
Added Pin To Net: NetName=GND Pin=U19-11
Added Pin To Net: NetName=NetR4_2 Pin=U19-12
Added Pin To Net: NetName=H1_OUT4 Pin=U19-13
Added Pin To Net: NetName=NetD2_1 Pin=U19-14
Added Member To Class: ClassName=´Åµ¼º½20161011 Member=Component U19 TLC2264
Added Member To Class: ClassName=´Åµ¼º½20161011 Member=Component U20 TLC2264
Added Member To Class: ClassName=´Åµ¼º½20161011 Member=Component U21 TLC2264
Added Member To Class: ClassName=´Åµ¼º½20161011 Member=Component U22 TLC2264
Added Member To Class: ClassName=´Åµ¼º½20161011 Member=Component U23 TLC2264
Added Member To Class: ClassName=´Åµ¼º½20161011 Member=Component U25 TLC2264
