Added Component: Designator=C1(C0805)
Added Component: Designator=C2(C0805)
Added Component: Designator=C3(C0805)
Added Component: Designator=C4(C0805)
Added Component: Designator=C5(C0805)
Added Component: Designator=C6(C0805)
Added Component: Designator=C7(C0805)
Added Component: Designator=C8(C0805)
Added Component: Designator=C9(C0805)
Added Component: Designator=C10(C0805)
Added Component: Designator=C11(C0805)
Added Component: Designator=D1(LED-0)
Added Component: Designator=D2(LC-0805_LED_S1)
Added Component: Designator=D3(DO-41)
Added Component: Designator=D4(LED-0)
Added Component: Designator=D5(LED-0)
Added Component: Designator=D6(LED-0)
Added Component: Designator=D7(LED-0)
Added Component: Designator=D8(LED-0)
Added Component: Designator=D9(LED-0)
Added Component: Designator=F1(1206)
Added Component: Designator=F2(1206)
Added Component: Designator=F3(1206)
Added Component: Designator=F4(1206)
Added Component: Designator=F5(1206)
Added Component: Designator=F6(1206)
Added Component: Designator=F7(1206)
Added Component: Designator=F8(1206)
Added Component: Designator=F9(1206)
Added Component: Designator=P1(HDR2X5)
Added Component: Designator=Q1(SOT-23R)
Added Component: Designator=Q2(SOT-23R)
Added Component: Designator=Q3(SOT-23R)
Added Component: Designator=Q4(SOT-23R)
Added Component: Designator=Q5(SOT-23R)
Added Component: Designator=Q6(SOT-23R)
Added Component: Designator=Q7(SOT-23R)
Added Component: Designator=Q8(SOT-23R)
Added Component: Designator=R1(0805)
Added Component: Designator=R2(0805)
Added Component: Designator=R3(0805)
Added Component: Designator=R4(0805)
Added Component: Designator=R5(0805)
Added Component: Designator=R6(0805)
Added Component: Designator=R7(VR3)
Added Component: Designator=R8(VR3)
Added Component: Designator=R9(0805)
Added Component: Designator=R10(0805)
Added Component: Designator=R11(0805)
Added Component: Designator=R12(0805)
Added Component: Designator=R13(0805)
Added Component: Designator=R14(0805)
Added Component: Designator=R15(0805)
Added Component: Designator=R16(0805)
Added Component: Designator=R17(0805)
Added Component: Designator=R18(0805)
Added Component: Designator=R19(0805)
Added Component: Designator=R20(0805)
Added Component: Designator=R21(0805)
Added Component: Designator=R22(0805)
Added Component: Designator=R23(0805)
Added Component: Designator=R24(0805)
Added Component: Designator=R25(0805)
Added Component: Designator=R26(0805)
Added Component: Designator=R27(0805)
Added Component: Designator=R28(0805)
Added Component: Designator=R29(0805)
Added Component: Designator=R30(0805)
Added Component: Designator=R31(0805)
Added Component: Designator=R32(0805)
Added Component: Designator=R33(VR3)
Added Component: Designator=R34(VR3)
Added Component: Designator=R35(0805)
Added Component: Designator=R36(0805)
Added Component: Designator=R37(0805)
Added Component: Designator=R38(0805)
Added Component: Designator=R39(0805)
Added Component: Designator=R40(0805)
Added Component: Designator=R41(0805)
Added Component: Designator=R42(0805)
Added Component: Designator=R43(0805)
Added Component: Designator=R44(0805)
Added Component: Designator=R45(0805)
Added Component: Designator=R46(0805)
Added Component: Designator=R47(0805)
Added Component: Designator=R48(0805)
Added Component: Designator=R49(0805)
Added Component: Designator=R50(0805)
Added Component: Designator=R51(0805)
Added Component: Designator=R52(0805)
Added Component: Designator=R53(0805)
Added Component: Designator=R54(0805)
Added Component: Designator=R55(0805)
Added Component: Designator=R56(0805)
Added Component: Designator=R57(0805)
Added Component: Designator=R58(0805)
Added Component: Designator=R59(VR3)
Added Component: Designator=R60(VR3)
Added Component: Designator=R61(0805)
Added Component: Designator=R62(0805)
Added Component: Designator=R63(0805)
Added Component: Designator=R64(0805)
Added Component: Designator=R65(0805)
Added Component: Designator=R66(0805)
Added Component: Designator=R67(0805)
Added Component: Designator=R68(0805)
Added Component: Designator=R69(0805)
Added Component: Designator=R70(0805)
Added Component: Designator=R71(0805)
Added Component: Designator=R72(0805)
Added Component: Designator=R73(0805)
Added Component: Designator=R74(0805)
Added Component: Designator=R75(0805)
Added Component: Designator=R76(0805)
Added Component: Designator=R77(0805)
Added Component: Designator=R78(0805)
Added Component: Designator=R79(0805)
Added Component: Designator=R80(0805)
Added Component: Designator=R81(0805)
Added Component: Designator=R82(0805)
Added Component: Designator=R83(0805)
Added Component: Designator=R84(0805)
Added Component: Designator=R85(VR3)
Added Component: Designator=R86(VR3)
Added Component: Designator=R87(0805)
Added Component: Designator=R88(0805)
Added Component: Designator=R89(0805)
Added Component: Designator=R90(0805)
Added Component: Designator=R91(0805)
Added Component: Designator=R92(0805)
Added Component: Designator=R93(0805)
Added Component: Designator=R94(0805)
Added Component: Designator=R95(0805)
Added Component: Designator=R96(0805)
Added Component: Designator=R97(0805)
Added Component: Designator=R98(0805)
Added Component: Designator=R99(0805)
Added Component: Designator=R100(0805)
Added Component: Designator=R101(0805)
Added Component: Designator=R102(0805)
Added Component: Designator=R103(0805)
Added Component: Designator=R104(0805)
Added Component: Designator=U2(SO-8)
Added Component: Designator=U3(SO-8)
Added Component: Designator=U6(SO-8)
Added Component: Designator=U7(SO-8)
Added Component: Designator=U10(SO-8)
Added Component: Designator=U12(SO-8)
Added Component: Designator=U15(SO-8)
Added Component: Designator=U16(SO-8)
Added Pin To Net: NetName=CDH1 Pin=F2-2
Added Pin To Net: NetName=CDH1 Pin=P1-1
Added Net: Name=CDH1
Added Pin To Net: NetName=CDH2 Pin=F1-2
Added Pin To Net: NetName=CDH2 Pin=P1-2
Added Net: Name=CDH2
Added Pin To Net: NetName=CDH3 Pin=F5-2
Added Pin To Net: NetName=CDH3 Pin=P1-3
Added Net: Name=CDH3
Added Pin To Net: NetName=CDH4 Pin=F4-2
Added Pin To Net: NetName=CDH4 Pin=P1-4
Added Net: Name=CDH4
Added Pin To Net: NetName=CDH5 Pin=F7-2
Added Pin To Net: NetName=CDH5 Pin=P1-5
Added Net: Name=CDH5
Added Pin To Net: NetName=CDH6 Pin=F6-2
Added Pin To Net: NetName=CDH6 Pin=P1-6
Added Net: Name=CDH6
Added Pin To Net: NetName=CDH7 Pin=F9-2
Added Pin To Net: NetName=CDH7 Pin=P1-7
Added Net: Name=CDH7
Added Pin To Net: NetName=CDH8 Pin=F8-2
Added Pin To Net: NetName=CDH8 Pin=P1-8
Added Net: Name=CDH8
Added Pin To Net: NetName=GND Pin=C1-1
Added Pin To Net: NetName=GND Pin=C2-1
Added Pin To Net: NetName=GND Pin=C3-2
Added Pin To Net: NetName=GND Pin=C4-2
Added Pin To Net: NetName=GND Pin=C5-1
Added Pin To Net: NetName=GND Pin=C6-1
Added Pin To Net: NetName=GND Pin=C7-1
Added Pin To Net: NetName=GND Pin=C8-1
Added Pin To Net: NetName=GND Pin=C9-1
Added Pin To Net: NetName=GND Pin=C10-1
Added Pin To Net: NetName=GND Pin=C11-1
Added Pin To Net: NetName=GND Pin=P1-9
Added Pin To Net: NetName=GND Pin=Q1-3
Added Pin To Net: NetName=GND Pin=Q2-3
Added Pin To Net: NetName=GND Pin=Q3-3
Added Pin To Net: NetName=GND Pin=Q4-3
Added Pin To Net: NetName=GND Pin=Q5-3
Added Pin To Net: NetName=GND Pin=Q6-3
Added Pin To Net: NetName=GND Pin=Q7-3
Added Pin To Net: NetName=GND Pin=Q8-3
Added Pin To Net: NetName=GND Pin=R19-2
Added Pin To Net: NetName=GND Pin=R20-2
Added Pin To Net: NetName=GND Pin=R25-1
Added Pin To Net: NetName=GND Pin=R26-1
Added Pin To Net: NetName=GND Pin=R45-2
Added Pin To Net: NetName=GND Pin=R46-2
Added Pin To Net: NetName=GND Pin=R51-1
Added Pin To Net: NetName=GND Pin=R52-1
Added Pin To Net: NetName=GND Pin=R71-2
Added Pin To Net: NetName=GND Pin=R72-2
Added Pin To Net: NetName=GND Pin=R77-1
Added Pin To Net: NetName=GND Pin=R78-1
Added Pin To Net: NetName=GND Pin=R97-2
Added Pin To Net: NetName=GND Pin=R98-2
Added Pin To Net: NetName=GND Pin=R103-1
Added Pin To Net: NetName=GND Pin=R104-1
Added Net: Name=GND
Added Net: Name=H1_IN1
Added Net: Name=H1_IN3
Added Pin To Net: NetName=H1_OUT2 Pin=R18-1
Added Pin To Net: NetName=H1_OUT2 Pin=U3-4
Added Net: Name=H1_OUT2
Added Pin To Net: NetName=H1_OUT4 Pin=R6-1
Added Pin To Net: NetName=H1_OUT4 Pin=U3-2
Added Pin To Net: NetName=H1_OUT4 Pin=U3-3
Added Net: Name=H1_OUT4
Added Net: Name=H2_IN1
Added Net: Name=H2_IN3
Added Pin To Net: NetName=H2_OUT2 Pin=R17-1
Added Pin To Net: NetName=H2_OUT2 Pin=U2-4
Added Net: Name=H2_OUT2
Added Pin To Net: NetName=H2_OUT4 Pin=R5-1
Added Pin To Net: NetName=H2_OUT4 Pin=U2-2
Added Pin To Net: NetName=H2_OUT4 Pin=U2-3
Added Net: Name=H2_OUT4
Added Net: Name=H3_IN1
Added Net: Name=H3_IN3
Added Pin To Net: NetName=H3_OUT2 Pin=R44-1
Added Pin To Net: NetName=H3_OUT2 Pin=U7-4
Added Net: Name=H3_OUT2
Added Pin To Net: NetName=H3_OUT4 Pin=R32-1
Added Pin To Net: NetName=H3_OUT4 Pin=U7-2
Added Pin To Net: NetName=H3_OUT4 Pin=U7-3
Added Net: Name=H3_OUT4
Added Net: Name=H4_IN1
Added Net: Name=H4_IN3
Added Pin To Net: NetName=H4_OUT2 Pin=R43-1
Added Pin To Net: NetName=H4_OUT2 Pin=U6-4
Added Net: Name=H4_OUT2
Added Pin To Net: NetName=H4_OUT4 Pin=R31-1
Added Pin To Net: NetName=H4_OUT4 Pin=U6-2
Added Pin To Net: NetName=H4_OUT4 Pin=U6-3
Added Net: Name=H4_OUT4
Added Net: Name=H5_IN1
Added Net: Name=H5_IN3
Added Pin To Net: NetName=H5_OUT2 Pin=R70-1
Added Pin To Net: NetName=H5_OUT2 Pin=U12-4
Added Net: Name=H5_OUT2
Added Pin To Net: NetName=H5_OUT4 Pin=R58-1
Added Pin To Net: NetName=H5_OUT4 Pin=U12-2
Added Pin To Net: NetName=H5_OUT4 Pin=U12-3
Added Net: Name=H5_OUT4
Added Net: Name=H6_IN1
Added Net: Name=H6_IN3
Added Pin To Net: NetName=H6_OUT2 Pin=R69-1
Added Pin To Net: NetName=H6_OUT2 Pin=U10-4
Added Net: Name=H6_OUT2
Added Pin To Net: NetName=H6_OUT4 Pin=R57-1
Added Pin To Net: NetName=H6_OUT4 Pin=U10-2
Added Pin To Net: NetName=H6_OUT4 Pin=U10-3
Added Net: Name=H6_OUT4
Added Net: Name=H7_IN1
Added Net: Name=H7_IN3
Added Pin To Net: NetName=H7_OUT2 Pin=R96-1
Added Pin To Net: NetName=H7_OUT2 Pin=U16-4
Added Net: Name=H7_OUT2
Added Pin To Net: NetName=H7_OUT4 Pin=R84-1
Added Pin To Net: NetName=H7_OUT4 Pin=U16-2
Added Pin To Net: NetName=H7_OUT4 Pin=U16-3
Added Net: Name=H7_OUT4
Added Net: Name=H8_IN1
Added Net: Name=H8_IN3
Added Pin To Net: NetName=H8_OUT2 Pin=R95-1
Added Pin To Net: NetName=H8_OUT2 Pin=U15-4
Added Net: Name=H8_OUT2
Added Pin To Net: NetName=H8_OUT4 Pin=R83-1
Added Pin To Net: NetName=H8_OUT4 Pin=U15-2
Added Pin To Net: NetName=H8_OUT4 Pin=U15-3
Added Net: Name=H8_OUT4
Added Pin To Net: NetName=NetC3_1 Pin=C3-1
Added Pin To Net: NetName=NetC3_1 Pin=F3-2
Added Net: Name=NetC3_1
Added Pin To Net: NetName=NetD1_1 Pin=D1-1
Added Pin To Net: NetName=NetD1_1 Pin=R21-2
Added Net: Name=NetD1_1
Added Pin To Net: NetName=NetD1_2 Pin=D1-2
Added Pin To Net: NetName=NetD1_2 Pin=R15-1
Added Pin To Net: NetName=NetD1_2 Pin=R19-1
Added Net: Name=NetD1_2
Added Pin To Net: NetName=NetD2_1 Pin=R22-2
Added Net: Name=NetD2_1
Added Pin To Net: NetName=NetD2_2 Pin=R16-1
Added Pin To Net: NetName=NetD2_2 Pin=R20-1
Added Net: Name=NetD2_2
Added Pin To Net: NetName=NetD3_2 Pin=D3-2
Added Pin To Net: NetName=NetD3_2 Pin=F3-1
Added Net: Name=NetD3_2
Added Pin To Net: NetName=NetD4_1 Pin=D4-1
Added Pin To Net: NetName=NetD4_1 Pin=R47-2
Added Net: Name=NetD4_1
Added Pin To Net: NetName=NetD4_2 Pin=D4-2
Added Pin To Net: NetName=NetD4_2 Pin=R41-1
Added Pin To Net: NetName=NetD4_2 Pin=R45-1
Added Net: Name=NetD4_2
Added Pin To Net: NetName=NetD5_1 Pin=D5-1
Added Pin To Net: NetName=NetD5_1 Pin=R48-2
Added Net: Name=NetD5_1
Added Pin To Net: NetName=NetD5_2 Pin=D5-2
Added Pin To Net: NetName=NetD5_2 Pin=R42-1
Added Pin To Net: NetName=NetD5_2 Pin=R46-1
Added Net: Name=NetD5_2
Added Pin To Net: NetName=NetD6_1 Pin=D6-1
Added Pin To Net: NetName=NetD6_1 Pin=R73-2
Added Net: Name=NetD6_1
Added Pin To Net: NetName=NetD6_2 Pin=D6-2
Added Pin To Net: NetName=NetD6_2 Pin=R67-1
Added Pin To Net: NetName=NetD6_2 Pin=R71-1
Added Net: Name=NetD6_2
Added Pin To Net: NetName=NetD7_1 Pin=D7-1
Added Pin To Net: NetName=NetD7_1 Pin=R74-2
Added Net: Name=NetD7_1
Added Pin To Net: NetName=NetD7_2 Pin=D7-2
Added Pin To Net: NetName=NetD7_2 Pin=R68-1
Added Pin To Net: NetName=NetD7_2 Pin=R72-1
Added Net: Name=NetD7_2
Added Pin To Net: NetName=NetD8_1 Pin=D8-1
Added Pin To Net: NetName=NetD8_1 Pin=R99-2
Added Net: Name=NetD8_1
Added Pin To Net: NetName=NetD8_2 Pin=D8-2
Added Pin To Net: NetName=NetD8_2 Pin=R93-1
Added Pin To Net: NetName=NetD8_2 Pin=R97-1
Added Net: Name=NetD8_2
Added Pin To Net: NetName=NetD9_1 Pin=D9-1
Added Pin To Net: NetName=NetD9_1 Pin=R100-2
Added Net: Name=NetD9_1
Added Pin To Net: NetName=NetD9_2 Pin=D9-2
Added Pin To Net: NetName=NetD9_2 Pin=R94-1
Added Pin To Net: NetName=NetD9_2 Pin=R98-1
Added Net: Name=NetD9_2
Added Pin To Net: NetName=NetF1_1 Pin=F1-1
Added Pin To Net: NetName=NetF1_1 Pin=Q1-1
Added Net: Name=NetF1_1
Added Pin To Net: NetName=NetF2_1 Pin=F2-1
Added Pin To Net: NetName=NetF2_1 Pin=Q2-1
Added Net: Name=NetF2_1
Added Pin To Net: NetName=NetF4_1 Pin=F4-1
Added Pin To Net: NetName=NetF4_1 Pin=Q3-1
Added Net: Name=NetF4_1
Added Pin To Net: NetName=NetF5_1 Pin=F5-1
Added Pin To Net: NetName=NetF5_1 Pin=Q4-1
Added Net: Name=NetF5_1
Added Pin To Net: NetName=NetF6_1 Pin=F6-1
Added Pin To Net: NetName=NetF6_1 Pin=Q5-1
Added Net: Name=NetF6_1
Added Pin To Net: NetName=NetF7_1 Pin=F7-1
Added Pin To Net: NetName=NetF7_1 Pin=Q6-1
Added Net: Name=NetF7_1
Added Pin To Net: NetName=NetF8_1 Pin=F8-1
Added Pin To Net: NetName=NetF8_1 Pin=Q7-1
Added Net: Name=NetF8_1
Added Pin To Net: NetName=NetF9_1 Pin=F9-1
Added Pin To Net: NetName=NetF9_1 Pin=Q8-1
Added Net: Name=NetF9_1
Added Pin To Net: NetName=NetQ1_2 Pin=Q1-2
Added Pin To Net: NetName=NetQ1_2 Pin=R15-2
Added Net: Name=NetQ1_2
Added Pin To Net: NetName=NetQ2_2 Pin=Q2-2
Added Pin To Net: NetName=NetQ2_2 Pin=R16-2
Added Net: Name=NetQ2_2
Added Pin To Net: NetName=NetQ3_2 Pin=Q3-2
Added Pin To Net: NetName=NetQ3_2 Pin=R41-2
Added Net: Name=NetQ3_2
Added Pin To Net: NetName=NetQ4_2 Pin=Q4-2
Added Pin To Net: NetName=NetQ4_2 Pin=R42-2
Added Net: Name=NetQ4_2
Added Pin To Net: NetName=NetQ5_2 Pin=Q5-2
Added Pin To Net: NetName=NetQ5_2 Pin=R67-2
Added Net: Name=NetQ5_2
Added Pin To Net: NetName=NetQ6_2 Pin=Q6-2
Added Pin To Net: NetName=NetQ6_2 Pin=R68-2
Added Net: Name=NetQ6_2
Added Pin To Net: NetName=NetQ7_2 Pin=Q7-2
Added Pin To Net: NetName=NetQ7_2 Pin=R93-2
Added Net: Name=NetQ7_2
Added Pin To Net: NetName=NetQ8_2 Pin=Q8-2
Added Pin To Net: NetName=NetQ8_2 Pin=R94-2
Added Net: Name=NetQ8_2
Added Pin To Net: NetName=NetR1_1 Pin=R1-1
Added Pin To Net: NetName=NetR1_1 Pin=R11-1
Added Net: Name=NetR1_1
Added Pin To Net: NetName=NetR1_2 Pin=R1-2
Added Pin To Net: NetName=NetR1_2 Pin=R2-1
Added Net: Name=NetR1_2
Added Pin To Net: NetName=NetR2_2 Pin=R2-2
Added Pin To Net: NetName=NetR2_2 Pin=R21-1
Added Net: Name=NetR2_2
Added Pin To Net: NetName=NetR3_1 Pin=R3-1
Added Pin To Net: NetName=NetR3_1 Pin=R14-1
Added Net: Name=NetR3_1
Added Pin To Net: NetName=NetR3_2 Pin=R3-2
Added Pin To Net: NetName=NetR3_2 Pin=R4-1
Added Net: Name=NetR3_2
Added Pin To Net: NetName=NetR4_2 Pin=R4-2
Added Pin To Net: NetName=NetR4_2 Pin=R22-1
Added Net: Name=NetR4_2
Added Pin To Net: NetName=NetR5_2 Pin=R5-2
Added Pin To Net: NetName=NetR5_2 Pin=R7-1
Added Net: Name=NetR5_2
Added Pin To Net: NetName=NetR6_2 Pin=R6-2
Added Pin To Net: NetName=NetR6_2 Pin=R8-1
Added Net: Name=NetR6_2
Added Pin To Net: NetName=NetR7_2 Pin=R7-2
Added Pin To Net: NetName=NetR7_2 Pin=R17-2
Added Net: Name=NetR7_2
Added Pin To Net: NetName=NetR7_3 Pin=R7-3
Added Pin To Net: NetName=NetR7_3 Pin=R9-1
Added Net: Name=NetR7_3
Added Pin To Net: NetName=NetR8_2 Pin=R8-2
Added Pin To Net: NetName=NetR8_2 Pin=R18-2
Added Net: Name=NetR8_2
Added Pin To Net: NetName=NetR8_3 Pin=R8-3
Added Pin To Net: NetName=NetR8_3 Pin=R12-1
Added Net: Name=NetR8_3
Added Pin To Net: NetName=NetR9_2 Pin=R9-2
Added Pin To Net: NetName=NetR9_2 Pin=R10-1
Added Net: Name=NetR9_2
Added Pin To Net: NetName=NetR10_2 Pin=R10-2
Added Pin To Net: NetName=NetR10_2 Pin=R11-2
Added Net: Name=NetR10_2
Added Pin To Net: NetName=NetR12_2 Pin=R12-2
Added Pin To Net: NetName=NetR12_2 Pin=R13-1
Added Net: Name=NetR12_2
Added Pin To Net: NetName=NetR13_2 Pin=R13-2
Added Pin To Net: NetName=NetR13_2 Pin=R14-2
Added Net: Name=NetR13_2
Added Pin To Net: NetName=NetR23_1 Pin=R23-1
Added Pin To Net: NetName=NetR23_1 Pin=R25-2
Added Net: Name=NetR23_1
Added Pin To Net: NetName=NetR24_1 Pin=R24-1
Added Pin To Net: NetName=NetR24_1 Pin=R26-2
Added Net: Name=NetR24_1
Added Pin To Net: NetName=NetR27_1 Pin=R27-1
Added Pin To Net: NetName=NetR27_1 Pin=R37-1
Added Net: Name=NetR27_1
Added Pin To Net: NetName=NetR27_2 Pin=R27-2
Added Pin To Net: NetName=NetR27_2 Pin=R28-1
Added Net: Name=NetR27_2
Added Pin To Net: NetName=NetR28_2 Pin=R28-2
Added Pin To Net: NetName=NetR28_2 Pin=R47-1
Added Net: Name=NetR28_2
Added Pin To Net: NetName=NetR29_1 Pin=R29-1
Added Pin To Net: NetName=NetR29_1 Pin=R40-1
Added Net: Name=NetR29_1
Added Pin To Net: NetName=NetR29_2 Pin=R29-2
Added Pin To Net: NetName=NetR29_2 Pin=R30-1
Added Net: Name=NetR29_2
Added Pin To Net: NetName=NetR30_2 Pin=R30-2
Added Pin To Net: NetName=NetR30_2 Pin=R48-1
Added Net: Name=NetR30_2
Added Pin To Net: NetName=NetR31_2 Pin=R31-2
Added Pin To Net: NetName=NetR31_2 Pin=R33-1
Added Net: Name=NetR31_2
Added Pin To Net: NetName=NetR32_2 Pin=R32-2
Added Pin To Net: NetName=NetR32_2 Pin=R34-1
Added Net: Name=NetR32_2
Added Pin To Net: NetName=NetR33_2 Pin=R33-2
Added Pin To Net: NetName=NetR33_2 Pin=R43-2
Added Net: Name=NetR33_2
Added Pin To Net: NetName=NetR33_3 Pin=R33-3
Added Pin To Net: NetName=NetR33_3 Pin=R35-1
Added Net: Name=NetR33_3
Added Pin To Net: NetName=NetR34_2 Pin=R34-2
Added Pin To Net: NetName=NetR34_2 Pin=R44-2
Added Net: Name=NetR34_2
Added Pin To Net: NetName=NetR34_3 Pin=R34-3
Added Pin To Net: NetName=NetR34_3 Pin=R38-1
Added Net: Name=NetR34_3
Added Pin To Net: NetName=NetR35_2 Pin=R35-2
Added Pin To Net: NetName=NetR35_2 Pin=R36-1
Added Net: Name=NetR35_2
Added Pin To Net: NetName=NetR36_2 Pin=R36-2
Added Pin To Net: NetName=NetR36_2 Pin=R37-2
Added Net: Name=NetR36_2
Added Pin To Net: NetName=NetR38_2 Pin=R38-2
Added Pin To Net: NetName=NetR38_2 Pin=R39-1
Added Net: Name=NetR38_2
Added Pin To Net: NetName=NetR39_2 Pin=R39-2
Added Pin To Net: NetName=NetR39_2 Pin=R40-2
Added Net: Name=NetR39_2
Added Pin To Net: NetName=NetR49_1 Pin=R49-1
Added Pin To Net: NetName=NetR49_1 Pin=R51-2
Added Net: Name=NetR49_1
Added Pin To Net: NetName=NetR50_1 Pin=R50-1
Added Pin To Net: NetName=NetR50_1 Pin=R52-2
Added Net: Name=NetR50_1
Added Pin To Net: NetName=NetR53_1 Pin=R53-1
Added Pin To Net: NetName=NetR53_1 Pin=R63-1
Added Net: Name=NetR53_1
Added Pin To Net: NetName=NetR53_2 Pin=R53-2
Added Pin To Net: NetName=NetR53_2 Pin=R54-1
Added Net: Name=NetR53_2
Added Pin To Net: NetName=NetR54_2 Pin=R54-2
Added Pin To Net: NetName=NetR54_2 Pin=R73-1
Added Net: Name=NetR54_2
Added Pin To Net: NetName=NetR55_1 Pin=R55-1
Added Pin To Net: NetName=NetR55_1 Pin=R66-1
Added Net: Name=NetR55_1
Added Pin To Net: NetName=NetR55_2 Pin=R55-2
Added Pin To Net: NetName=NetR55_2 Pin=R56-1
Added Net: Name=NetR55_2
Added Pin To Net: NetName=NetR56_2 Pin=R56-2
Added Pin To Net: NetName=NetR56_2 Pin=R74-1
Added Net: Name=NetR56_2
Added Pin To Net: NetName=NetR57_2 Pin=R57-2
Added Pin To Net: NetName=NetR57_2 Pin=R59-1
Added Net: Name=NetR57_2
Added Pin To Net: NetName=NetR58_2 Pin=R58-2
Added Pin To Net: NetName=NetR58_2 Pin=R60-1
Added Net: Name=NetR58_2
Added Pin To Net: NetName=NetR59_2 Pin=R59-2
Added Pin To Net: NetName=NetR59_2 Pin=R69-2
Added Net: Name=NetR59_2
Added Pin To Net: NetName=NetR59_3 Pin=R59-3
Added Pin To Net: NetName=NetR59_3 Pin=R61-1
Added Net: Name=NetR59_3
Added Pin To Net: NetName=NetR60_2 Pin=R60-2
Added Pin To Net: NetName=NetR60_2 Pin=R70-2
Added Net: Name=NetR60_2
Added Pin To Net: NetName=NetR60_3 Pin=R60-3
Added Pin To Net: NetName=NetR60_3 Pin=R64-1
Added Net: Name=NetR60_3
Added Pin To Net: NetName=NetR61_2 Pin=R61-2
Added Pin To Net: NetName=NetR61_2 Pin=R62-1
Added Net: Name=NetR61_2
Added Pin To Net: NetName=NetR62_2 Pin=R62-2
Added Pin To Net: NetName=NetR62_2 Pin=R63-2
Added Net: Name=NetR62_2
Added Pin To Net: NetName=NetR64_2 Pin=R64-2
Added Pin To Net: NetName=NetR64_2 Pin=R65-1
Added Net: Name=NetR64_2
Added Pin To Net: NetName=NetR65_2 Pin=R65-2
Added Pin To Net: NetName=NetR65_2 Pin=R66-2
Added Net: Name=NetR65_2
Added Pin To Net: NetName=NetR75_1 Pin=R75-1
Added Pin To Net: NetName=NetR75_1 Pin=R77-2
Added Net: Name=NetR75_1
Added Pin To Net: NetName=NetR76_1 Pin=R76-1
Added Pin To Net: NetName=NetR76_1 Pin=R78-2
Added Net: Name=NetR76_1
Added Pin To Net: NetName=NetR79_1 Pin=R79-1
Added Pin To Net: NetName=NetR79_1 Pin=R89-1
Added Net: Name=NetR79_1
Added Pin To Net: NetName=NetR79_2 Pin=R79-2
Added Pin To Net: NetName=NetR79_2 Pin=R80-1
Added Net: Name=NetR79_2
Added Pin To Net: NetName=NetR80_2 Pin=R80-2
Added Pin To Net: NetName=NetR80_2 Pin=R99-1
Added Net: Name=NetR80_2
Added Pin To Net: NetName=NetR81_1 Pin=R81-1
Added Pin To Net: NetName=NetR81_1 Pin=R92-1
Added Net: Name=NetR81_1
Added Pin To Net: NetName=NetR81_2 Pin=R81-2
Added Pin To Net: NetName=NetR81_2 Pin=R82-1
Added Net: Name=NetR81_2
Added Pin To Net: NetName=NetR82_2 Pin=R82-2
Added Pin To Net: NetName=NetR82_2 Pin=R100-1
Added Net: Name=NetR82_2
Added Pin To Net: NetName=NetR83_2 Pin=R83-2
Added Pin To Net: NetName=NetR83_2 Pin=R85-1
Added Net: Name=NetR83_2
Added Pin To Net: NetName=NetR84_2 Pin=R84-2
Added Pin To Net: NetName=NetR84_2 Pin=R86-1
Added Net: Name=NetR84_2
Added Pin To Net: NetName=NetR85_2 Pin=R85-2
Added Pin To Net: NetName=NetR85_2 Pin=R95-2
Added Net: Name=NetR85_2
Added Pin To Net: NetName=NetR85_3 Pin=R85-3
Added Pin To Net: NetName=NetR85_3 Pin=R87-1
Added Net: Name=NetR85_3
Added Pin To Net: NetName=NetR86_2 Pin=R86-2
Added Pin To Net: NetName=NetR86_2 Pin=R96-2
Added Net: Name=NetR86_2
Added Pin To Net: NetName=NetR86_3 Pin=R86-3
Added Pin To Net: NetName=NetR86_3 Pin=R90-1
Added Net: Name=NetR86_3
Added Pin To Net: NetName=NetR87_2 Pin=R87-2
Added Pin To Net: NetName=NetR87_2 Pin=R88-1
Added Net: Name=NetR87_2
Added Pin To Net: NetName=NetR88_2 Pin=R88-2
Added Pin To Net: NetName=NetR88_2 Pin=R89-2
Added Net: Name=NetR88_2
Added Pin To Net: NetName=NetR90_2 Pin=R90-2
Added Pin To Net: NetName=NetR90_2 Pin=R91-1
Added Net: Name=NetR90_2
Added Pin To Net: NetName=NetR91_2 Pin=R91-2
Added Pin To Net: NetName=NetR91_2 Pin=R92-2
Added Net: Name=NetR91_2
Added Pin To Net: NetName=NetR101_1 Pin=R101-1
Added Pin To Net: NetName=NetR101_1 Pin=R103-2
Added Net: Name=NetR101_1
Added Pin To Net: NetName=NetR102_1 Pin=R102-1
Added Pin To Net: NetName=NetR102_1 Pin=R104-2
Added Net: Name=NetR102_1
Added Pin To Net: NetName=VCC8 Pin=C1-2
Added Pin To Net: NetName=VCC8 Pin=C2-2
Added Pin To Net: NetName=VCC8 Pin=C4-1
Added Pin To Net: NetName=VCC8 Pin=C5-2
Added Pin To Net: NetName=VCC8 Pin=C6-2
Added Pin To Net: NetName=VCC8 Pin=C7-2
Added Pin To Net: NetName=VCC8 Pin=C8-2
Added Pin To Net: NetName=VCC8 Pin=C9-2
Added Pin To Net: NetName=VCC8 Pin=C10-2
Added Pin To Net: NetName=VCC8 Pin=C11-2
Added Pin To Net: NetName=VCC8 Pin=R23-2
Added Pin To Net: NetName=VCC8 Pin=R24-2
Added Pin To Net: NetName=VCC8 Pin=R49-2
Added Pin To Net: NetName=VCC8 Pin=R50-2
Added Pin To Net: NetName=VCC8 Pin=R75-2
Added Pin To Net: NetName=VCC8 Pin=R76-2
Added Pin To Net: NetName=VCC8 Pin=R101-2
Added Pin To Net: NetName=VCC8 Pin=R102-2
Added Pin To Net: NetName=VCC8 Pin=U2-1
Added Pin To Net: NetName=VCC8 Pin=U3-1
Added Pin To Net: NetName=VCC8 Pin=U6-1
Added Pin To Net: NetName=VCC8 Pin=U7-1
Added Pin To Net: NetName=VCC8 Pin=U10-1
Added Pin To Net: NetName=VCC8 Pin=U12-1
Added Pin To Net: NetName=VCC8 Pin=U15-1
Added Pin To Net: NetName=VCC8 Pin=U16-1
Added Net: Name=VCC8
Added Pin To Net: NetName=VCC24 Pin=D3-1
Added Pin To Net: NetName=VCC24 Pin=P1-10
Added Net: Name=VCC24
Added Class: Name=´Åµ¼º½20161011
Added Room: Name=´Åµ¼º½20161011
