Removed Pin From Net: NetName=NetR81_2 Pin=U11-1
Removed Pin From Net: NetName=NetR81_1 Pin=U11-2
Removed Pin From Net: NetName=H7_IN3 Pin=U11-3
Removed Pin From Net: NetName=VCC8 Pin=U11-4
Removed Pin From Net: NetName=NetR90_2 Pin=U11-5
Removed Pin From Net: NetName=H2_OUT4 Pin=U11-6
Removed Pin From Net: NetName=NetD1_1 Pin=U11-7
Removed Pin From Net: NetName=NetR91_2 Pin=U11-8
Removed Pin From Net: NetName=NetR91_2 Pin=U11-9
Removed Pin From Net: NetName=NetR102_1 Pin=U11-10
Removed Pin From Net: NetName=GND Pin=U11-11
Removed Pin From Net: NetName=NetR82_2 Pin=U11-12
Removed Pin From Net: NetName=H8_OUT4 Pin=U11-13
Removed Pin From Net: NetName=NetD9_1 Pin=U11-14
Change Component Designator: OldDesignator=U11 NewDesignator=U20
Change Component Designator: OldDesignator=U11 NewDesignator=U22
Change Component Designator: OldDesignator=U11 NewDesignator=U24
Change Component Designator: OldDesignator=U11 NewDesignator=U25
Added Component: Designator=U19(TSSOP14)
Added Component: Designator=U21(TSSOP14)
Added Component: Designator=U23(TSSOP14)
Added Component: Designator=U26(TSSOP14)
Added Pin To Net: NetName=NetR1_2 Pin=U11-1
Added Pin To Net: NetName=NetR1_1 Pin=U11-2
Added Pin To Net: NetName=H2_IN3 Pin=U11-3
Added Pin To Net: NetName=VCC8 Pin=U11-4
Added Pin To Net: NetName=NetR2_2 Pin=U11-5
Added Pin To Net: NetName=H2_OUT4 Pin=U11-6
Added Pin To Net: NetName=NetD1_1 Pin=U11-7
Added Pin To Net: NetName=NetR10_2 Pin=U11-8
Added Pin To Net: NetName=NetR10_2 Pin=U11-9
Added Pin To Net: NetName=NetR23_1 Pin=U11-10
Added Pin To Net: NetName=GND Pin=U11-11
Added Pin To Net: NetName=NetR4_2 Pin=U11-12
Added Pin To Net: NetName=H1_OUT4 Pin=U11-13
Added Pin To Net: NetName=NetD2_1 Pin=U11-14
Added Pin To Net: NetName=NetR3_2 Pin=U19-1
Added Pin To Net: NetName=NetR3_1 Pin=U19-2
Added Pin To Net: NetName=H1_IN3 Pin=U19-3
Added Pin To Net: NetName=VCC8 Pin=U19-4
Added Pin To Net: NetName=NetR9_2 Pin=U19-5
Added Pin To Net: NetName=H2_OUT2 Pin=U19-7
Added Pin To Net: NetName=H1_OUT2 Pin=U19-8
Added Pin To Net: NetName=NetR12_2 Pin=U19-10
Added Pin To Net: NetName=GND Pin=U19-11
Added Pin To Net: NetName=H4_IN3 Pin=U19-12
Added Pin To Net: NetName=NetR27_1 Pin=U19-13
Added Pin To Net: NetName=NetR27_2 Pin=U19-14
Added Pin To Net: NetName=NetD4_1 Pin=U20-1
Added Pin To Net: NetName=H4_OUT4 Pin=U20-2
Added Pin To Net: NetName=NetR28_2 Pin=U20-3
Added Pin To Net: NetName=H3_IN3 Pin=U20-5
Added Pin To Net: NetName=NetR29_1 Pin=U20-6
Added Pin To Net: NetName=NetR29_2 Pin=U20-7
Added Pin To Net: NetName=NetR13_2 Pin=U20-8
Added Pin To Net: NetName=NetR13_2 Pin=U20-9
Added Pin To Net: NetName=NetR24_1 Pin=U20-10
Added Pin To Net: NetName=NetR30_2 Pin=U20-12
Added Pin To Net: NetName=H3_OUT4 Pin=U20-13
Added Pin To Net: NetName=NetD5_1 Pin=U20-14
Added Pin To Net: NetName=H4_OUT2 Pin=U21-1
Added Pin To Net: NetName=NetR35_2 Pin=U21-3
Added Pin To Net: NetName=NetR38_2 Pin=U21-5
Added Pin To Net: NetName=H3_OUT2 Pin=U21-7
Added Pin To Net: NetName=NetR36_2 Pin=U21-8
Added Pin To Net: NetName=NetR36_2 Pin=U21-9
Added Pin To Net: NetName=NetR49_1 Pin=U21-10
Added Pin To Net: NetName=NetR33_2 Pin=U21-11
Added Pin To Net: NetName=H6_IN3 Pin=U21-12
Added Pin To Net: NetName=NetR53_1 Pin=U21-13
Added Pin To Net: NetName=NetR53_2 Pin=U21-14
Added Pin To Net: NetName=NetD6_1 Pin=U22-1
Added Pin To Net: NetName=H6_OUT4 Pin=U22-2
Added Pin To Net: NetName=NetR54_2 Pin=U22-3
Added Pin To Net: NetName=H5_IN3 Pin=U22-5
Added Pin To Net: NetName=NetR55_1 Pin=U22-6
Added Pin To Net: NetName=NetR55_2 Pin=U22-7
Added Pin To Net: NetName=NetR39_2 Pin=U22-8
Added Pin To Net: NetName=NetR39_2 Pin=U22-9
Added Pin To Net: NetName=NetR50_1 Pin=U22-10
Added Pin To Net: NetName=NetR56_2 Pin=U22-12
Added Pin To Net: NetName=H5_OUT4 Pin=U22-13
Added Pin To Net: NetName=NetD7_1 Pin=U22-14
Added Pin To Net: NetName=H6_OUT2 Pin=U23-1
Added Pin To Net: NetName=NetR61_2 Pin=U23-3
Added Pin To Net: NetName=NetR64_2 Pin=U23-5
Added Pin To Net: NetName=H5_OUT2 Pin=U23-7
Added Pin To Net: NetName=NetR62_2 Pin=U23-8
Added Pin To Net: NetName=NetR62_2 Pin=U23-9
Added Pin To Net: NetName=NetR75_1 Pin=U23-10
Added Pin To Net: NetName=NetR59_2 Pin=U23-11
Added Pin To Net: NetName=H8_IN3 Pin=U23-12
Added Pin To Net: NetName=NetR79_1 Pin=U23-13
Added Pin To Net: NetName=NetR79_2 Pin=U23-14
Added Pin To Net: NetName=NetD8_1 Pin=U24-1
Added Pin To Net: NetName=H8_OUT4 Pin=U24-2
Added Pin To Net: NetName=NetR80_2 Pin=U24-3
Added Pin To Net: NetName=H7_IN3 Pin=U24-5
Added Pin To Net: NetName=NetR81_1 Pin=U24-6
Added Pin To Net: NetName=NetR81_2 Pin=U24-7
Added Pin To Net: NetName=NetR65_2 Pin=U24-8
Added Pin To Net: NetName=NetR65_2 Pin=U24-9
Added Pin To Net: NetName=NetR76_1 Pin=U24-10
Added Pin To Net: NetName=NetR82_2 Pin=U24-12
Added Pin To Net: NetName=H7_OUT4 Pin=U24-13
Added Pin To Net: NetName=NetD9_1 Pin=U24-14
Added Pin To Net: NetName=H8_OUT2 Pin=U25-1
Added Pin To Net: NetName=NetR87_2 Pin=U25-3
Added Pin To Net: NetName=NetR90_2 Pin=U25-5
Added Pin To Net: NetName=H7_OUT2 Pin=U25-7
Added Pin To Net: NetName=NetR88_2 Pin=U25-8
Added Pin To Net: NetName=NetR88_2 Pin=U25-9
Added Pin To Net: NetName=NetR101_1 Pin=U25-10
Added Pin To Net: NetName=NetR85_2 Pin=U25-11
Added Pin To Net: NetName=NetR91_2 Pin=U26-8
Added Pin To Net: NetName=NetR91_2 Pin=U26-9
Added Pin To Net: NetName=NetR102_1 Pin=U26-10
Added Member To Class: ClassName=´Åµ¼º½20161011 Member=Component U19 TLC2264
Added Member To Class: ClassName=´Åµ¼º½20161011 Member=Component U20 TLC2264
Added Member To Class: ClassName=´Åµ¼º½20161011 Member=Component U21 TLC2264
Added Member To Class: ClassName=´Åµ¼º½20161011 Member=Component U22 TLC2264
Added Member To Class: ClassName=´Åµ¼º½20161011 Member=Component U23 TLC2264
Added Member To Class: ClassName=´Åµ¼º½20161011 Member=Component U24 TLC2264
Added Member To Class: ClassName=´Åµ¼º½20161011 Member=Component U25 TLC2264
Added Member To Class: ClassName=´Åµ¼º½20161011 Member=Component U26 TLC2264
Added Room: Name=´Åµ¼º½20161011
