Change Component Description : Designator=U9 Old Description=Header, 4 New Description=Header, 4-Pin
Change Component Description : Designator=U10 Old Description=Header, 4 New Description=Header, 4-Pin
Change Component Description : Designator=U11 Old Description=Header, 4 New Description=Header, 4-Pin
Change Component Description : Designator=U12 Old Description=Header, 4 New Description=Header, 4-Pin
Change Component Description : Designator=U13 Old Description=Header, 4 New Description=Header, 4-Pin
Change Component Description : Designator=U14 Old Description=Header, 4 New Description=Header, 4-Pin
Change Component Description : Designator=U15 Old Description=Header, 4 New Description=Header, 4-Pin
Change Component Description : Designator=U16 Old Description=Header, 4 New Description=Header, 4-Pin
Added Component: Designator=U17(PIN4)
Added Component: Designator=U18(PIN4)
Added Component: Designator=U19(PIN4)
Added Component: Designator=U20(PIN4)
Added Component: Designator=U21(PIN4)
Added Component: Designator=U22(PIN4)
Added Component: Designator=U23(PIN4)
Added Component: Designator=U24(PIN4)
Added Component: Designator=U25(SOT-23-4)
Added Component: Designator=U26(SOT-23-4)
Added Component: Designator=U27(SOT-23-4)
Added Component: Designator=U28(SOT-23-4)
Added Component: Designator=U29(SOT-23-4)
Added Component: Designator=U30(SOT-23-4)
Added Component: Designator=U31(SOT-23-4)
Added Component: Designator=U32(SOT-23-4)
Added Pin To Net: NetName=H9_IN1 Pin=U17-4
Added Pin To Net: NetName=H9_IN1 Pin=U25-1
Added Net: Name=H9_IN1
Added Pin To Net: NetName=H9_IN3 Pin=U17-2
Added Pin To Net: NetName=H9_IN3 Pin=U25-3
Added Net: Name=H9_IN3
Added Pin To Net: NetName=H9_OUT2 Pin=U17-3
Added Pin To Net: NetName=H9_OUT2 Pin=U25-2
Added Net: Name=H9_OUT2
Added Pin To Net: NetName=H9_OUT4 Pin=U17-1
Added Pin To Net: NetName=H9_OUT4 Pin=U25-4
Added Net: Name=H9_OUT4
Added Pin To Net: NetName=H10_IN1 Pin=U18-4
Added Pin To Net: NetName=H10_IN1 Pin=U26-1
Added Net: Name=H10_IN1
Added Pin To Net: NetName=H10_IN3 Pin=U18-2
Added Pin To Net: NetName=H10_IN3 Pin=U26-3
Added Net: Name=H10_IN3
Added Pin To Net: NetName=H10_OUT2 Pin=U18-3
Added Pin To Net: NetName=H10_OUT2 Pin=U26-2
Added Net: Name=H10_OUT2
Added Pin To Net: NetName=H10_OUT4 Pin=U18-1
Added Pin To Net: NetName=H10_OUT4 Pin=U26-4
Added Net: Name=H10_OUT4
Added Pin To Net: NetName=H11_IN1 Pin=U19-4
Added Pin To Net: NetName=H11_IN1 Pin=U27-1
Added Net: Name=H11_IN1
Added Pin To Net: NetName=H11_IN3 Pin=U19-2
Added Pin To Net: NetName=H11_IN3 Pin=U27-3
Added Net: Name=H11_IN3
Added Pin To Net: NetName=H11_OUT2 Pin=U19-3
Added Pin To Net: NetName=H11_OUT2 Pin=U27-2
Added Net: Name=H11_OUT2
Added Pin To Net: NetName=H11_OUT4 Pin=U19-1
Added Pin To Net: NetName=H11_OUT4 Pin=U27-4
Added Net: Name=H11_OUT4
Added Pin To Net: NetName=H12_IN1 Pin=U20-4
Added Pin To Net: NetName=H12_IN1 Pin=U28-1
Added Net: Name=H12_IN1
Added Pin To Net: NetName=H12_IN3 Pin=U20-2
Added Pin To Net: NetName=H12_IN3 Pin=U28-3
Added Net: Name=H12_IN3
Added Pin To Net: NetName=H12_OUT2 Pin=U20-3
Added Pin To Net: NetName=H12_OUT2 Pin=U28-2
Added Net: Name=H12_OUT2
Added Pin To Net: NetName=H12_OUT4 Pin=U28-4
Added Net: Name=H12_OUT4
Added Pin To Net: NetName=H12OUT4 Pin=U20-1
Added Net: Name=H12OUT4
Added Pin To Net: NetName=H13_IN1 Pin=U21-4
Added Pin To Net: NetName=H13_IN1 Pin=U29-1
Added Net: Name=H13_IN1
Added Pin To Net: NetName=H13_IN3 Pin=U21-2
Added Pin To Net: NetName=H13_IN3 Pin=U29-3
Added Net: Name=H13_IN3
Added Pin To Net: NetName=H13_OUT2 Pin=U21-3
Added Pin To Net: NetName=H13_OUT2 Pin=U29-2
Added Net: Name=H13_OUT2
Added Pin To Net: NetName=H13_OUT4 Pin=U21-1
Added Pin To Net: NetName=H13_OUT4 Pin=U29-4
Added Net: Name=H13_OUT4
Added Pin To Net: NetName=H14_IN1 Pin=U22-4
Added Pin To Net: NetName=H14_IN1 Pin=U30-1
Added Net: Name=H14_IN1
Added Pin To Net: NetName=H14_IN3 Pin=U22-2
Added Pin To Net: NetName=H14_IN3 Pin=U30-3
Added Net: Name=H14_IN3
Added Pin To Net: NetName=H14_OUT2 Pin=U22-3
Added Pin To Net: NetName=H14_OUT2 Pin=U30-2
Added Net: Name=H14_OUT2
Added Pin To Net: NetName=H14_OUT4 Pin=U22-1
Added Pin To Net: NetName=H14_OUT4 Pin=U30-4
Added Net: Name=H14_OUT4
Added Pin To Net: NetName=H15_IN1 Pin=U23-4
Added Pin To Net: NetName=H15_IN1 Pin=U31-1
Added Net: Name=H15_IN1
Added Pin To Net: NetName=H15_IN3 Pin=U23-2
Added Pin To Net: NetName=H15_IN3 Pin=U31-3
Added Net: Name=H15_IN3
Added Pin To Net: NetName=H15_OUT2 Pin=U23-3
Added Pin To Net: NetName=H15_OUT2 Pin=U31-2
Added Net: Name=H15_OUT2
Added Pin To Net: NetName=H15_OUT4 Pin=U23-1
Added Pin To Net: NetName=H15_OUT4 Pin=U31-4
Added Net: Name=H15_OUT4
Added Pin To Net: NetName=H16_IN1 Pin=U24-4
Added Pin To Net: NetName=H16_IN1 Pin=U32-1
Added Net: Name=H16_IN1
Added Pin To Net: NetName=H16_IN3 Pin=U24-2
Added Pin To Net: NetName=H16_IN3 Pin=U32-3
Added Net: Name=H16_IN3
Added Pin To Net: NetName=H16_OUT2 Pin=U24-3
Added Pin To Net: NetName=H16_OUT2 Pin=U32-2
Added Net: Name=H16_OUT2
Added Pin To Net: NetName=H16_OUT4 Pin=U24-1
Added Pin To Net: NetName=H16_OUT4 Pin=U32-4
Added Net: Name=H16_OUT4
Added Member To Class: ClassName=¼ì²â°å Member=Component U17 Header 4
Added Member To Class: ClassName=¼ì²â°å Member=Component U18 Header 4
Added Member To Class: ClassName=¼ì²â°å Member=Component U19 Header 4
Added Member To Class: ClassName=¼ì²â°å Member=Component U20 Header 4
Added Member To Class: ClassName=¼ì²â°å Member=Component U21 Header 4
Added Member To Class: ClassName=¼ì²â°å Member=Component U22 Header 4
Added Member To Class: ClassName=¼ì²â°å Member=Component U23 Header 4
Added Member To Class: ClassName=¼ì²â°å Member=Component U24 Header 4
Added Member To Class: ClassName=¼ì²â°å Member=Component U25 HW-101A
Added Member To Class: ClassName=¼ì²â°å Member=Component U26 HW-101A
Added Member To Class: ClassName=¼ì²â°å Member=Component U27 HW-101A
Added Member To Class: ClassName=¼ì²â°å Member=Component U28 HW-101A
Added Member To Class: ClassName=¼ì²â°å Member=Component U29 HW-101A
Added Member To Class: ClassName=¼ì²â°å Member=Component U30 HW-101A
Added Member To Class: ClassName=¼ì²â°å Member=Component U31 HW-101A
Added Member To Class: ClassName=¼ì²â°å Member=Component U32 HW-101A
